ARM GAS  C:\Users\user\AppData\Local\Temp\ccTv7q1j.s 			page 1


   1              		.cpu cortex-m0
   2              		.fpu softvfp
   3              		.eabi_attribute 20, 1
   4              		.eabi_attribute 21, 1
   5              		.eabi_attribute 23, 3
   6              		.eabi_attribute 24, 1
   7              		.eabi_attribute 25, 1
   8              		.eabi_attribute 26, 1
   9              		.eabi_attribute 30, 4
  10              		.eabi_attribute 34, 0
  11              		.eabi_attribute 18, 4
  12              		.code	16
  13              		.file	"cyfitter_cfg.c"
  14              		.text
  15              	.Ltext0:
  16              		.cfi_sections	.debug_frame
  17              		.section	.psocinit,"ax",%progbits
  18              		.align	1
  19              		.global	cyfitter_cfg
  20              		.code	16
  21              		.thumb_func
  22              		.type	cyfitter_cfg, %function
  23              	cyfitter_cfg:
  24              	.LFB8:
  25              		.file 1 ".\\Generated_Source\\PSoC4\\cyfitter_cfg.c"
   1:.\Generated_Source\PSoC4/cyfitter_cfg.c **** /*******************************************************************************
   2:.\Generated_Source\PSoC4/cyfitter_cfg.c **** * FILENAME: cyfitter_cfg.c
   3:.\Generated_Source\PSoC4/cyfitter_cfg.c **** * 
   4:.\Generated_Source\PSoC4/cyfitter_cfg.c **** * PSoC Creator  3.2
   5:.\Generated_Source\PSoC4/cyfitter_cfg.c **** *
   6:.\Generated_Source\PSoC4/cyfitter_cfg.c **** * DESCRIPTION:
   7:.\Generated_Source\PSoC4/cyfitter_cfg.c **** * This file contains device initialization code.
   8:.\Generated_Source\PSoC4/cyfitter_cfg.c **** * Except for the user defined sections in CyClockStartupError(), this file should not be modified.
   9:.\Generated_Source\PSoC4/cyfitter_cfg.c **** * This file is automatically generated by PSoC Creator.
  10:.\Generated_Source\PSoC4/cyfitter_cfg.c **** *
  11:.\Generated_Source\PSoC4/cyfitter_cfg.c **** ********************************************************************************
  12:.\Generated_Source\PSoC4/cyfitter_cfg.c **** * Copyright (c) 2007-2015 Cypress Semiconductor.  All rights reserved.
  13:.\Generated_Source\PSoC4/cyfitter_cfg.c **** * You may use this file only in accordance with the license, terms, conditions, 
  14:.\Generated_Source\PSoC4/cyfitter_cfg.c **** * disclaimers, and limitations in the end user license agreement accompanying 
  15:.\Generated_Source\PSoC4/cyfitter_cfg.c **** * the software package with which this file was provided.
  16:.\Generated_Source\PSoC4/cyfitter_cfg.c **** ********************************************************************************/
  17:.\Generated_Source\PSoC4/cyfitter_cfg.c **** 
  18:.\Generated_Source\PSoC4/cyfitter_cfg.c **** #include <string.h>
  19:.\Generated_Source\PSoC4/cyfitter_cfg.c **** #include "cytypes.h"
  20:.\Generated_Source\PSoC4/cyfitter_cfg.c **** #include "cydevice_trm.h"
  21:.\Generated_Source\PSoC4/cyfitter_cfg.c **** #include "cyfitter.h"
  22:.\Generated_Source\PSoC4/cyfitter_cfg.c **** #include "CyLib.h"
  23:.\Generated_Source\PSoC4/cyfitter_cfg.c **** #include "cyfitter_cfg.h"
  24:.\Generated_Source\PSoC4/cyfitter_cfg.c **** 
  25:.\Generated_Source\PSoC4/cyfitter_cfg.c **** 
  26:.\Generated_Source\PSoC4/cyfitter_cfg.c **** #if defined(__GNUC__) || defined(__ARMCC_VERSION)
  27:.\Generated_Source\PSoC4/cyfitter_cfg.c ****     #define CYPACKED 
  28:.\Generated_Source\PSoC4/cyfitter_cfg.c ****     #define CYPACKED_ATTR __attribute__ ((packed))
  29:.\Generated_Source\PSoC4/cyfitter_cfg.c ****     #define CYALIGNED __attribute__ ((aligned))
  30:.\Generated_Source\PSoC4/cyfitter_cfg.c ****     #define CY_CFG_UNUSED __attribute__ ((unused))
  31:.\Generated_Source\PSoC4/cyfitter_cfg.c ****     #define CY_CFG_SECTION __attribute__ ((section(".psocinit")))
  32:.\Generated_Source\PSoC4/cyfitter_cfg.c ****     
ARM GAS  C:\Users\user\AppData\Local\Temp\ccTv7q1j.s 			page 2


  33:.\Generated_Source\PSoC4/cyfitter_cfg.c ****     #if defined(__ARMCC_VERSION)
  34:.\Generated_Source\PSoC4/cyfitter_cfg.c ****         #define CY_CFG_MEMORY_BARRIER() __memory_changed()
  35:.\Generated_Source\PSoC4/cyfitter_cfg.c ****     #else
  36:.\Generated_Source\PSoC4/cyfitter_cfg.c ****         #define CY_CFG_MEMORY_BARRIER() __sync_synchronize()
  37:.\Generated_Source\PSoC4/cyfitter_cfg.c ****     #endif
  38:.\Generated_Source\PSoC4/cyfitter_cfg.c ****     
  39:.\Generated_Source\PSoC4/cyfitter_cfg.c **** #elif defined(__ICCARM__)
  40:.\Generated_Source\PSoC4/cyfitter_cfg.c ****     #include <intrinsics.h>
  41:.\Generated_Source\PSoC4/cyfitter_cfg.c **** 
  42:.\Generated_Source\PSoC4/cyfitter_cfg.c ****     #define CYPACKED __packed
  43:.\Generated_Source\PSoC4/cyfitter_cfg.c ****     #define CYPACKED_ATTR 
  44:.\Generated_Source\PSoC4/cyfitter_cfg.c ****     #define CYALIGNED _Pragma("data_alignment=4")
  45:.\Generated_Source\PSoC4/cyfitter_cfg.c ****     #define CY_CFG_UNUSED _Pragma("diag_suppress=Pe177")
  46:.\Generated_Source\PSoC4/cyfitter_cfg.c ****     #define CY_CFG_SECTION _Pragma("location=\".psocinit\"")
  47:.\Generated_Source\PSoC4/cyfitter_cfg.c ****     
  48:.\Generated_Source\PSoC4/cyfitter_cfg.c ****     #define CY_CFG_MEMORY_BARRIER() __DMB()
  49:.\Generated_Source\PSoC4/cyfitter_cfg.c ****     
  50:.\Generated_Source\PSoC4/cyfitter_cfg.c **** #else
  51:.\Generated_Source\PSoC4/cyfitter_cfg.c ****     #error Unsupported toolchain
  52:.\Generated_Source\PSoC4/cyfitter_cfg.c **** #endif
  53:.\Generated_Source\PSoC4/cyfitter_cfg.c **** 
  54:.\Generated_Source\PSoC4/cyfitter_cfg.c **** 
  55:.\Generated_Source\PSoC4/cyfitter_cfg.c **** CY_CFG_UNUSED
  56:.\Generated_Source\PSoC4/cyfitter_cfg.c **** static void CYMEMZERO(void *s, size_t n);
  57:.\Generated_Source\PSoC4/cyfitter_cfg.c **** CY_CFG_UNUSED
  58:.\Generated_Source\PSoC4/cyfitter_cfg.c **** static void CYMEMZERO(void *s, size_t n)
  59:.\Generated_Source\PSoC4/cyfitter_cfg.c **** {
  60:.\Generated_Source\PSoC4/cyfitter_cfg.c **** 	(void)memset(s, 0, n);
  61:.\Generated_Source\PSoC4/cyfitter_cfg.c **** }
  62:.\Generated_Source\PSoC4/cyfitter_cfg.c **** CY_CFG_UNUSED
  63:.\Generated_Source\PSoC4/cyfitter_cfg.c **** static void CYCONFIGCPY(void *dest, const void *src, size_t n);
  64:.\Generated_Source\PSoC4/cyfitter_cfg.c **** CY_CFG_UNUSED
  65:.\Generated_Source\PSoC4/cyfitter_cfg.c **** static void CYCONFIGCPY(void *dest, const void *src, size_t n)
  66:.\Generated_Source\PSoC4/cyfitter_cfg.c **** {
  67:.\Generated_Source\PSoC4/cyfitter_cfg.c **** 	(void)memcpy(dest, src, n);
  68:.\Generated_Source\PSoC4/cyfitter_cfg.c **** }
  69:.\Generated_Source\PSoC4/cyfitter_cfg.c **** CY_CFG_UNUSED
  70:.\Generated_Source\PSoC4/cyfitter_cfg.c **** static void CYCONFIGCPYCODE(void *dest, const void *src, size_t n);
  71:.\Generated_Source\PSoC4/cyfitter_cfg.c **** CY_CFG_UNUSED
  72:.\Generated_Source\PSoC4/cyfitter_cfg.c **** static void CYCONFIGCPYCODE(void *dest, const void *src, size_t n)
  73:.\Generated_Source\PSoC4/cyfitter_cfg.c **** {
  74:.\Generated_Source\PSoC4/cyfitter_cfg.c **** 	(void)memcpy(dest, src, n);
  75:.\Generated_Source\PSoC4/cyfitter_cfg.c **** }
  76:.\Generated_Source\PSoC4/cyfitter_cfg.c **** 
  77:.\Generated_Source\PSoC4/cyfitter_cfg.c **** 
  78:.\Generated_Source\PSoC4/cyfitter_cfg.c **** 
  79:.\Generated_Source\PSoC4/cyfitter_cfg.c **** /* Clock startup error codes                                                   */
  80:.\Generated_Source\PSoC4/cyfitter_cfg.c **** #define CYCLOCKSTART_NO_ERROR    0u
  81:.\Generated_Source\PSoC4/cyfitter_cfg.c **** #define CYCLOCKSTART_XTAL_ERROR  1u
  82:.\Generated_Source\PSoC4/cyfitter_cfg.c **** #define CYCLOCKSTART_32KHZ_ERROR 2u
  83:.\Generated_Source\PSoC4/cyfitter_cfg.c **** #define CYCLOCKSTART_PLL_ERROR   3u
  84:.\Generated_Source\PSoC4/cyfitter_cfg.c **** 
  85:.\Generated_Source\PSoC4/cyfitter_cfg.c **** #ifdef CY_NEED_CYCLOCKSTARTUPERROR
  86:.\Generated_Source\PSoC4/cyfitter_cfg.c **** /*******************************************************************************
  87:.\Generated_Source\PSoC4/cyfitter_cfg.c **** * Function Name: CyClockStartupError
  88:.\Generated_Source\PSoC4/cyfitter_cfg.c **** ********************************************************************************
  89:.\Generated_Source\PSoC4/cyfitter_cfg.c **** * Summary:
ARM GAS  C:\Users\user\AppData\Local\Temp\ccTv7q1j.s 			page 3


  90:.\Generated_Source\PSoC4/cyfitter_cfg.c **** *  If an error is encountered during clock configuration (crystal startup error,
  91:.\Generated_Source\PSoC4/cyfitter_cfg.c **** *  PLL lock error, etc.), the system will end up here.  Unless reimplemented by
  92:.\Generated_Source\PSoC4/cyfitter_cfg.c **** *  the customer, this function will stop in an infinite loop.
  93:.\Generated_Source\PSoC4/cyfitter_cfg.c **** *
  94:.\Generated_Source\PSoC4/cyfitter_cfg.c **** * Parameters:
  95:.\Generated_Source\PSoC4/cyfitter_cfg.c **** *   void
  96:.\Generated_Source\PSoC4/cyfitter_cfg.c **** *
  97:.\Generated_Source\PSoC4/cyfitter_cfg.c **** * Return:
  98:.\Generated_Source\PSoC4/cyfitter_cfg.c **** *   void
  99:.\Generated_Source\PSoC4/cyfitter_cfg.c **** *
 100:.\Generated_Source\PSoC4/cyfitter_cfg.c **** *******************************************************************************/
 101:.\Generated_Source\PSoC4/cyfitter_cfg.c **** CY_CFG_UNUSED
 102:.\Generated_Source\PSoC4/cyfitter_cfg.c **** static void CyClockStartupError(uint8 errorCode);
 103:.\Generated_Source\PSoC4/cyfitter_cfg.c **** CY_CFG_UNUSED
 104:.\Generated_Source\PSoC4/cyfitter_cfg.c **** static void CyClockStartupError(uint8 errorCode)
 105:.\Generated_Source\PSoC4/cyfitter_cfg.c **** {
 106:.\Generated_Source\PSoC4/cyfitter_cfg.c ****     /* To remove the compiler warning if errorCode not used.                */
 107:.\Generated_Source\PSoC4/cyfitter_cfg.c ****     errorCode = errorCode;
 108:.\Generated_Source\PSoC4/cyfitter_cfg.c **** 
 109:.\Generated_Source\PSoC4/cyfitter_cfg.c ****     /* `#START CyClockStartupError` */
 110:.\Generated_Source\PSoC4/cyfitter_cfg.c **** 
 111:.\Generated_Source\PSoC4/cyfitter_cfg.c ****     /* If we have a clock startup error (bad MHz crystal, PLL lock, etc.),  */
 112:.\Generated_Source\PSoC4/cyfitter_cfg.c ****     /* we will end up here to allow the customer to implement something to  */
 113:.\Generated_Source\PSoC4/cyfitter_cfg.c ****     /* deal with the clock condition.                                       */
 114:.\Generated_Source\PSoC4/cyfitter_cfg.c **** 
 115:.\Generated_Source\PSoC4/cyfitter_cfg.c ****     /* `#END` */
 116:.\Generated_Source\PSoC4/cyfitter_cfg.c **** 
 117:.\Generated_Source\PSoC4/cyfitter_cfg.c ****     /* If nothing else, stop here since the clocks have not started         */
 118:.\Generated_Source\PSoC4/cyfitter_cfg.c ****     /* correctly.                                                           */
 119:.\Generated_Source\PSoC4/cyfitter_cfg.c ****     while(1) {}
 120:.\Generated_Source\PSoC4/cyfitter_cfg.c **** }
 121:.\Generated_Source\PSoC4/cyfitter_cfg.c **** #endif
 122:.\Generated_Source\PSoC4/cyfitter_cfg.c **** 
 123:.\Generated_Source\PSoC4/cyfitter_cfg.c **** #define CY_CFG_BASE_ADDR_COUNT 1u
 124:.\Generated_Source\PSoC4/cyfitter_cfg.c **** CYPACKED typedef struct
 125:.\Generated_Source\PSoC4/cyfitter_cfg.c **** {
 126:.\Generated_Source\PSoC4/cyfitter_cfg.c **** 	uint8 offset;
 127:.\Generated_Source\PSoC4/cyfitter_cfg.c **** 	uint8 value;
 128:.\Generated_Source\PSoC4/cyfitter_cfg.c **** } CYPACKED_ATTR cy_cfg_addrvalue_t;
 129:.\Generated_Source\PSoC4/cyfitter_cfg.c **** 
 130:.\Generated_Source\PSoC4/cyfitter_cfg.c **** 
 131:.\Generated_Source\PSoC4/cyfitter_cfg.c **** 
 132:.\Generated_Source\PSoC4/cyfitter_cfg.c **** /*******************************************************************************
 133:.\Generated_Source\PSoC4/cyfitter_cfg.c **** * Function Name: cfg_write_bytes32
 134:.\Generated_Source\PSoC4/cyfitter_cfg.c **** ********************************************************************************
 135:.\Generated_Source\PSoC4/cyfitter_cfg.c **** * Summary:
 136:.\Generated_Source\PSoC4/cyfitter_cfg.c **** *  This function is used for setting up the chip configuration areas that
 137:.\Generated_Source\PSoC4/cyfitter_cfg.c **** *  contain relatively sparse data.
 138:.\Generated_Source\PSoC4/cyfitter_cfg.c **** *
 139:.\Generated_Source\PSoC4/cyfitter_cfg.c **** * Parameters:
 140:.\Generated_Source\PSoC4/cyfitter_cfg.c **** *   void
 141:.\Generated_Source\PSoC4/cyfitter_cfg.c **** *
 142:.\Generated_Source\PSoC4/cyfitter_cfg.c **** * Return:
 143:.\Generated_Source\PSoC4/cyfitter_cfg.c **** *   void
 144:.\Generated_Source\PSoC4/cyfitter_cfg.c **** *
 145:.\Generated_Source\PSoC4/cyfitter_cfg.c **** *******************************************************************************/
 146:.\Generated_Source\PSoC4/cyfitter_cfg.c **** static void cfg_write_bytes32(const uint32 addr_table[], const cy_cfg_addrvalue_t data_table[]);
ARM GAS  C:\Users\user\AppData\Local\Temp\ccTv7q1j.s 			page 4


 147:.\Generated_Source\PSoC4/cyfitter_cfg.c **** static void cfg_write_bytes32(const uint32 addr_table[], const cy_cfg_addrvalue_t data_table[])
 148:.\Generated_Source\PSoC4/cyfitter_cfg.c **** {
 149:.\Generated_Source\PSoC4/cyfitter_cfg.c **** 	/* For 32-bit little-endian architectures */
 150:.\Generated_Source\PSoC4/cyfitter_cfg.c **** 	uint32 i, j = 0u;
 151:.\Generated_Source\PSoC4/cyfitter_cfg.c **** 	for (i = 0u; i < CY_CFG_BASE_ADDR_COUNT; i++)
 152:.\Generated_Source\PSoC4/cyfitter_cfg.c **** 	{
 153:.\Generated_Source\PSoC4/cyfitter_cfg.c **** 		uint32 baseAddr = addr_table[i];
 154:.\Generated_Source\PSoC4/cyfitter_cfg.c **** 		uint8 count = (uint8)baseAddr;
 155:.\Generated_Source\PSoC4/cyfitter_cfg.c **** 		baseAddr &= 0xFFFFFF00u;
 156:.\Generated_Source\PSoC4/cyfitter_cfg.c **** 		while (count != 0u)
 157:.\Generated_Source\PSoC4/cyfitter_cfg.c **** 		{
 158:.\Generated_Source\PSoC4/cyfitter_cfg.c **** 			CY_SET_XTND_REG8((void CYFAR *)(baseAddr + data_table[j].offset), data_table[j].value);
 159:.\Generated_Source\PSoC4/cyfitter_cfg.c **** 			j++;
 160:.\Generated_Source\PSoC4/cyfitter_cfg.c **** 			count--;
 161:.\Generated_Source\PSoC4/cyfitter_cfg.c **** 		}
 162:.\Generated_Source\PSoC4/cyfitter_cfg.c **** 	}
 163:.\Generated_Source\PSoC4/cyfitter_cfg.c **** }
 164:.\Generated_Source\PSoC4/cyfitter_cfg.c **** 
 165:.\Generated_Source\PSoC4/cyfitter_cfg.c **** 
 166:.\Generated_Source\PSoC4/cyfitter_cfg.c **** /*******************************************************************************
 167:.\Generated_Source\PSoC4/cyfitter_cfg.c **** * Function Name: ClockSetup
 168:.\Generated_Source\PSoC4/cyfitter_cfg.c **** ********************************************************************************
 169:.\Generated_Source\PSoC4/cyfitter_cfg.c **** *
 170:.\Generated_Source\PSoC4/cyfitter_cfg.c **** * Summary:
 171:.\Generated_Source\PSoC4/cyfitter_cfg.c **** *   Performs the initialization of all of the clocks in the device based on the
 172:.\Generated_Source\PSoC4/cyfitter_cfg.c **** *   settings in the Clock tab of the DWR.  This includes enabling the requested
 173:.\Generated_Source\PSoC4/cyfitter_cfg.c **** *   clocks and setting the necessary dividers to produce the desired frequency. 
 174:.\Generated_Source\PSoC4/cyfitter_cfg.c **** *
 175:.\Generated_Source\PSoC4/cyfitter_cfg.c **** * Parameters:
 176:.\Generated_Source\PSoC4/cyfitter_cfg.c **** *   void
 177:.\Generated_Source\PSoC4/cyfitter_cfg.c **** *
 178:.\Generated_Source\PSoC4/cyfitter_cfg.c **** * Return:
 179:.\Generated_Source\PSoC4/cyfitter_cfg.c **** *   void
 180:.\Generated_Source\PSoC4/cyfitter_cfg.c **** *
 181:.\Generated_Source\PSoC4/cyfitter_cfg.c **** *******************************************************************************/
 182:.\Generated_Source\PSoC4/cyfitter_cfg.c **** static void ClockSetup(void);
 183:.\Generated_Source\PSoC4/cyfitter_cfg.c **** CY_CFG_SECTION
 184:.\Generated_Source\PSoC4/cyfitter_cfg.c **** static void ClockSetup(void)
 185:.\Generated_Source\PSoC4/cyfitter_cfg.c **** {
 186:.\Generated_Source\PSoC4/cyfitter_cfg.c **** 
 187:.\Generated_Source\PSoC4/cyfitter_cfg.c **** 	/* Set Flash Cycles based on max possible frequency in case a glitch occurs during ClockSetup(). *
 188:.\Generated_Source\PSoC4/cyfitter_cfg.c **** 	CY_SET_REG32((void CYXDATA *)(CYREG_CPUSS_FLASH_CTL), (0x0012u));
 189:.\Generated_Source\PSoC4/cyfitter_cfg.c **** 
 190:.\Generated_Source\PSoC4/cyfitter_cfg.c **** 	/* Start the WCO */
 191:.\Generated_Source\PSoC4/cyfitter_cfg.c **** 	CySysClkWcoStart();
 192:.\Generated_Source\PSoC4/cyfitter_cfg.c **** 	CyDelayCycles(12000000u); /* WCO may take up to 500ms to start */
 193:.\Generated_Source\PSoC4/cyfitter_cfg.c **** 	(void)CySysClkWcoSetPowerMode(CY_SYS_CLK_WCO_LPM);    /* Switch to the low power mode */
 194:.\Generated_Source\PSoC4/cyfitter_cfg.c **** 
 195:.\Generated_Source\PSoC4/cyfitter_cfg.c **** 	/* Setup and trim IMO based on desired frequency. */
 196:.\Generated_Source\PSoC4/cyfitter_cfg.c **** 	CySysClkWriteImoFreq(12u);
 197:.\Generated_Source\PSoC4/cyfitter_cfg.c **** 	/* CYDEV_CLK_ILO_CONFIG Starting address: CYDEV_CLK_ILO_CONFIG */
 198:.\Generated_Source\PSoC4/cyfitter_cfg.c **** 	CY_SET_XTND_REG32((void CYFAR *)(CYREG_CLK_ILO_CONFIG), 0x80000006u);
 199:.\Generated_Source\PSoC4/cyfitter_cfg.c **** 
 200:.\Generated_Source\PSoC4/cyfitter_cfg.c **** 	/* CYDEV_WDT_CONFIG Starting address: CYDEV_WDT_CONFIG */
 201:.\Generated_Source\PSoC4/cyfitter_cfg.c **** 	CY_SET_XTND_REG32((void CYFAR *)(CYREG_WDT_CONFIG), 0x40000000u);
 202:.\Generated_Source\PSoC4/cyfitter_cfg.c **** 
 203:.\Generated_Source\PSoC4/cyfitter_cfg.c **** 
ARM GAS  C:\Users\user\AppData\Local\Temp\ccTv7q1j.s 			page 5


 204:.\Generated_Source\PSoC4/cyfitter_cfg.c **** 	/* Enable fast start mode for XO */
 205:.\Generated_Source\PSoC4/cyfitter_cfg.c **** 	CY_SET_REG32((void*)CYREG_BLE_BLERD_BB_XO, CY_GET_REG32((void*)CYREG_BLE_BLERD_BB_XO) | (uint32)0x
 206:.\Generated_Source\PSoC4/cyfitter_cfg.c **** 	CY_SET_XTND_REG32((void CYFAR *)(CYREG_BLE_BLERD_BB_XO_CAPTRIM), 0x00003E2Du);
 207:.\Generated_Source\PSoC4/cyfitter_cfg.c **** 	/* Disable Crystal Stable Interrupt before enabling ECO */
 208:.\Generated_Source\PSoC4/cyfitter_cfg.c **** 	CY_SET_REG32((void*)CYREG_BLE_BLESS_LL_DSM_CTRL, CY_GET_REG32((void*)CYREG_BLE_BLESS_LL_DSM_CTRL) 
 209:.\Generated_Source\PSoC4/cyfitter_cfg.c **** 	/* Start the ECO and do not check status since it is not needed for HFCLK */
 210:.\Generated_Source\PSoC4/cyfitter_cfg.c **** 	(void)CySysClkEcoStart(2000u);
 211:.\Generated_Source\PSoC4/cyfitter_cfg.c **** 	CyDelayUs(1500u); /* Wait to stabalize */
 212:.\Generated_Source\PSoC4/cyfitter_cfg.c **** 
 213:.\Generated_Source\PSoC4/cyfitter_cfg.c **** 	/* Setup phase aligned clocks */
 214:.\Generated_Source\PSoC4/cyfitter_cfg.c **** 
 215:.\Generated_Source\PSoC4/cyfitter_cfg.c **** 	/* CYDEV_CLK_IMO_CONFIG Starting address: CYDEV_CLK_IMO_CONFIG */
 216:.\Generated_Source\PSoC4/cyfitter_cfg.c **** 	CY_SET_XTND_REG32((void CYFAR *)(CYREG_CLK_IMO_CONFIG), 0x80000000u);
 217:.\Generated_Source\PSoC4/cyfitter_cfg.c **** 
 218:.\Generated_Source\PSoC4/cyfitter_cfg.c **** 	CY_SET_XTND_REG32((void CYFAR *)(CYREG_WDT_CONFIG), 0x40000000u);
 219:.\Generated_Source\PSoC4/cyfitter_cfg.c **** 	/* Set Flash Cycles based on newly configured 12.00MHz HFCLK. */
 220:.\Generated_Source\PSoC4/cyfitter_cfg.c **** 	CY_SET_REG32((void CYXDATA *)(CYREG_CPUSS_FLASH_CTL), (0x0000u));
 221:.\Generated_Source\PSoC4/cyfitter_cfg.c **** }
 222:.\Generated_Source\PSoC4/cyfitter_cfg.c **** 
 223:.\Generated_Source\PSoC4/cyfitter_cfg.c **** 
 224:.\Generated_Source\PSoC4/cyfitter_cfg.c **** /* Analog API Functions */
 225:.\Generated_Source\PSoC4/cyfitter_cfg.c **** 
 226:.\Generated_Source\PSoC4/cyfitter_cfg.c **** 
 227:.\Generated_Source\PSoC4/cyfitter_cfg.c **** /*******************************************************************************
 228:.\Generated_Source\PSoC4/cyfitter_cfg.c **** * Function Name: AnalogSetDefault
 229:.\Generated_Source\PSoC4/cyfitter_cfg.c **** ********************************************************************************
 230:.\Generated_Source\PSoC4/cyfitter_cfg.c **** *
 231:.\Generated_Source\PSoC4/cyfitter_cfg.c **** * Summary:
 232:.\Generated_Source\PSoC4/cyfitter_cfg.c **** *  Sets up the analog portions of the chip to default values based on chip
 233:.\Generated_Source\PSoC4/cyfitter_cfg.c **** *  configuration options from the project.
 234:.\Generated_Source\PSoC4/cyfitter_cfg.c **** *
 235:.\Generated_Source\PSoC4/cyfitter_cfg.c **** * Parameters:
 236:.\Generated_Source\PSoC4/cyfitter_cfg.c **** *  void
 237:.\Generated_Source\PSoC4/cyfitter_cfg.c **** *
 238:.\Generated_Source\PSoC4/cyfitter_cfg.c **** * Return:
 239:.\Generated_Source\PSoC4/cyfitter_cfg.c **** *  void
 240:.\Generated_Source\PSoC4/cyfitter_cfg.c **** *
 241:.\Generated_Source\PSoC4/cyfitter_cfg.c **** *******************************************************************************/
 242:.\Generated_Source\PSoC4/cyfitter_cfg.c **** static void AnalogSetDefault(void);
 243:.\Generated_Source\PSoC4/cyfitter_cfg.c **** static void AnalogSetDefault(void)
 244:.\Generated_Source\PSoC4/cyfitter_cfg.c **** {
 245:.\Generated_Source\PSoC4/cyfitter_cfg.c **** 	CY_SET_XTND_REG32((void CYFAR *)CYREG_CTBM0_DFT_CTRL, 0x00000003u);
 246:.\Generated_Source\PSoC4/cyfitter_cfg.c **** 	CY_SET_XTND_REG32((void CYFAR *)CYREG_CTBM1_DFT_CTRL, 0x00000003u);
 247:.\Generated_Source\PSoC4/cyfitter_cfg.c **** 	CY_SET_XTND_REG32((void CYFAR *)CYREG_PASS_DSAB_DSAB_CTRL, 0x00000000u);
 248:.\Generated_Source\PSoC4/cyfitter_cfg.c **** }
 249:.\Generated_Source\PSoC4/cyfitter_cfg.c **** 
 250:.\Generated_Source\PSoC4/cyfitter_cfg.c **** #define CY_AMUX_UNUSED CYREG_CM0_ROM_DWT
 251:.\Generated_Source\PSoC4/cyfitter_cfg.c **** 
 252:.\Generated_Source\PSoC4/cyfitter_cfg.c **** 
 253:.\Generated_Source\PSoC4/cyfitter_cfg.c **** /*******************************************************************************
 254:.\Generated_Source\PSoC4/cyfitter_cfg.c **** * Function Name: cyfitter_cfg
 255:.\Generated_Source\PSoC4/cyfitter_cfg.c **** ********************************************************************************
 256:.\Generated_Source\PSoC4/cyfitter_cfg.c **** * Summary:
 257:.\Generated_Source\PSoC4/cyfitter_cfg.c **** *  This function is called by the start-up code for the selected device. It
 258:.\Generated_Source\PSoC4/cyfitter_cfg.c **** *  performs all of the necessary device configuration based on the design
 259:.\Generated_Source\PSoC4/cyfitter_cfg.c **** *  settings.  This includes settings from the Design Wide Resources (DWR) such
 260:.\Generated_Source\PSoC4/cyfitter_cfg.c **** *  as Clocks and Pins as well as any component configuration that is necessary.
ARM GAS  C:\Users\user\AppData\Local\Temp\ccTv7q1j.s 			page 6


 261:.\Generated_Source\PSoC4/cyfitter_cfg.c **** *
 262:.\Generated_Source\PSoC4/cyfitter_cfg.c **** * Parameters:  
 263:.\Generated_Source\PSoC4/cyfitter_cfg.c **** *   void
 264:.\Generated_Source\PSoC4/cyfitter_cfg.c **** *
 265:.\Generated_Source\PSoC4/cyfitter_cfg.c **** * Return:
 266:.\Generated_Source\PSoC4/cyfitter_cfg.c **** *   void
 267:.\Generated_Source\PSoC4/cyfitter_cfg.c **** *
 268:.\Generated_Source\PSoC4/cyfitter_cfg.c **** *******************************************************************************/
 269:.\Generated_Source\PSoC4/cyfitter_cfg.c **** CY_CFG_SECTION
 270:.\Generated_Source\PSoC4/cyfitter_cfg.c **** void cyfitter_cfg(void)
 271:.\Generated_Source\PSoC4/cyfitter_cfg.c **** {
  26              		.loc 1 271 0
  27              		.cfi_startproc
  28 0000 F8B5     		push	{r3, r4, r5, r6, r7, lr}
  29              		.cfi_def_cfa_offset 24
  30              		.cfi_offset 3, -24
  31              		.cfi_offset 4, -20
  32              		.cfi_offset 5, -16
  33              		.cfi_offset 6, -12
  34              		.cfi_offset 7, -8
  35              		.cfi_offset 14, -4
 272:.\Generated_Source\PSoC4/cyfitter_cfg.c **** 	/* Disable interrupts by default. Let user enable if/when they want. */
 273:.\Generated_Source\PSoC4/cyfitter_cfg.c **** 	CyGlobalIntDisable;
  36              		.loc 1 273 0
  37              	@ 273 ".\Generated_Source\PSoC4\cyfitter_cfg.c" 1
  38 0002 72B6     		CPSID   i
  39              	@ 0 "" 2
 274:.\Generated_Source\PSoC4/cyfitter_cfg.c **** 
 275:.\Generated_Source\PSoC4/cyfitter_cfg.c **** 	CY_SET_XTND_REG32((void CYFAR *)(CYREG_BLE_BLESS_LL_DSM_CTRL), 0x00000000u);
  40              		.loc 1 275 0
  41              		.code	16
  42 0004 3D4D     		ldr	r5, .L2
  43              	.LBB14:
  44              	.LBB15:
  45              	.LBB16:
  46              	.LBB17:
  60:.\Generated_Source\PSoC4/cyfitter_cfg.c **** 	(void)memset(s, 0, n);
  47              		.loc 1 60 0
  48 0006 8026     		mov	r6, #128
  49              	.LBE17:
  50              	.LBE16:
  51              	.LBE15:
  52              	.LBE14:
  53              		.loc 1 275 0
  54 0008 0024     		mov	r4, #0
  55              	.LBB30:
  56              	.LBB22:
  57              	.LBB20:
  58              	.LBB18:
  60:.\Generated_Source\PSoC4/cyfitter_cfg.c **** 	(void)memset(s, 0, n);
  59              		.loc 1 60 0
  60 000a F600     		lsl	r6, r6, #3
  61              	.LBE18:
  62              	.LBE20:
  63              	.LBE22:
  64              	.LBE30:
  65              		.loc 1 275 0
ARM GAS  C:\Users\user\AppData\Local\Temp\ccTv7q1j.s 			page 7


  66 000c 2C60     		str	r4, [r5]
  67              	.LVL0:
  68              	.LBB31:
  69              	.LBB23:
  70              	.LBB21:
  71              	.LBB19:
  60:.\Generated_Source\PSoC4/cyfitter_cfg.c **** 	(void)memset(s, 0, n);
  72              		.loc 1 60 0
  73 000e 211C     		mov	r1, r4
  74 0010 321C     		mov	r2, r6
  75 0012 3B48     		ldr	r0, .L2+4
  76 0014 FFF7FEFF 		bl	memset
  77              	.LVL1:
  78 0018 211C     		mov	r1, r4
  79 001a 321C     		mov	r2, r6
  80 001c 3948     		ldr	r0, .L2+8
  81 001e FFF7FEFF 		bl	memset
  82              	.LVL2:
  83              	.LBE19:
  84              	.LBE21:
  85              	.LBE23:
  86              	.LBB24:
  87              	.LBB25:
  88              	.LBB26:
 158:.\Generated_Source\PSoC4/cyfitter_cfg.c **** 			CY_SET_XTND_REG8((void CYFAR *)(baseAddr + data_table[j].offset), data_table[j].value);
  89              		.loc 1 158 0
  90 0022 394B     		ldr	r3, .L2+12
  91 0024 0126     		mov	r6, #1
  92 0026 1E70     		strb	r6, [r3]
  93              	.LVL3:
  94 0028 384B     		ldr	r3, .L2+16
  95              	.LBE26:
  96              	.LBE25:
  97              	.LBE24:
 276:.\Generated_Source\PSoC4/cyfitter_cfg.c **** 
 277:.\Generated_Source\PSoC4/cyfitter_cfg.c **** 	{
 278:.\Generated_Source\PSoC4/cyfitter_cfg.c **** 		static const uint32 CYCODE cy_cfg_addr_table[] = {
 279:.\Generated_Source\PSoC4/cyfitter_cfg.c **** 			0x400F6002u, /* Base address: 0x400F6000 Count: 2 */
 280:.\Generated_Source\PSoC4/cyfitter_cfg.c **** 		};
 281:.\Generated_Source\PSoC4/cyfitter_cfg.c **** 
 282:.\Generated_Source\PSoC4/cyfitter_cfg.c **** 		static const cy_cfg_addrvalue_t CYCODE cy_cfg_data_table[] = {
 283:.\Generated_Source\PSoC4/cyfitter_cfg.c **** 			{0x02u, 0x01u},
 284:.\Generated_Source\PSoC4/cyfitter_cfg.c **** 			{0x11u, 0x01u},
 285:.\Generated_Source\PSoC4/cyfitter_cfg.c **** 		};
 286:.\Generated_Source\PSoC4/cyfitter_cfg.c **** 
 287:.\Generated_Source\PSoC4/cyfitter_cfg.c **** 
 288:.\Generated_Source\PSoC4/cyfitter_cfg.c **** 
 289:.\Generated_Source\PSoC4/cyfitter_cfg.c **** 		CYPACKED typedef struct {
 290:.\Generated_Source\PSoC4/cyfitter_cfg.c **** 			void CYFAR *address;
 291:.\Generated_Source\PSoC4/cyfitter_cfg.c **** 			uint16 size;
 292:.\Generated_Source\PSoC4/cyfitter_cfg.c **** 		} CYPACKED_ATTR cfg_memset_t;
 293:.\Generated_Source\PSoC4/cyfitter_cfg.c **** 
 294:.\Generated_Source\PSoC4/cyfitter_cfg.c **** 		static const cfg_memset_t CYCODE cfg_memset_list [] = {
 295:.\Generated_Source\PSoC4/cyfitter_cfg.c **** 			/* address, size */
 296:.\Generated_Source\PSoC4/cyfitter_cfg.c **** 			{(void CYFAR *)(CYDEV_UDB_P0_U0_BASE), 1024u},
 297:.\Generated_Source\PSoC4/cyfitter_cfg.c **** 			{(void CYFAR *)(CYDEV_UDB_DSI0_BASE), 1024u},
 298:.\Generated_Source\PSoC4/cyfitter_cfg.c **** 		};
ARM GAS  C:\Users\user\AppData\Local\Temp\ccTv7q1j.s 			page 8


 299:.\Generated_Source\PSoC4/cyfitter_cfg.c **** 
 300:.\Generated_Source\PSoC4/cyfitter_cfg.c **** 		uint8 CYDATA i;
 301:.\Generated_Source\PSoC4/cyfitter_cfg.c **** 
 302:.\Generated_Source\PSoC4/cyfitter_cfg.c **** 		/* Zero out critical memory blocks before beginning configuration */
 303:.\Generated_Source\PSoC4/cyfitter_cfg.c **** 		for (i = 0u; i < (sizeof(cfg_memset_list)/sizeof(cfg_memset_list[0])); i++)
 304:.\Generated_Source\PSoC4/cyfitter_cfg.c **** 		{
 305:.\Generated_Source\PSoC4/cyfitter_cfg.c **** 			const cfg_memset_t CYCODE * CYDATA ms = &cfg_memset_list[i];
 306:.\Generated_Source\PSoC4/cyfitter_cfg.c **** 			CYMEMZERO(ms->address, (size_t)(uint32)(ms->size));
 307:.\Generated_Source\PSoC4/cyfitter_cfg.c **** 		}
 308:.\Generated_Source\PSoC4/cyfitter_cfg.c **** 
 309:.\Generated_Source\PSoC4/cyfitter_cfg.c **** 		cfg_write_bytes32(cy_cfg_addr_table, cy_cfg_data_table);
 310:.\Generated_Source\PSoC4/cyfitter_cfg.c **** 
 311:.\Generated_Source\PSoC4/cyfitter_cfg.c **** 		/* FORCED_HSIOM Starting address: CYDEV_HSIOM_PORT_SEL0 */
 312:.\Generated_Source\PSoC4/cyfitter_cfg.c **** 		CY_SET_XTND_REG32((void CYFAR *)(CYREG_HSIOM_PORT_SEL0), 0x00000000u);
 313:.\Generated_Source\PSoC4/cyfitter_cfg.c **** 
 314:.\Generated_Source\PSoC4/cyfitter_cfg.c **** 		/* IOPINS0_0 Starting address: CYDEV_GPIO_PRT0_PC */
 315:.\Generated_Source\PSoC4/cyfitter_cfg.c **** 		CY_SET_XTND_REG32((void CYFAR *)(CYREG_GPIO_PRT0_PC), 0x00000000u);
 316:.\Generated_Source\PSoC4/cyfitter_cfg.c **** 
 317:.\Generated_Source\PSoC4/cyfitter_cfg.c **** 		/* UDB_PA_2 Starting address: CYDEV_UDB_PA2_BASE */
 318:.\Generated_Source\PSoC4/cyfitter_cfg.c **** 		CY_SET_XTND_REG32((void CYFAR *)(CYDEV_UDB_PA2_BASE), 0x00990000u);
  98              		.loc 1 318 0
  99 002a 394A     		ldr	r2, .L2+20
 100              	.LBB29:
 101              	.LBB28:
 102              	.LBB27:
 158:.\Generated_Source\PSoC4/cyfitter_cfg.c **** 			CY_SET_XTND_REG8((void CYFAR *)(baseAddr + data_table[j].offset), data_table[j].value);
 103              		.loc 1 158 0
 104 002c 1E70     		strb	r6, [r3]
 105              	.LVL4:
 106              	.LBE27:
 107              	.LBE28:
 108              	.LBE29:
 312:.\Generated_Source\PSoC4/cyfitter_cfg.c **** 		CY_SET_XTND_REG32((void CYFAR *)(CYREG_HSIOM_PORT_SEL0), 0x00000000u);
 109              		.loc 1 312 0
 110 002e 394B     		ldr	r3, .L2+24
 319:.\Generated_Source\PSoC4/cyfitter_cfg.c **** 		CY_SET_XTND_REG32((void CYFAR *)(CYREG_UDB_PA2_CFG4), 0x80000000u);
 111              		.loc 1 319 0
 112 0030 8021     		mov	r1, #128
 312:.\Generated_Source\PSoC4/cyfitter_cfg.c **** 		CY_SET_XTND_REG32((void CYFAR *)(CYREG_HSIOM_PORT_SEL0), 0x00000000u);
 113              		.loc 1 312 0
 114 0032 1C60     		str	r4, [r3]
 315:.\Generated_Source\PSoC4/cyfitter_cfg.c **** 		CY_SET_XTND_REG32((void CYFAR *)(CYREG_GPIO_PRT0_PC), 0x00000000u);
 115              		.loc 1 315 0
 116 0034 384B     		ldr	r3, .L2+28
 117              		.loc 1 319 0
 118 0036 0906     		lsl	r1, r1, #24
 315:.\Generated_Source\PSoC4/cyfitter_cfg.c **** 		CY_SET_XTND_REG32((void CYFAR *)(CYREG_GPIO_PRT0_PC), 0x00000000u);
 119              		.loc 1 315 0
 120 0038 1C60     		str	r4, [r3]
 318:.\Generated_Source\PSoC4/cyfitter_cfg.c **** 		CY_SET_XTND_REG32((void CYFAR *)(CYDEV_UDB_PA2_BASE), 0x00990000u);
 121              		.loc 1 318 0
 122 003a 9923     		mov	r3, #153
 123 003c 1B04     		lsl	r3, r3, #16
 124 003e 1360     		str	r3, [r2]
 125              		.loc 1 319 0
 126 0040 364A     		ldr	r2, .L2+32
 320:.\Generated_Source\PSoC4/cyfitter_cfg.c **** 
ARM GAS  C:\Users\user\AppData\Local\Temp\ccTv7q1j.s 			page 9


 321:.\Generated_Source\PSoC4/cyfitter_cfg.c **** 		/* UDB_PA_3 Starting address: CYDEV_UDB_PA3_BASE */
 322:.\Generated_Source\PSoC4/cyfitter_cfg.c **** 		CY_SET_XTND_REG32((void CYFAR *)(CYDEV_UDB_PA3_BASE), 0x00990000u);
 323:.\Generated_Source\PSoC4/cyfitter_cfg.c **** 
 324:.\Generated_Source\PSoC4/cyfitter_cfg.c **** 		/* Enable digital routing */
 325:.\Generated_Source\PSoC4/cyfitter_cfg.c **** 		CY_SET_XTND_REG8((void *)CYREG_UDB_UDBIF_BANK_CTL, CY_GET_XTND_REG8((void *)CYREG_UDB_UDBIF_BANK_
 326:.\Generated_Source\PSoC4/cyfitter_cfg.c **** 
 327:.\Generated_Source\PSoC4/cyfitter_cfg.c **** 		/* Enable UDB array */
 328:.\Generated_Source\PSoC4/cyfitter_cfg.c **** 		CY_SET_XTND_REG8((void *)CYREG_UDB_UDBIF_WAIT_CFG, (uint8)((CY_GET_XTND_REG8((void *)CYREG_UDB_UD
 127              		.loc 1 328 0
 128 0042 3C20     		mov	r0, #60
 319:.\Generated_Source\PSoC4/cyfitter_cfg.c **** 		CY_SET_XTND_REG32((void CYFAR *)(CYREG_UDB_PA2_CFG4), 0x80000000u);
 129              		.loc 1 319 0
 130 0044 1160     		str	r1, [r2]
 322:.\Generated_Source\PSoC4/cyfitter_cfg.c **** 		CY_SET_XTND_REG32((void CYFAR *)(CYDEV_UDB_PA3_BASE), 0x00990000u);
 131              		.loc 1 322 0
 132 0046 364A     		ldr	r2, .L2+36
 325:.\Generated_Source\PSoC4/cyfitter_cfg.c **** 		CY_SET_XTND_REG8((void *)CYREG_UDB_UDBIF_BANK_CTL, CY_GET_XTND_REG8((void *)CYREG_UDB_UDBIF_BANK_
 133              		.loc 1 325 0
 134 0048 0221     		mov	r1, #2
 322:.\Generated_Source\PSoC4/cyfitter_cfg.c **** 		CY_SET_XTND_REG32((void CYFAR *)(CYDEV_UDB_PA3_BASE), 0x00990000u);
 135              		.loc 1 322 0
 136 004a 1360     		str	r3, [r2]
 325:.\Generated_Source\PSoC4/cyfitter_cfg.c **** 		CY_SET_XTND_REG8((void *)CYREG_UDB_UDBIF_BANK_CTL, CY_GET_XTND_REG8((void *)CYREG_UDB_UDBIF_BANK_
 137              		.loc 1 325 0
 138 004c 354B     		ldr	r3, .L2+40
 139              	.LBE31:
 140              	.LBB32:
 141              	.LBB33:
 188:.\Generated_Source\PSoC4/cyfitter_cfg.c **** 	CY_SET_REG32((void CYXDATA *)(CYREG_CPUSS_FLASH_CTL), (0x0012u));
 142              		.loc 1 188 0
 143 004e 364F     		ldr	r7, .L2+44
 144              	.LBE33:
 145              	.LBE32:
 146              	.LBB37:
 325:.\Generated_Source\PSoC4/cyfitter_cfg.c **** 		CY_SET_XTND_REG8((void *)CYREG_UDB_UDBIF_BANK_CTL, CY_GET_XTND_REG8((void *)CYREG_UDB_UDBIF_BANK_
 147              		.loc 1 325 0
 148 0050 1A78     		ldrb	r2, [r3]
 149              	.LBE37:
 329:.\Generated_Source\PSoC4/cyfitter_cfg.c **** 		CY_SET_XTND_REG8((void *)CYREG_UDB_UDBIF_BANK_CTL, (uint8)(CY_GET_XTND_REG8((void *)CYREG_UDB_UDB
 330:.\Generated_Source\PSoC4/cyfitter_cfg.c **** 	}
 331:.\Generated_Source\PSoC4/cyfitter_cfg.c **** 
 332:.\Generated_Source\PSoC4/cyfitter_cfg.c **** 	/* Perform second pass device configuration. These items must be configured in specific order afte
 333:.\Generated_Source\PSoC4/cyfitter_cfg.c **** 	/* IOPINS0_2 Starting address: CYDEV_GPIO_PRT2_DR */
 334:.\Generated_Source\PSoC4/cyfitter_cfg.c **** 	CY_SET_XTND_REG32((void CYFAR *)(CYREG_GPIO_PRT2_DR), 0x000000C0u);
 335:.\Generated_Source\PSoC4/cyfitter_cfg.c **** 	CY_SET_XTND_REG32((void CYFAR *)(CYREG_GPIO_PRT2_PC), 0x00580000u);
 336:.\Generated_Source\PSoC4/cyfitter_cfg.c **** 	CY_SET_XTND_REG32((void CYFAR *)(CYREG_GPIO_PRT2_INTR_CFG), 0x00008000u);
 337:.\Generated_Source\PSoC4/cyfitter_cfg.c **** 
 338:.\Generated_Source\PSoC4/cyfitter_cfg.c **** 	/* IOPINS0_3 Starting address: CYDEV_GPIO_PRT3_DR */
 339:.\Generated_Source\PSoC4/cyfitter_cfg.c **** 	CY_SET_XTND_REG32((void CYFAR *)(CYREG_GPIO_PRT3_DR), 0x000000C0u);
 340:.\Generated_Source\PSoC4/cyfitter_cfg.c **** 	CY_SET_XTND_REG32((void CYFAR *)(CYREG_GPIO_PRT3_PC), 0x00D80000u);
 341:.\Generated_Source\PSoC4/cyfitter_cfg.c **** 
 342:.\Generated_Source\PSoC4/cyfitter_cfg.c **** 	/* Setup clocks based on selections from Clock DWR */
 343:.\Generated_Source\PSoC4/cyfitter_cfg.c **** 	ClockSetup();
 344:.\Generated_Source\PSoC4/cyfitter_cfg.c **** 
 345:.\Generated_Source\PSoC4/cyfitter_cfg.c **** 	/* Perform basic analog initialization to defaults */
 346:.\Generated_Source\PSoC4/cyfitter_cfg.c **** 	AnalogSetDefault();
 347:.\Generated_Source\PSoC4/cyfitter_cfg.c **** 
ARM GAS  C:\Users\user\AppData\Local\Temp\ccTv7q1j.s 			page 10


 348:.\Generated_Source\PSoC4/cyfitter_cfg.c **** }
 150              		.loc 1 348 0
 151              		@ sp needed
 152              	.LBB38:
 325:.\Generated_Source\PSoC4/cyfitter_cfg.c **** 		CY_SET_XTND_REG8((void *)CYREG_UDB_UDBIF_BANK_CTL, CY_GET_XTND_REG8((void *)CYREG_UDB_UDBIF_BANK_
 153              		.loc 1 325 0
 154 0052 0A43     		orr	r2, r1
 155 0054 1A70     		strb	r2, [r3]
 328:.\Generated_Source\PSoC4/cyfitter_cfg.c **** 		CY_SET_XTND_REG8((void *)CYREG_UDB_UDBIF_WAIT_CFG, (uint8)((CY_GET_XTND_REG8((void *)CYREG_UDB_UD
 156              		.loc 1 328 0
 157 0056 354A     		ldr	r2, .L2+48
 158 0058 1178     		ldrb	r1, [r2]
 159 005a 8143     		bic	r1, r0
 160 005c 1420     		mov	r0, #20
 161 005e 0143     		orr	r1, r0
 162 0060 1170     		strb	r1, [r2]
 329:.\Generated_Source\PSoC4/cyfitter_cfg.c **** 		CY_SET_XTND_REG8((void *)CYREG_UDB_UDBIF_BANK_CTL, (uint8)(CY_GET_XTND_REG8((void *)CYREG_UDB_UDB
 163              		.loc 1 329 0
 164 0062 1A78     		ldrb	r2, [r3]
 165 0064 1621     		mov	r1, #22
 166 0066 0A43     		orr	r2, r1
 167 0068 1A70     		strb	r2, [r3]
 168              	.LBE38:
 334:.\Generated_Source\PSoC4/cyfitter_cfg.c **** 	CY_SET_XTND_REG32((void CYFAR *)(CYREG_GPIO_PRT2_DR), 0x000000C0u);
 169              		.loc 1 334 0
 170 006a 314A     		ldr	r2, .L2+52
 171 006c C023     		mov	r3, #192
 172 006e 1360     		str	r3, [r2]
 335:.\Generated_Source\PSoC4/cyfitter_cfg.c **** 	CY_SET_XTND_REG32((void CYFAR *)(CYREG_GPIO_PRT2_PC), 0x00580000u);
 173              		.loc 1 335 0
 174 0070 B021     		mov	r1, #176
 175 0072 304A     		ldr	r2, .L2+56
 176 0074 C903     		lsl	r1, r1, #15
 177 0076 1160     		str	r1, [r2]
 336:.\Generated_Source\PSoC4/cyfitter_cfg.c **** 	CY_SET_XTND_REG32((void CYFAR *)(CYREG_GPIO_PRT2_INTR_CFG), 0x00008000u);
 178              		.loc 1 336 0
 179 0078 2F4A     		ldr	r2, .L2+60
 180 007a 8021     		mov	r1, #128
 181 007c 0902     		lsl	r1, r1, #8
 182 007e 1160     		str	r1, [r2]
 339:.\Generated_Source\PSoC4/cyfitter_cfg.c **** 	CY_SET_XTND_REG32((void CYFAR *)(CYREG_GPIO_PRT3_DR), 0x000000C0u);
 183              		.loc 1 339 0
 184 0080 2E4A     		ldr	r2, .L2+64
 185 0082 1360     		str	r3, [r2]
 340:.\Generated_Source\PSoC4/cyfitter_cfg.c **** 	CY_SET_XTND_REG32((void CYFAR *)(CYREG_GPIO_PRT3_PC), 0x00D80000u);
 186              		.loc 1 340 0
 187 0084 2E4B     		ldr	r3, .L2+68
 188 0086 D822     		mov	r2, #216
 189 0088 1204     		lsl	r2, r2, #16
 190 008a 1A60     		str	r2, [r3]
 191              	.LBB39:
 192              	.LBB34:
 188:.\Generated_Source\PSoC4/cyfitter_cfg.c **** 	CY_SET_REG32((void CYXDATA *)(CYREG_CPUSS_FLASH_CTL), (0x0012u));
 193              		.loc 1 188 0
 194 008c 1223     		mov	r3, #18
 195 008e 3B60     		str	r3, [r7]
 191:.\Generated_Source\PSoC4/cyfitter_cfg.c **** 	CySysClkWcoStart();
ARM GAS  C:\Users\user\AppData\Local\Temp\ccTv7q1j.s 			page 11


 196              		.loc 1 191 0
 197 0090 FFF7FEFF 		bl	CySysClkWcoStart
 198              	.LVL5:
 192:.\Generated_Source\PSoC4/cyfitter_cfg.c **** 	CyDelayCycles(12000000u); /* WCO may take up to 500ms to start */
 199              		.loc 1 192 0
 200 0094 2B48     		ldr	r0, .L2+72
 201 0096 FFF7FEFF 		bl	CyDelayCycles
 202              	.LVL6:
 193:.\Generated_Source\PSoC4/cyfitter_cfg.c **** 	(void)CySysClkWcoSetPowerMode(CY_SYS_CLK_WCO_LPM);    /* Switch to the low power mode */
 203              		.loc 1 193 0
 204 009a 301C     		mov	r0, r6
 205 009c FFF7FEFF 		bl	CySysClkWcoSetPowerMode
 206              	.LVL7:
 196:.\Generated_Source\PSoC4/cyfitter_cfg.c **** 	CySysClkWriteImoFreq(12u);
 207              		.loc 1 196 0
 208 00a0 0C20     		mov	r0, #12
 209 00a2 FFF7FEFF 		bl	CySysClkWriteImoFreq
 210              	.LVL8:
 198:.\Generated_Source\PSoC4/cyfitter_cfg.c **** 	CY_SET_XTND_REG32((void CYFAR *)(CYREG_CLK_ILO_CONFIG), 0x80000006u);
 211              		.loc 1 198 0
 212 00a6 284A     		ldr	r2, .L2+76
 213 00a8 284B     		ldr	r3, .L2+80
 201:.\Generated_Source\PSoC4/cyfitter_cfg.c **** 	CY_SET_XTND_REG32((void CYFAR *)(CYREG_WDT_CONFIG), 0x40000000u);
 214              		.loc 1 201 0
 215 00aa 294E     		ldr	r6, .L2+84
 198:.\Generated_Source\PSoC4/cyfitter_cfg.c **** 	CY_SET_XTND_REG32((void CYFAR *)(CYREG_CLK_ILO_CONFIG), 0x80000006u);
 216              		.loc 1 198 0
 217 00ac 1A60     		str	r2, [r3]
 201:.\Generated_Source\PSoC4/cyfitter_cfg.c **** 	CY_SET_XTND_REG32((void CYFAR *)(CYREG_WDT_CONFIG), 0x40000000u);
 218              		.loc 1 201 0
 219 00ae 8022     		mov	r2, #128
 205:.\Generated_Source\PSoC4/cyfitter_cfg.c **** 	CY_SET_REG32((void*)CYREG_BLE_BLERD_BB_XO, CY_GET_REG32((void*)CYREG_BLE_BLERD_BB_XO) | (uint32)0x
 220              		.loc 1 205 0
 221 00b0 284B     		ldr	r3, .L2+88
 201:.\Generated_Source\PSoC4/cyfitter_cfg.c **** 	CY_SET_XTND_REG32((void CYFAR *)(CYREG_WDT_CONFIG), 0x40000000u);
 222              		.loc 1 201 0
 223 00b2 D205     		lsl	r2, r2, #23
 224 00b4 3260     		str	r2, [r6]
 205:.\Generated_Source\PSoC4/cyfitter_cfg.c **** 	CY_SET_REG32((void*)CYREG_BLE_BLERD_BB_XO, CY_GET_REG32((void*)CYREG_BLE_BLERD_BB_XO) | (uint32)0x
 225              		.loc 1 205 0
 226 00b6 1A68     		ldr	r2, [r3]
 227 00b8 0221     		mov	r1, #2
 228 00ba 0A43     		orr	r2, r1
 229 00bc 1A60     		str	r2, [r3]
 206:.\Generated_Source\PSoC4/cyfitter_cfg.c **** 	CY_SET_XTND_REG32((void CYFAR *)(CYREG_BLE_BLERD_BB_XO_CAPTRIM), 0x00003E2Du);
 230              		.loc 1 206 0
 231 00be 264A     		ldr	r2, .L2+92
 232 00c0 264B     		ldr	r3, .L2+96
 210:.\Generated_Source\PSoC4/cyfitter_cfg.c **** 	(void)CySysClkEcoStart(2000u);
 233              		.loc 1 210 0
 234 00c2 FA20     		mov	r0, #250
 206:.\Generated_Source\PSoC4/cyfitter_cfg.c **** 	CY_SET_XTND_REG32((void CYFAR *)(CYREG_BLE_BLERD_BB_XO_CAPTRIM), 0x00003E2Du);
 235              		.loc 1 206 0
 236 00c4 1A60     		str	r2, [r3]
 208:.\Generated_Source\PSoC4/cyfitter_cfg.c **** 	CY_SET_REG32((void*)CYREG_BLE_BLESS_LL_DSM_CTRL, CY_GET_REG32((void*)CYREG_BLE_BLESS_LL_DSM_CTRL) 
 237              		.loc 1 208 0
 238 00c6 2B68     		ldr	r3, [r5]
ARM GAS  C:\Users\user\AppData\Local\Temp\ccTv7q1j.s 			page 12


 239 00c8 0822     		mov	r2, #8
 240 00ca 9343     		bic	r3, r2
 241 00cc 2B60     		str	r3, [r5]
 210:.\Generated_Source\PSoC4/cyfitter_cfg.c **** 	(void)CySysClkEcoStart(2000u);
 242              		.loc 1 210 0
 243 00ce C000     		lsl	r0, r0, #3
 244 00d0 FFF7FEFF 		bl	CySysClkEcoStart
 245              	.LVL9:
 211:.\Generated_Source\PSoC4/cyfitter_cfg.c **** 	CyDelayUs(1500u); /* Wait to stabalize */
 246              		.loc 1 211 0
 247 00d4 2248     		ldr	r0, .L2+100
 248 00d6 FFF7FEFF 		bl	CyDelayUs
 249              	.LVL10:
 216:.\Generated_Source\PSoC4/cyfitter_cfg.c **** 	CY_SET_XTND_REG32((void CYFAR *)(CYREG_CLK_IMO_CONFIG), 0x80000000u);
 250              		.loc 1 216 0
 251 00da 224B     		ldr	r3, .L2+104
 252 00dc 8022     		mov	r2, #128
 253 00de 1206     		lsl	r2, r2, #24
 254 00e0 1A60     		str	r2, [r3]
 218:.\Generated_Source\PSoC4/cyfitter_cfg.c **** 	CY_SET_XTND_REG32((void CYFAR *)(CYREG_WDT_CONFIG), 0x40000000u);
 255              		.loc 1 218 0
 256 00e2 8023     		mov	r3, #128
 257 00e4 DB05     		lsl	r3, r3, #23
 258              	.LBE34:
 259              	.LBE39:
 260              	.LBB40:
 261              	.LBB41:
 245:.\Generated_Source\PSoC4/cyfitter_cfg.c **** 	CY_SET_XTND_REG32((void CYFAR *)CYREG_CTBM0_DFT_CTRL, 0x00000003u);
 262              		.loc 1 245 0
 263 00e6 204A     		ldr	r2, .L2+108
 264              	.LBE41:
 265              	.LBE40:
 266              	.LBB44:
 267              	.LBB35:
 218:.\Generated_Source\PSoC4/cyfitter_cfg.c **** 	CY_SET_XTND_REG32((void CYFAR *)(CYREG_WDT_CONFIG), 0x40000000u);
 268              		.loc 1 218 0
 269 00e8 3360     		str	r3, [r6]
 270              	.LBE35:
 271              	.LBE44:
 272              	.LBB45:
 273              	.LBB42:
 245:.\Generated_Source\PSoC4/cyfitter_cfg.c **** 	CY_SET_XTND_REG32((void CYFAR *)CYREG_CTBM0_DFT_CTRL, 0x00000003u);
 274              		.loc 1 245 0
 275 00ea 0323     		mov	r3, #3
 276              	.LBE42:
 277              	.LBE45:
 278              	.LBB46:
 279              	.LBB36:
 220:.\Generated_Source\PSoC4/cyfitter_cfg.c **** 	CY_SET_REG32((void CYXDATA *)(CYREG_CPUSS_FLASH_CTL), (0x0000u));
 280              		.loc 1 220 0
 281 00ec 3C60     		str	r4, [r7]
 282              	.LBE36:
 283              	.LBE46:
 284              	.LBB47:
 285              	.LBB43:
 245:.\Generated_Source\PSoC4/cyfitter_cfg.c **** 	CY_SET_XTND_REG32((void CYFAR *)CYREG_CTBM0_DFT_CTRL, 0x00000003u);
 286              		.loc 1 245 0
ARM GAS  C:\Users\user\AppData\Local\Temp\ccTv7q1j.s 			page 13


 287 00ee 1360     		str	r3, [r2]
 246:.\Generated_Source\PSoC4/cyfitter_cfg.c **** 	CY_SET_XTND_REG32((void CYFAR *)CYREG_CTBM1_DFT_CTRL, 0x00000003u);
 288              		.loc 1 246 0
 289 00f0 1E4A     		ldr	r2, .L2+112
 290 00f2 1360     		str	r3, [r2]
 247:.\Generated_Source\PSoC4/cyfitter_cfg.c **** 	CY_SET_XTND_REG32((void CYFAR *)CYREG_PASS_DSAB_DSAB_CTRL, 0x00000000u);
 291              		.loc 1 247 0
 292 00f4 1E4B     		ldr	r3, .L2+116
 293 00f6 1C60     		str	r4, [r3]
 294              	.LBE43:
 295              	.LBE47:
 296              		.loc 1 348 0
 297 00f8 F8BD     		pop	{r3, r4, r5, r6, r7, pc}
 298              	.L3:
 299 00fa C046     		.align	2
 300              	.L2:
 301 00fc 6CF02E40 		.word	1076818028
 302 0100 00300F40 		.word	1074737152
 303 0104 00400F40 		.word	1074741248
 304 0108 02600F40 		.word	1074749442
 305 010c 11600F40 		.word	1074749457
 306 0110 20500F40 		.word	1074745376
 307 0114 00000240 		.word	1073872896
 308 0118 08000440 		.word	1074003976
 309 011c 24500F40 		.word	1074745380
 310 0120 30500F40 		.word	1074745392
 311 0124 00700F40 		.word	1074753536
 312 0128 30001040 		.word	1074790448
 313 012c 01700F40 		.word	1074753537
 314 0130 00020440 		.word	1074004480
 315 0134 08020440 		.word	1074004488
 316 0138 0C020440 		.word	1074004492
 317 013c 00030440 		.word	1074004736
 318 0140 08030440 		.word	1074004744
 319 0144 001BB700 		.word	12000000
 320 0148 06000080 		.word	-2147483642
 321 014c 04010B40 		.word	1074462980
 322 0150 0C020B40 		.word	1074463244
 323 0154 78002E40 		.word	1076756600
 324 0158 2D3E0000 		.word	15917
 325 015c 7C002E40 		.word	1076756604
 326 0160 DC050000 		.word	1500
 327 0164 08010B40 		.word	1074462984
 328 0168 30003040 		.word	1076887600
 329 016c 30003140 		.word	1076953136
 330 0170 000E3F40 		.word	1077874176
 331              		.cfi_endproc
 332              	.LFE8:
 333              		.size	cyfitter_cfg, .-cyfitter_cfg
 334              		.text
 335              	.Letext0:
 336              		.file 2 "c:\\program files (x86)\\cypress\\psoc creator\\3.2\\psoc creator\\import\\gnu\\arm\\4.8.
 337              		.file 3 ".\\Generated_Source\\PSoC4\\cytypes.h"
 338              		.file 4 ".\\Generated_Source\\PSoC4\\CyLib.h"
 339              		.section	.debug_info,"",%progbits
 340              	.Ldebug_info0:
 341 0000 3D040000 		.4byte	0x43d
ARM GAS  C:\Users\user\AppData\Local\Temp\ccTv7q1j.s 			page 14


 342 0004 0400     		.2byte	0x4
 343 0006 00000000 		.4byte	.Ldebug_abbrev0
 344 000a 04       		.byte	0x4
 345 000b 01       		.uleb128 0x1
 346 000c BD000000 		.4byte	.LASF42
 347 0010 01       		.byte	0x1
 348 0011 57020000 		.4byte	.LASF43
 349 0015 67000000 		.4byte	.LASF44
 350 0019 B0000000 		.4byte	.Ldebug_ranges0+0xb0
 351 001d 00000000 		.4byte	0
 352 0021 00000000 		.4byte	.Ldebug_line0
 353 0025 02       		.uleb128 0x2
 354 0026 04       		.byte	0x4
 355 0027 05       		.byte	0x5
 356 0028 696E7400 		.ascii	"int\000"
 357 002c 03       		.uleb128 0x3
 358 002d 14000000 		.4byte	.LASF11
 359 0031 02       		.byte	0x2
 360 0032 D4       		.byte	0xd4
 361 0033 37000000 		.4byte	0x37
 362 0037 04       		.uleb128 0x4
 363 0038 04       		.byte	0x4
 364 0039 07       		.byte	0x7
 365 003a 0C020000 		.4byte	.LASF0
 366 003e 04       		.uleb128 0x4
 367 003f 01       		.byte	0x1
 368 0040 06       		.byte	0x6
 369 0041 EF020000 		.4byte	.LASF1
 370 0045 04       		.uleb128 0x4
 371 0046 01       		.byte	0x1
 372 0047 08       		.byte	0x8
 373 0048 A4010000 		.4byte	.LASF2
 374 004c 04       		.uleb128 0x4
 375 004d 02       		.byte	0x2
 376 004e 05       		.byte	0x5
 377 004f C7020000 		.4byte	.LASF3
 378 0053 04       		.uleb128 0x4
 379 0054 02       		.byte	0x2
 380 0055 07       		.byte	0x7
 381 0056 FB020000 		.4byte	.LASF4
 382 005a 04       		.uleb128 0x4
 383 005b 04       		.byte	0x4
 384 005c 05       		.byte	0x5
 385 005d E6020000 		.4byte	.LASF5
 386 0061 04       		.uleb128 0x4
 387 0062 04       		.byte	0x4
 388 0063 07       		.byte	0x7
 389 0064 71010000 		.4byte	.LASF6
 390 0068 04       		.uleb128 0x4
 391 0069 08       		.byte	0x8
 392 006a 05       		.byte	0x5
 393 006b 7F020000 		.4byte	.LASF7
 394 006f 04       		.uleb128 0x4
 395 0070 08       		.byte	0x8
 396 0071 07       		.byte	0x7
 397 0072 21020000 		.4byte	.LASF8
 398 0076 04       		.uleb128 0x4
ARM GAS  C:\Users\user\AppData\Local\Temp\ccTv7q1j.s 			page 15


 399 0077 04       		.byte	0x4
 400 0078 07       		.byte	0x7
 401 0079 4E020000 		.4byte	.LASF9
 402 007d 05       		.uleb128 0x5
 403 007e 04       		.byte	0x4
 404 007f 04       		.uleb128 0x4
 405 0080 01       		.byte	0x1
 406 0081 08       		.byte	0x8
 407 0082 97020000 		.4byte	.LASF10
 408 0086 03       		.uleb128 0x3
 409 0087 83010000 		.4byte	.LASF12
 410 008b 03       		.byte	0x3
 411 008c A1       		.byte	0xa1
 412 008d 45000000 		.4byte	0x45
 413 0091 03       		.uleb128 0x3
 414 0092 EA010000 		.4byte	.LASF13
 415 0096 03       		.byte	0x3
 416 0097 A2       		.byte	0xa2
 417 0098 53000000 		.4byte	0x53
 418 009c 03       		.uleb128 0x3
 419 009d 05020000 		.4byte	.LASF14
 420 00a1 03       		.byte	0x3
 421 00a2 A3       		.byte	0xa3
 422 00a3 61000000 		.4byte	0x61
 423 00a7 04       		.uleb128 0x4
 424 00a8 04       		.byte	0x4
 425 00a9 04       		.byte	0x4
 426 00aa 39010000 		.4byte	.LASF15
 427 00ae 04       		.uleb128 0x4
 428 00af 08       		.byte	0x8
 429 00b0 04       		.byte	0x4
 430 00b1 B9010000 		.4byte	.LASF16
 431 00b5 06       		.uleb128 0x6
 432 00b6 FC010000 		.4byte	.LASF17
 433 00ba 03       		.byte	0x3
 434 00bb 4301     		.2byte	0x143
 435 00bd 61000000 		.4byte	0x61
 436 00c1 06       		.uleb128 0x6
 437 00c2 6C010000 		.4byte	.LASF18
 438 00c6 03       		.byte	0x3
 439 00c7 4B01     		.2byte	0x14b
 440 00c9 CD000000 		.4byte	0xcd
 441 00cd 07       		.uleb128 0x7
 442 00ce 86000000 		.4byte	0x86
 443 00d2 06       		.uleb128 0x6
 444 00d3 0E000000 		.4byte	.LASF19
 445 00d7 03       		.byte	0x3
 446 00d8 4D01     		.2byte	0x14d
 447 00da DE000000 		.4byte	0xde
 448 00de 07       		.uleb128 0x7
 449 00df 9C000000 		.4byte	0x9c
 450 00e3 08       		.uleb128 0x8
 451 00e4 02       		.byte	0x2
 452 00e5 01       		.byte	0x1
 453 00e6 7C       		.byte	0x7c
 454 00e7 04010000 		.4byte	0x104
 455 00eb 09       		.uleb128 0x9
ARM GAS  C:\Users\user\AppData\Local\Temp\ccTv7q1j.s 			page 16


 456 00ec C0020000 		.4byte	.LASF20
 457 00f0 01       		.byte	0x1
 458 00f1 7E       		.byte	0x7e
 459 00f2 86000000 		.4byte	0x86
 460 00f6 00       		.byte	0
 461 00f7 09       		.uleb128 0x9
 462 00f8 2C000000 		.4byte	.LASF21
 463 00fc 01       		.byte	0x1
 464 00fd 7F       		.byte	0x7f
 465 00fe 86000000 		.4byte	0x86
 466 0102 01       		.byte	0x1
 467 0103 00       		.byte	0
 468 0104 03       		.uleb128 0x3
 469 0105 AD020000 		.4byte	.LASF22
 470 0109 01       		.byte	0x1
 471 010a 80       		.byte	0x80
 472 010b E3000000 		.4byte	0xe3
 473 010f 0A       		.uleb128 0xa
 474 0110 C0010000 		.4byte	.LASF27
 475 0114 01       		.byte	0x1
 476 0115 93       		.byte	0x93
 477 0116 01       		.byte	0x1
 478 0117 5C010000 		.4byte	0x15c
 479 011b 0B       		.uleb128 0xb
 480 011c DF010000 		.4byte	.LASF23
 481 0120 01       		.byte	0x1
 482 0121 93       		.byte	0x93
 483 0122 5C010000 		.4byte	0x15c
 484 0126 0B       		.uleb128 0xb
 485 0127 F1010000 		.4byte	.LASF24
 486 012b 01       		.byte	0x1
 487 012c 93       		.byte	0x93
 488 012d 67010000 		.4byte	0x167
 489 0131 0C       		.uleb128 0xc
 490 0132 6900     		.ascii	"i\000"
 491 0134 01       		.byte	0x1
 492 0135 96       		.byte	0x96
 493 0136 9C000000 		.4byte	0x9c
 494 013a 0C       		.uleb128 0xc
 495 013b 6A00     		.ascii	"j\000"
 496 013d 01       		.byte	0x1
 497 013e 96       		.byte	0x96
 498 013f 9C000000 		.4byte	0x9c
 499 0143 0D       		.uleb128 0xd
 500 0144 0E       		.uleb128 0xe
 501 0145 45020000 		.4byte	.LASF25
 502 0149 01       		.byte	0x1
 503 014a 99       		.byte	0x99
 504 014b 9C000000 		.4byte	0x9c
 505 014f 0E       		.uleb128 0xe
 506 0150 32000000 		.4byte	.LASF26
 507 0154 01       		.byte	0x1
 508 0155 9A       		.byte	0x9a
 509 0156 86000000 		.4byte	0x86
 510 015a 00       		.byte	0
 511 015b 00       		.byte	0
 512 015c 0F       		.uleb128 0xf
ARM GAS  C:\Users\user\AppData\Local\Temp\ccTv7q1j.s 			page 17


 513 015d 04       		.byte	0x4
 514 015e 62010000 		.4byte	0x162
 515 0162 10       		.uleb128 0x10
 516 0163 9C000000 		.4byte	0x9c
 517 0167 0F       		.uleb128 0xf
 518 0168 04       		.byte	0x4
 519 0169 6D010000 		.4byte	0x16d
 520 016d 10       		.uleb128 0x10
 521 016e 04010000 		.4byte	0x104
 522 0172 0A       		.uleb128 0xa
 523 0173 9A010000 		.4byte	.LASF28
 524 0177 01       		.byte	0x1
 525 0178 3A       		.byte	0x3a
 526 0179 01       		.byte	0x1
 527 017a 91010000 		.4byte	0x191
 528 017e 11       		.uleb128 0x11
 529 017f 7300     		.ascii	"s\000"
 530 0181 01       		.byte	0x1
 531 0182 3A       		.byte	0x3a
 532 0183 7D000000 		.4byte	0x7d
 533 0187 11       		.uleb128 0x11
 534 0188 6E00     		.ascii	"n\000"
 535 018a 01       		.byte	0x1
 536 018b 3A       		.byte	0x3a
 537 018c 2C000000 		.4byte	0x2c
 538 0190 00       		.byte	0
 539 0191 12       		.uleb128 0x12
 540 0192 38000000 		.4byte	.LASF29
 541 0196 01       		.byte	0x1
 542 0197 B8       		.byte	0xb8
 543 0198 01       		.byte	0x1
 544 0199 12       		.uleb128 0x12
 545 019a 1B000000 		.4byte	.LASF30
 546 019e 01       		.byte	0x1
 547 019f F3       		.byte	0xf3
 548 01a0 01       		.byte	0x1
 549 01a1 13       		.uleb128 0x13
 550 01a2 D2010000 		.4byte	.LASF45
 551 01a6 01       		.byte	0x1
 552 01a7 0E01     		.2byte	0x10e
 553 01a9 00000000 		.4byte	.LFB8
 554 01ad 74010000 		.4byte	.LFE8-.LFB8
 555 01b1 01       		.uleb128 0x1
 556 01b2 9C       		.byte	0x9c
 557 01b3 99030000 		.4byte	0x399
 558 01b7 14       		.uleb128 0x14
 559 01b8 00000000 		.4byte	.Ldebug_ranges0+0
 560 01bc 06030000 		.4byte	0x306
 561 01c0 15       		.uleb128 0x15
 562 01c1 43000000 		.4byte	.LASF31
 563 01c5 01       		.byte	0x1
 564 01c6 1601     		.2byte	0x116
 565 01c8 A9030000 		.4byte	0x3a9
 566 01cc 15       		.uleb128 0x15
 567 01cd 55000000 		.4byte	.LASF32
 568 01d1 01       		.byte	0x1
 569 01d2 1A01     		.2byte	0x11a
ARM GAS  C:\Users\user\AppData\Local\Temp\ccTv7q1j.s 			page 18


 570 01d4 BE030000 		.4byte	0x3be
 571 01d8 16       		.uleb128 0x16
 572 01d9 06       		.byte	0x6
 573 01da 01       		.byte	0x1
 574 01db 2101     		.2byte	0x121
 575 01dd FC010000 		.4byte	0x1fc
 576 01e1 17       		.uleb128 0x17
 577 01e2 19020000 		.4byte	.LASF33
 578 01e6 01       		.byte	0x1
 579 01e7 2201     		.2byte	0x122
 580 01e9 7D000000 		.4byte	0x7d
 581 01ed 00       		.byte	0
 582 01ee 17       		.uleb128 0x17
 583 01ef 4F010000 		.4byte	.LASF34
 584 01f3 01       		.byte	0x1
 585 01f4 2301     		.2byte	0x123
 586 01f6 91000000 		.4byte	0x91
 587 01fa 04       		.byte	0x4
 588 01fb 00       		.byte	0
 589 01fc 06       		.uleb128 0x6
 590 01fd 38020000 		.4byte	.LASF35
 591 0201 01       		.byte	0x1
 592 0202 2401     		.2byte	0x124
 593 0204 D8010000 		.4byte	0x1d8
 594 0208 18       		.uleb128 0x18
 595 0209 FC010000 		.4byte	0x1fc
 596 020d 18020000 		.4byte	0x218
 597 0211 19       		.uleb128 0x19
 598 0212 76000000 		.4byte	0x76
 599 0216 01       		.byte	0x1
 600 0217 00       		.byte	0
 601 0218 15       		.uleb128 0x15
 602 0219 3F010000 		.4byte	.LASF36
 603 021d 01       		.byte	0x1
 604 021e 2601     		.2byte	0x126
 605 0220 24020000 		.4byte	0x224
 606 0224 10       		.uleb128 0x10
 607 0225 08020000 		.4byte	0x208
 608 0229 1A       		.uleb128 0x1a
 609 022a 6900     		.ascii	"i\000"
 610 022c 01       		.byte	0x1
 611 022d 2C01     		.2byte	0x12c
 612 022f 86000000 		.4byte	0x86
 613 0233 00000000 		.4byte	.LLST0
 614 0237 14       		.uleb128 0x14
 615 0238 30000000 		.4byte	.Ldebug_ranges0+0x30
 616 023c BA020000 		.4byte	0x2ba
 617 0240 1B       		.uleb128 0x1b
 618 0241 6D7300   		.ascii	"ms\000"
 619 0244 01       		.byte	0x1
 620 0245 3101     		.2byte	0x131
 621 0247 4B020000 		.4byte	0x24b
 622 024b 0F       		.uleb128 0xf
 623 024c 04       		.byte	0x4
 624 024d 51020000 		.4byte	0x251
 625 0251 10       		.uleb128 0x10
 626 0252 FC010000 		.4byte	0x1fc
ARM GAS  C:\Users\user\AppData\Local\Temp\ccTv7q1j.s 			page 19


 627 0256 1C       		.uleb128 0x1c
 628 0257 72010000 		.4byte	0x172
 629 025b 06000000 		.4byte	.LBB16
 630 025f 30000000 		.4byte	.Ldebug_ranges0+0x30
 631 0263 01       		.byte	0x1
 632 0264 3201     		.2byte	0x132
 633 0266 1D       		.uleb128 0x1d
 634 0267 87010000 		.4byte	0x187
 635 026b 0004     		.2byte	0x400
 636 026d 1E       		.uleb128 0x1e
 637 026e 7E010000 		.4byte	0x17e
 638 0272 2C000000 		.4byte	.LLST2
 639 0276 1F       		.uleb128 0x1f
 640 0277 18000000 		.4byte	.LVL1
 641 027b C3030000 		.4byte	0x3c3
 642 027f 99020000 		.4byte	0x299
 643 0283 20       		.uleb128 0x20
 644 0284 01       		.uleb128 0x1
 645 0285 52       		.byte	0x52
 646 0286 02       		.uleb128 0x2
 647 0287 76       		.byte	0x76
 648 0288 00       		.sleb128 0
 649 0289 20       		.uleb128 0x20
 650 028a 01       		.uleb128 0x1
 651 028b 51       		.byte	0x51
 652 028c 02       		.uleb128 0x2
 653 028d 74       		.byte	0x74
 654 028e 00       		.sleb128 0
 655 028f 20       		.uleb128 0x20
 656 0290 01       		.uleb128 0x1
 657 0291 50       		.byte	0x50
 658 0292 05       		.uleb128 0x5
 659 0293 0C       		.byte	0xc
 660 0294 00300F40 		.4byte	0x400f3000
 661 0298 00       		.byte	0
 662 0299 21       		.uleb128 0x21
 663 029a 22000000 		.4byte	.LVL2
 664 029e C3030000 		.4byte	0x3c3
 665 02a2 20       		.uleb128 0x20
 666 02a3 01       		.uleb128 0x1
 667 02a4 52       		.byte	0x52
 668 02a5 02       		.uleb128 0x2
 669 02a6 76       		.byte	0x76
 670 02a7 00       		.sleb128 0
 671 02a8 20       		.uleb128 0x20
 672 02a9 01       		.uleb128 0x1
 673 02aa 51       		.byte	0x51
 674 02ab 02       		.uleb128 0x2
 675 02ac 74       		.byte	0x74
 676 02ad 00       		.sleb128 0
 677 02ae 20       		.uleb128 0x20
 678 02af 01       		.uleb128 0x1
 679 02b0 50       		.byte	0x50
 680 02b1 05       		.uleb128 0x5
 681 02b2 0C       		.byte	0xc
 682 02b3 00400F40 		.4byte	0x400f4000
 683 02b7 00       		.byte	0
ARM GAS  C:\Users\user\AppData\Local\Temp\ccTv7q1j.s 			page 20


 684 02b8 00       		.byte	0
 685 02b9 00       		.byte	0
 686 02ba 1C       		.uleb128 0x1c
 687 02bb 0F010000 		.4byte	0x10f
 688 02bf 22000000 		.4byte	.LBB24
 689 02c3 50000000 		.4byte	.Ldebug_ranges0+0x50
 690 02c7 01       		.byte	0x1
 691 02c8 3501     		.2byte	0x135
 692 02ca 22       		.uleb128 0x22
 693 02cb 1B010000 		.4byte	0x11b
 694 02cf 22       		.uleb128 0x22
 695 02d0 26010000 		.4byte	0x126
 696 02d4 23       		.uleb128 0x23
 697 02d5 50000000 		.4byte	.Ldebug_ranges0+0x50
 698 02d9 24       		.uleb128 0x24
 699 02da 31010000 		.4byte	0x131
 700 02de 54000000 		.4byte	.LLST3
 701 02e2 24       		.uleb128 0x24
 702 02e3 3A010000 		.4byte	0x13a
 703 02e7 74000000 		.4byte	.LLST4
 704 02eb 23       		.uleb128 0x23
 705 02ec 50000000 		.4byte	.Ldebug_ranges0+0x50
 706 02f0 25       		.uleb128 0x25
 707 02f1 44010000 		.4byte	0x144
 708 02f5 00600F40 		.4byte	0x400f6000
 709 02f9 24       		.uleb128 0x24
 710 02fa 4F010000 		.4byte	0x14f
 711 02fe A0000000 		.4byte	.LLST5
 712 0302 00       		.byte	0
 713 0303 00       		.byte	0
 714 0304 00       		.byte	0
 715 0305 00       		.byte	0
 716 0306 26       		.uleb128 0x26
 717 0307 91010000 		.4byte	0x191
 718 030b 4E000000 		.4byte	.LBB32
 719 030f 68000000 		.4byte	.Ldebug_ranges0+0x68
 720 0313 01       		.byte	0x1
 721 0314 5701     		.2byte	0x157
 722 0316 88030000 		.4byte	0x388
 723 031a 27       		.uleb128 0x27
 724 031b 94000000 		.4byte	.LVL5
 725 031f E0030000 		.4byte	0x3e0
 726 0323 1F       		.uleb128 0x1f
 727 0324 9A000000 		.4byte	.LVL6
 728 0328 E7030000 		.4byte	0x3e7
 729 032c 3A030000 		.4byte	0x33a
 730 0330 20       		.uleb128 0x20
 731 0331 01       		.uleb128 0x1
 732 0332 50       		.byte	0x50
 733 0333 05       		.uleb128 0x5
 734 0334 0C       		.byte	0xc
 735 0335 001BB700 		.4byte	0xb71b00
 736 0339 00       		.byte	0
 737 033a 1F       		.uleb128 0x1f
 738 033b A0000000 		.4byte	.LVL7
 739 033f F8030000 		.4byte	0x3f8
 740 0343 4E030000 		.4byte	0x34e
ARM GAS  C:\Users\user\AppData\Local\Temp\ccTv7q1j.s 			page 21


 741 0347 20       		.uleb128 0x20
 742 0348 01       		.uleb128 0x1
 743 0349 50       		.byte	0x50
 744 034a 02       		.uleb128 0x2
 745 034b 76       		.byte	0x76
 746 034c 00       		.sleb128 0
 747 034d 00       		.byte	0
 748 034e 1F       		.uleb128 0x1f
 749 034f A6000000 		.4byte	.LVL8
 750 0353 0D040000 		.4byte	0x40d
 751 0357 61030000 		.4byte	0x361
 752 035b 20       		.uleb128 0x20
 753 035c 01       		.uleb128 0x1
 754 035d 50       		.byte	0x50
 755 035e 01       		.uleb128 0x1
 756 035f 3C       		.byte	0x3c
 757 0360 00       		.byte	0
 758 0361 1F       		.uleb128 0x1f
 759 0362 D4000000 		.4byte	.LVL9
 760 0366 1E040000 		.4byte	0x41e
 761 036a 76030000 		.4byte	0x376
 762 036e 20       		.uleb128 0x20
 763 036f 01       		.uleb128 0x1
 764 0370 50       		.byte	0x50
 765 0371 03       		.uleb128 0x3
 766 0372 0A       		.byte	0xa
 767 0373 D007     		.2byte	0x7d0
 768 0375 00       		.byte	0
 769 0376 21       		.uleb128 0x21
 770 0377 DA000000 		.4byte	.LVL10
 771 037b 33040000 		.4byte	0x433
 772 037f 20       		.uleb128 0x20
 773 0380 01       		.uleb128 0x1
 774 0381 50       		.byte	0x50
 775 0382 03       		.uleb128 0x3
 776 0383 0A       		.byte	0xa
 777 0384 DC05     		.2byte	0x5dc
 778 0386 00       		.byte	0
 779 0387 00       		.byte	0
 780 0388 28       		.uleb128 0x28
 781 0389 99010000 		.4byte	0x199
 782 038d E6000000 		.4byte	.LBB40
 783 0391 90000000 		.4byte	.Ldebug_ranges0+0x90
 784 0395 01       		.byte	0x1
 785 0396 5A01     		.2byte	0x15a
 786 0398 00       		.byte	0
 787 0399 18       		.uleb128 0x18
 788 039a 9C000000 		.4byte	0x9c
 789 039e A9030000 		.4byte	0x3a9
 790 03a2 19       		.uleb128 0x19
 791 03a3 76000000 		.4byte	0x76
 792 03a7 00       		.byte	0
 793 03a8 00       		.byte	0
 794 03a9 10       		.uleb128 0x10
 795 03aa 99030000 		.4byte	0x399
 796 03ae 18       		.uleb128 0x18
 797 03af 04010000 		.4byte	0x104
ARM GAS  C:\Users\user\AppData\Local\Temp\ccTv7q1j.s 			page 22


 798 03b3 BE030000 		.4byte	0x3be
 799 03b7 19       		.uleb128 0x19
 800 03b8 76000000 		.4byte	0x76
 801 03bc 01       		.byte	0x1
 802 03bd 00       		.byte	0
 803 03be 10       		.uleb128 0x10
 804 03bf AE030000 		.4byte	0x3ae
 805 03c3 29       		.uleb128 0x29
 806 03c4 B2010000 		.4byte	.LASF37
 807 03c8 7D000000 		.4byte	0x7d
 808 03cc E0030000 		.4byte	0x3e0
 809 03d0 2A       		.uleb128 0x2a
 810 03d1 7D000000 		.4byte	0x7d
 811 03d5 2A       		.uleb128 0x2a
 812 03d6 25000000 		.4byte	0x25
 813 03da 2A       		.uleb128 0x2a
 814 03db 76000000 		.4byte	0x76
 815 03df 00       		.byte	0
 816 03e0 2B       		.uleb128 0x2b
 817 03e1 89010000 		.4byte	.LASF46
 818 03e5 04       		.byte	0x4
 819 03e6 AE       		.byte	0xae
 820 03e7 2C       		.uleb128 0x2c
 821 03e8 00000000 		.4byte	.LASF38
 822 03ec 04       		.byte	0x4
 823 03ed 7E       		.byte	0x7e
 824 03ee F8030000 		.4byte	0x3f8
 825 03f2 2A       		.uleb128 0x2a
 826 03f3 9C000000 		.4byte	0x9c
 827 03f7 00       		.byte	0
 828 03f8 2D       		.uleb128 0x2d
 829 03f9 54010000 		.4byte	.LASF40
 830 03fd 04       		.byte	0x4
 831 03fe B0       		.byte	0xb0
 832 03ff 9C000000 		.4byte	0x9c
 833 0403 0D040000 		.4byte	0x40d
 834 0407 2A       		.uleb128 0x2a
 835 0408 9C000000 		.4byte	0x9c
 836 040c 00       		.byte	0
 837 040d 2C       		.uleb128 0x2c
 838 040e D1020000 		.4byte	.LASF39
 839 0412 04       		.byte	0x4
 840 0413 2D       		.byte	0x2d
 841 0414 1E040000 		.4byte	0x41e
 842 0418 2A       		.uleb128 0x2a
 843 0419 9C000000 		.4byte	0x9c
 844 041d 00       		.byte	0
 845 041e 2D       		.uleb128 0x2d
 846 041f 9C020000 		.4byte	.LASF41
 847 0423 04       		.byte	0x4
 848 0424 A8       		.byte	0xa8
 849 0425 B5000000 		.4byte	0xb5
 850 0429 33040000 		.4byte	0x433
 851 042d 2A       		.uleb128 0x2a
 852 042e 9C000000 		.4byte	0x9c
 853 0432 00       		.byte	0
 854 0433 2E       		.uleb128 0x2e
ARM GAS  C:\Users\user\AppData\Local\Temp\ccTv7q1j.s 			page 23


 855 0434 8D020000 		.4byte	.LASF47
 856 0438 04       		.byte	0x4
 857 0439 7C       		.byte	0x7c
 858 043a 2A       		.uleb128 0x2a
 859 043b 91000000 		.4byte	0x91
 860 043f 00       		.byte	0
 861 0440 00       		.byte	0
 862              		.section	.debug_abbrev,"",%progbits
 863              	.Ldebug_abbrev0:
 864 0000 01       		.uleb128 0x1
 865 0001 11       		.uleb128 0x11
 866 0002 01       		.byte	0x1
 867 0003 25       		.uleb128 0x25
 868 0004 0E       		.uleb128 0xe
 869 0005 13       		.uleb128 0x13
 870 0006 0B       		.uleb128 0xb
 871 0007 03       		.uleb128 0x3
 872 0008 0E       		.uleb128 0xe
 873 0009 1B       		.uleb128 0x1b
 874 000a 0E       		.uleb128 0xe
 875 000b 55       		.uleb128 0x55
 876 000c 17       		.uleb128 0x17
 877 000d 11       		.uleb128 0x11
 878 000e 01       		.uleb128 0x1
 879 000f 10       		.uleb128 0x10
 880 0010 17       		.uleb128 0x17
 881 0011 00       		.byte	0
 882 0012 00       		.byte	0
 883 0013 02       		.uleb128 0x2
 884 0014 24       		.uleb128 0x24
 885 0015 00       		.byte	0
 886 0016 0B       		.uleb128 0xb
 887 0017 0B       		.uleb128 0xb
 888 0018 3E       		.uleb128 0x3e
 889 0019 0B       		.uleb128 0xb
 890 001a 03       		.uleb128 0x3
 891 001b 08       		.uleb128 0x8
 892 001c 00       		.byte	0
 893 001d 00       		.byte	0
 894 001e 03       		.uleb128 0x3
 895 001f 16       		.uleb128 0x16
 896 0020 00       		.byte	0
 897 0021 03       		.uleb128 0x3
 898 0022 0E       		.uleb128 0xe
 899 0023 3A       		.uleb128 0x3a
 900 0024 0B       		.uleb128 0xb
 901 0025 3B       		.uleb128 0x3b
 902 0026 0B       		.uleb128 0xb
 903 0027 49       		.uleb128 0x49
 904 0028 13       		.uleb128 0x13
 905 0029 00       		.byte	0
 906 002a 00       		.byte	0
 907 002b 04       		.uleb128 0x4
 908 002c 24       		.uleb128 0x24
 909 002d 00       		.byte	0
 910 002e 0B       		.uleb128 0xb
 911 002f 0B       		.uleb128 0xb
ARM GAS  C:\Users\user\AppData\Local\Temp\ccTv7q1j.s 			page 24


 912 0030 3E       		.uleb128 0x3e
 913 0031 0B       		.uleb128 0xb
 914 0032 03       		.uleb128 0x3
 915 0033 0E       		.uleb128 0xe
 916 0034 00       		.byte	0
 917 0035 00       		.byte	0
 918 0036 05       		.uleb128 0x5
 919 0037 0F       		.uleb128 0xf
 920 0038 00       		.byte	0
 921 0039 0B       		.uleb128 0xb
 922 003a 0B       		.uleb128 0xb
 923 003b 00       		.byte	0
 924 003c 00       		.byte	0
 925 003d 06       		.uleb128 0x6
 926 003e 16       		.uleb128 0x16
 927 003f 00       		.byte	0
 928 0040 03       		.uleb128 0x3
 929 0041 0E       		.uleb128 0xe
 930 0042 3A       		.uleb128 0x3a
 931 0043 0B       		.uleb128 0xb
 932 0044 3B       		.uleb128 0x3b
 933 0045 05       		.uleb128 0x5
 934 0046 49       		.uleb128 0x49
 935 0047 13       		.uleb128 0x13
 936 0048 00       		.byte	0
 937 0049 00       		.byte	0
 938 004a 07       		.uleb128 0x7
 939 004b 35       		.uleb128 0x35
 940 004c 00       		.byte	0
 941 004d 49       		.uleb128 0x49
 942 004e 13       		.uleb128 0x13
 943 004f 00       		.byte	0
 944 0050 00       		.byte	0
 945 0051 08       		.uleb128 0x8
 946 0052 13       		.uleb128 0x13
 947 0053 01       		.byte	0x1
 948 0054 0B       		.uleb128 0xb
 949 0055 0B       		.uleb128 0xb
 950 0056 3A       		.uleb128 0x3a
 951 0057 0B       		.uleb128 0xb
 952 0058 3B       		.uleb128 0x3b
 953 0059 0B       		.uleb128 0xb
 954 005a 01       		.uleb128 0x1
 955 005b 13       		.uleb128 0x13
 956 005c 00       		.byte	0
 957 005d 00       		.byte	0
 958 005e 09       		.uleb128 0x9
 959 005f 0D       		.uleb128 0xd
 960 0060 00       		.byte	0
 961 0061 03       		.uleb128 0x3
 962 0062 0E       		.uleb128 0xe
 963 0063 3A       		.uleb128 0x3a
 964 0064 0B       		.uleb128 0xb
 965 0065 3B       		.uleb128 0x3b
 966 0066 0B       		.uleb128 0xb
 967 0067 49       		.uleb128 0x49
 968 0068 13       		.uleb128 0x13
ARM GAS  C:\Users\user\AppData\Local\Temp\ccTv7q1j.s 			page 25


 969 0069 38       		.uleb128 0x38
 970 006a 0B       		.uleb128 0xb
 971 006b 00       		.byte	0
 972 006c 00       		.byte	0
 973 006d 0A       		.uleb128 0xa
 974 006e 2E       		.uleb128 0x2e
 975 006f 01       		.byte	0x1
 976 0070 03       		.uleb128 0x3
 977 0071 0E       		.uleb128 0xe
 978 0072 3A       		.uleb128 0x3a
 979 0073 0B       		.uleb128 0xb
 980 0074 3B       		.uleb128 0x3b
 981 0075 0B       		.uleb128 0xb
 982 0076 27       		.uleb128 0x27
 983 0077 19       		.uleb128 0x19
 984 0078 20       		.uleb128 0x20
 985 0079 0B       		.uleb128 0xb
 986 007a 01       		.uleb128 0x1
 987 007b 13       		.uleb128 0x13
 988 007c 00       		.byte	0
 989 007d 00       		.byte	0
 990 007e 0B       		.uleb128 0xb
 991 007f 05       		.uleb128 0x5
 992 0080 00       		.byte	0
 993 0081 03       		.uleb128 0x3
 994 0082 0E       		.uleb128 0xe
 995 0083 3A       		.uleb128 0x3a
 996 0084 0B       		.uleb128 0xb
 997 0085 3B       		.uleb128 0x3b
 998 0086 0B       		.uleb128 0xb
 999 0087 49       		.uleb128 0x49
 1000 0088 13       		.uleb128 0x13
 1001 0089 00       		.byte	0
 1002 008a 00       		.byte	0
 1003 008b 0C       		.uleb128 0xc
 1004 008c 34       		.uleb128 0x34
 1005 008d 00       		.byte	0
 1006 008e 03       		.uleb128 0x3
 1007 008f 08       		.uleb128 0x8
 1008 0090 3A       		.uleb128 0x3a
 1009 0091 0B       		.uleb128 0xb
 1010 0092 3B       		.uleb128 0x3b
 1011 0093 0B       		.uleb128 0xb
 1012 0094 49       		.uleb128 0x49
 1013 0095 13       		.uleb128 0x13
 1014 0096 00       		.byte	0
 1015 0097 00       		.byte	0
 1016 0098 0D       		.uleb128 0xd
 1017 0099 0B       		.uleb128 0xb
 1018 009a 01       		.byte	0x1
 1019 009b 00       		.byte	0
 1020 009c 00       		.byte	0
 1021 009d 0E       		.uleb128 0xe
 1022 009e 34       		.uleb128 0x34
 1023 009f 00       		.byte	0
 1024 00a0 03       		.uleb128 0x3
 1025 00a1 0E       		.uleb128 0xe
ARM GAS  C:\Users\user\AppData\Local\Temp\ccTv7q1j.s 			page 26


 1026 00a2 3A       		.uleb128 0x3a
 1027 00a3 0B       		.uleb128 0xb
 1028 00a4 3B       		.uleb128 0x3b
 1029 00a5 0B       		.uleb128 0xb
 1030 00a6 49       		.uleb128 0x49
 1031 00a7 13       		.uleb128 0x13
 1032 00a8 00       		.byte	0
 1033 00a9 00       		.byte	0
 1034 00aa 0F       		.uleb128 0xf
 1035 00ab 0F       		.uleb128 0xf
 1036 00ac 00       		.byte	0
 1037 00ad 0B       		.uleb128 0xb
 1038 00ae 0B       		.uleb128 0xb
 1039 00af 49       		.uleb128 0x49
 1040 00b0 13       		.uleb128 0x13
 1041 00b1 00       		.byte	0
 1042 00b2 00       		.byte	0
 1043 00b3 10       		.uleb128 0x10
 1044 00b4 26       		.uleb128 0x26
 1045 00b5 00       		.byte	0
 1046 00b6 49       		.uleb128 0x49
 1047 00b7 13       		.uleb128 0x13
 1048 00b8 00       		.byte	0
 1049 00b9 00       		.byte	0
 1050 00ba 11       		.uleb128 0x11
 1051 00bb 05       		.uleb128 0x5
 1052 00bc 00       		.byte	0
 1053 00bd 03       		.uleb128 0x3
 1054 00be 08       		.uleb128 0x8
 1055 00bf 3A       		.uleb128 0x3a
 1056 00c0 0B       		.uleb128 0xb
 1057 00c1 3B       		.uleb128 0x3b
 1058 00c2 0B       		.uleb128 0xb
 1059 00c3 49       		.uleb128 0x49
 1060 00c4 13       		.uleb128 0x13
 1061 00c5 00       		.byte	0
 1062 00c6 00       		.byte	0
 1063 00c7 12       		.uleb128 0x12
 1064 00c8 2E       		.uleb128 0x2e
 1065 00c9 00       		.byte	0
 1066 00ca 03       		.uleb128 0x3
 1067 00cb 0E       		.uleb128 0xe
 1068 00cc 3A       		.uleb128 0x3a
 1069 00cd 0B       		.uleb128 0xb
 1070 00ce 3B       		.uleb128 0x3b
 1071 00cf 0B       		.uleb128 0xb
 1072 00d0 27       		.uleb128 0x27
 1073 00d1 19       		.uleb128 0x19
 1074 00d2 20       		.uleb128 0x20
 1075 00d3 0B       		.uleb128 0xb
 1076 00d4 00       		.byte	0
 1077 00d5 00       		.byte	0
 1078 00d6 13       		.uleb128 0x13
 1079 00d7 2E       		.uleb128 0x2e
 1080 00d8 01       		.byte	0x1
 1081 00d9 3F       		.uleb128 0x3f
 1082 00da 19       		.uleb128 0x19
ARM GAS  C:\Users\user\AppData\Local\Temp\ccTv7q1j.s 			page 27


 1083 00db 03       		.uleb128 0x3
 1084 00dc 0E       		.uleb128 0xe
 1085 00dd 3A       		.uleb128 0x3a
 1086 00de 0B       		.uleb128 0xb
 1087 00df 3B       		.uleb128 0x3b
 1088 00e0 05       		.uleb128 0x5
 1089 00e1 27       		.uleb128 0x27
 1090 00e2 19       		.uleb128 0x19
 1091 00e3 11       		.uleb128 0x11
 1092 00e4 01       		.uleb128 0x1
 1093 00e5 12       		.uleb128 0x12
 1094 00e6 06       		.uleb128 0x6
 1095 00e7 40       		.uleb128 0x40
 1096 00e8 18       		.uleb128 0x18
 1097 00e9 9742     		.uleb128 0x2117
 1098 00eb 19       		.uleb128 0x19
 1099 00ec 01       		.uleb128 0x1
 1100 00ed 13       		.uleb128 0x13
 1101 00ee 00       		.byte	0
 1102 00ef 00       		.byte	0
 1103 00f0 14       		.uleb128 0x14
 1104 00f1 0B       		.uleb128 0xb
 1105 00f2 01       		.byte	0x1
 1106 00f3 55       		.uleb128 0x55
 1107 00f4 17       		.uleb128 0x17
 1108 00f5 01       		.uleb128 0x1
 1109 00f6 13       		.uleb128 0x13
 1110 00f7 00       		.byte	0
 1111 00f8 00       		.byte	0
 1112 00f9 15       		.uleb128 0x15
 1113 00fa 34       		.uleb128 0x34
 1114 00fb 00       		.byte	0
 1115 00fc 03       		.uleb128 0x3
 1116 00fd 0E       		.uleb128 0xe
 1117 00fe 3A       		.uleb128 0x3a
 1118 00ff 0B       		.uleb128 0xb
 1119 0100 3B       		.uleb128 0x3b
 1120 0101 05       		.uleb128 0x5
 1121 0102 49       		.uleb128 0x49
 1122 0103 13       		.uleb128 0x13
 1123 0104 00       		.byte	0
 1124 0105 00       		.byte	0
 1125 0106 16       		.uleb128 0x16
 1126 0107 13       		.uleb128 0x13
 1127 0108 01       		.byte	0x1
 1128 0109 0B       		.uleb128 0xb
 1129 010a 0B       		.uleb128 0xb
 1130 010b 3A       		.uleb128 0x3a
 1131 010c 0B       		.uleb128 0xb
 1132 010d 3B       		.uleb128 0x3b
 1133 010e 05       		.uleb128 0x5
 1134 010f 01       		.uleb128 0x1
 1135 0110 13       		.uleb128 0x13
 1136 0111 00       		.byte	0
 1137 0112 00       		.byte	0
 1138 0113 17       		.uleb128 0x17
 1139 0114 0D       		.uleb128 0xd
ARM GAS  C:\Users\user\AppData\Local\Temp\ccTv7q1j.s 			page 28


 1140 0115 00       		.byte	0
 1141 0116 03       		.uleb128 0x3
 1142 0117 0E       		.uleb128 0xe
 1143 0118 3A       		.uleb128 0x3a
 1144 0119 0B       		.uleb128 0xb
 1145 011a 3B       		.uleb128 0x3b
 1146 011b 05       		.uleb128 0x5
 1147 011c 49       		.uleb128 0x49
 1148 011d 13       		.uleb128 0x13
 1149 011e 38       		.uleb128 0x38
 1150 011f 0B       		.uleb128 0xb
 1151 0120 00       		.byte	0
 1152 0121 00       		.byte	0
 1153 0122 18       		.uleb128 0x18
 1154 0123 01       		.uleb128 0x1
 1155 0124 01       		.byte	0x1
 1156 0125 49       		.uleb128 0x49
 1157 0126 13       		.uleb128 0x13
 1158 0127 01       		.uleb128 0x1
 1159 0128 13       		.uleb128 0x13
 1160 0129 00       		.byte	0
 1161 012a 00       		.byte	0
 1162 012b 19       		.uleb128 0x19
 1163 012c 21       		.uleb128 0x21
 1164 012d 00       		.byte	0
 1165 012e 49       		.uleb128 0x49
 1166 012f 13       		.uleb128 0x13
 1167 0130 2F       		.uleb128 0x2f
 1168 0131 0B       		.uleb128 0xb
 1169 0132 00       		.byte	0
 1170 0133 00       		.byte	0
 1171 0134 1A       		.uleb128 0x1a
 1172 0135 34       		.uleb128 0x34
 1173 0136 00       		.byte	0
 1174 0137 03       		.uleb128 0x3
 1175 0138 08       		.uleb128 0x8
 1176 0139 3A       		.uleb128 0x3a
 1177 013a 0B       		.uleb128 0xb
 1178 013b 3B       		.uleb128 0x3b
 1179 013c 05       		.uleb128 0x5
 1180 013d 49       		.uleb128 0x49
 1181 013e 13       		.uleb128 0x13
 1182 013f 02       		.uleb128 0x2
 1183 0140 17       		.uleb128 0x17
 1184 0141 00       		.byte	0
 1185 0142 00       		.byte	0
 1186 0143 1B       		.uleb128 0x1b
 1187 0144 34       		.uleb128 0x34
 1188 0145 00       		.byte	0
 1189 0146 03       		.uleb128 0x3
 1190 0147 08       		.uleb128 0x8
 1191 0148 3A       		.uleb128 0x3a
 1192 0149 0B       		.uleb128 0xb
 1193 014a 3B       		.uleb128 0x3b
 1194 014b 05       		.uleb128 0x5
 1195 014c 49       		.uleb128 0x49
 1196 014d 13       		.uleb128 0x13
ARM GAS  C:\Users\user\AppData\Local\Temp\ccTv7q1j.s 			page 29


 1197 014e 00       		.byte	0
 1198 014f 00       		.byte	0
 1199 0150 1C       		.uleb128 0x1c
 1200 0151 1D       		.uleb128 0x1d
 1201 0152 01       		.byte	0x1
 1202 0153 31       		.uleb128 0x31
 1203 0154 13       		.uleb128 0x13
 1204 0155 52       		.uleb128 0x52
 1205 0156 01       		.uleb128 0x1
 1206 0157 55       		.uleb128 0x55
 1207 0158 17       		.uleb128 0x17
 1208 0159 58       		.uleb128 0x58
 1209 015a 0B       		.uleb128 0xb
 1210 015b 59       		.uleb128 0x59
 1211 015c 05       		.uleb128 0x5
 1212 015d 00       		.byte	0
 1213 015e 00       		.byte	0
 1214 015f 1D       		.uleb128 0x1d
 1215 0160 05       		.uleb128 0x5
 1216 0161 00       		.byte	0
 1217 0162 31       		.uleb128 0x31
 1218 0163 13       		.uleb128 0x13
 1219 0164 1C       		.uleb128 0x1c
 1220 0165 05       		.uleb128 0x5
 1221 0166 00       		.byte	0
 1222 0167 00       		.byte	0
 1223 0168 1E       		.uleb128 0x1e
 1224 0169 05       		.uleb128 0x5
 1225 016a 00       		.byte	0
 1226 016b 31       		.uleb128 0x31
 1227 016c 13       		.uleb128 0x13
 1228 016d 02       		.uleb128 0x2
 1229 016e 17       		.uleb128 0x17
 1230 016f 00       		.byte	0
 1231 0170 00       		.byte	0
 1232 0171 1F       		.uleb128 0x1f
 1233 0172 898201   		.uleb128 0x4109
 1234 0175 01       		.byte	0x1
 1235 0176 11       		.uleb128 0x11
 1236 0177 01       		.uleb128 0x1
 1237 0178 31       		.uleb128 0x31
 1238 0179 13       		.uleb128 0x13
 1239 017a 01       		.uleb128 0x1
 1240 017b 13       		.uleb128 0x13
 1241 017c 00       		.byte	0
 1242 017d 00       		.byte	0
 1243 017e 20       		.uleb128 0x20
 1244 017f 8A8201   		.uleb128 0x410a
 1245 0182 00       		.byte	0
 1246 0183 02       		.uleb128 0x2
 1247 0184 18       		.uleb128 0x18
 1248 0185 9142     		.uleb128 0x2111
 1249 0187 18       		.uleb128 0x18
 1250 0188 00       		.byte	0
 1251 0189 00       		.byte	0
 1252 018a 21       		.uleb128 0x21
 1253 018b 898201   		.uleb128 0x4109
ARM GAS  C:\Users\user\AppData\Local\Temp\ccTv7q1j.s 			page 30


 1254 018e 01       		.byte	0x1
 1255 018f 11       		.uleb128 0x11
 1256 0190 01       		.uleb128 0x1
 1257 0191 31       		.uleb128 0x31
 1258 0192 13       		.uleb128 0x13
 1259 0193 00       		.byte	0
 1260 0194 00       		.byte	0
 1261 0195 22       		.uleb128 0x22
 1262 0196 05       		.uleb128 0x5
 1263 0197 00       		.byte	0
 1264 0198 31       		.uleb128 0x31
 1265 0199 13       		.uleb128 0x13
 1266 019a 00       		.byte	0
 1267 019b 00       		.byte	0
 1268 019c 23       		.uleb128 0x23
 1269 019d 0B       		.uleb128 0xb
 1270 019e 01       		.byte	0x1
 1271 019f 55       		.uleb128 0x55
 1272 01a0 17       		.uleb128 0x17
 1273 01a1 00       		.byte	0
 1274 01a2 00       		.byte	0
 1275 01a3 24       		.uleb128 0x24
 1276 01a4 34       		.uleb128 0x34
 1277 01a5 00       		.byte	0
 1278 01a6 31       		.uleb128 0x31
 1279 01a7 13       		.uleb128 0x13
 1280 01a8 02       		.uleb128 0x2
 1281 01a9 17       		.uleb128 0x17
 1282 01aa 00       		.byte	0
 1283 01ab 00       		.byte	0
 1284 01ac 25       		.uleb128 0x25
 1285 01ad 34       		.uleb128 0x34
 1286 01ae 00       		.byte	0
 1287 01af 31       		.uleb128 0x31
 1288 01b0 13       		.uleb128 0x13
 1289 01b1 1C       		.uleb128 0x1c
 1290 01b2 06       		.uleb128 0x6
 1291 01b3 00       		.byte	0
 1292 01b4 00       		.byte	0
 1293 01b5 26       		.uleb128 0x26
 1294 01b6 1D       		.uleb128 0x1d
 1295 01b7 01       		.byte	0x1
 1296 01b8 31       		.uleb128 0x31
 1297 01b9 13       		.uleb128 0x13
 1298 01ba 52       		.uleb128 0x52
 1299 01bb 01       		.uleb128 0x1
 1300 01bc 55       		.uleb128 0x55
 1301 01bd 17       		.uleb128 0x17
 1302 01be 58       		.uleb128 0x58
 1303 01bf 0B       		.uleb128 0xb
 1304 01c0 59       		.uleb128 0x59
 1305 01c1 05       		.uleb128 0x5
 1306 01c2 01       		.uleb128 0x1
 1307 01c3 13       		.uleb128 0x13
 1308 01c4 00       		.byte	0
 1309 01c5 00       		.byte	0
 1310 01c6 27       		.uleb128 0x27
ARM GAS  C:\Users\user\AppData\Local\Temp\ccTv7q1j.s 			page 31


 1311 01c7 898201   		.uleb128 0x4109
 1312 01ca 00       		.byte	0
 1313 01cb 11       		.uleb128 0x11
 1314 01cc 01       		.uleb128 0x1
 1315 01cd 31       		.uleb128 0x31
 1316 01ce 13       		.uleb128 0x13
 1317 01cf 00       		.byte	0
 1318 01d0 00       		.byte	0
 1319 01d1 28       		.uleb128 0x28
 1320 01d2 1D       		.uleb128 0x1d
 1321 01d3 00       		.byte	0
 1322 01d4 31       		.uleb128 0x31
 1323 01d5 13       		.uleb128 0x13
 1324 01d6 52       		.uleb128 0x52
 1325 01d7 01       		.uleb128 0x1
 1326 01d8 55       		.uleb128 0x55
 1327 01d9 17       		.uleb128 0x17
 1328 01da 58       		.uleb128 0x58
 1329 01db 0B       		.uleb128 0xb
 1330 01dc 59       		.uleb128 0x59
 1331 01dd 05       		.uleb128 0x5
 1332 01de 00       		.byte	0
 1333 01df 00       		.byte	0
 1334 01e0 29       		.uleb128 0x29
 1335 01e1 2E       		.uleb128 0x2e
 1336 01e2 01       		.byte	0x1
 1337 01e3 3F       		.uleb128 0x3f
 1338 01e4 19       		.uleb128 0x19
 1339 01e5 03       		.uleb128 0x3
 1340 01e6 0E       		.uleb128 0xe
 1341 01e7 27       		.uleb128 0x27
 1342 01e8 19       		.uleb128 0x19
 1343 01e9 49       		.uleb128 0x49
 1344 01ea 13       		.uleb128 0x13
 1345 01eb 34       		.uleb128 0x34
 1346 01ec 19       		.uleb128 0x19
 1347 01ed 3C       		.uleb128 0x3c
 1348 01ee 19       		.uleb128 0x19
 1349 01ef 01       		.uleb128 0x1
 1350 01f0 13       		.uleb128 0x13
 1351 01f1 00       		.byte	0
 1352 01f2 00       		.byte	0
 1353 01f3 2A       		.uleb128 0x2a
 1354 01f4 05       		.uleb128 0x5
 1355 01f5 00       		.byte	0
 1356 01f6 49       		.uleb128 0x49
 1357 01f7 13       		.uleb128 0x13
 1358 01f8 00       		.byte	0
 1359 01f9 00       		.byte	0
 1360 01fa 2B       		.uleb128 0x2b
 1361 01fb 2E       		.uleb128 0x2e
 1362 01fc 00       		.byte	0
 1363 01fd 3F       		.uleb128 0x3f
 1364 01fe 19       		.uleb128 0x19
 1365 01ff 03       		.uleb128 0x3
 1366 0200 0E       		.uleb128 0xe
 1367 0201 3A       		.uleb128 0x3a
ARM GAS  C:\Users\user\AppData\Local\Temp\ccTv7q1j.s 			page 32


 1368 0202 0B       		.uleb128 0xb
 1369 0203 3B       		.uleb128 0x3b
 1370 0204 0B       		.uleb128 0xb
 1371 0205 27       		.uleb128 0x27
 1372 0206 19       		.uleb128 0x19
 1373 0207 3C       		.uleb128 0x3c
 1374 0208 19       		.uleb128 0x19
 1375 0209 00       		.byte	0
 1376 020a 00       		.byte	0
 1377 020b 2C       		.uleb128 0x2c
 1378 020c 2E       		.uleb128 0x2e
 1379 020d 01       		.byte	0x1
 1380 020e 3F       		.uleb128 0x3f
 1381 020f 19       		.uleb128 0x19
 1382 0210 03       		.uleb128 0x3
 1383 0211 0E       		.uleb128 0xe
 1384 0212 3A       		.uleb128 0x3a
 1385 0213 0B       		.uleb128 0xb
 1386 0214 3B       		.uleb128 0x3b
 1387 0215 0B       		.uleb128 0xb
 1388 0216 27       		.uleb128 0x27
 1389 0217 19       		.uleb128 0x19
 1390 0218 3C       		.uleb128 0x3c
 1391 0219 19       		.uleb128 0x19
 1392 021a 01       		.uleb128 0x1
 1393 021b 13       		.uleb128 0x13
 1394 021c 00       		.byte	0
 1395 021d 00       		.byte	0
 1396 021e 2D       		.uleb128 0x2d
 1397 021f 2E       		.uleb128 0x2e
 1398 0220 01       		.byte	0x1
 1399 0221 3F       		.uleb128 0x3f
 1400 0222 19       		.uleb128 0x19
 1401 0223 03       		.uleb128 0x3
 1402 0224 0E       		.uleb128 0xe
 1403 0225 3A       		.uleb128 0x3a
 1404 0226 0B       		.uleb128 0xb
 1405 0227 3B       		.uleb128 0x3b
 1406 0228 0B       		.uleb128 0xb
 1407 0229 27       		.uleb128 0x27
 1408 022a 19       		.uleb128 0x19
 1409 022b 49       		.uleb128 0x49
 1410 022c 13       		.uleb128 0x13
 1411 022d 3C       		.uleb128 0x3c
 1412 022e 19       		.uleb128 0x19
 1413 022f 01       		.uleb128 0x1
 1414 0230 13       		.uleb128 0x13
 1415 0231 00       		.byte	0
 1416 0232 00       		.byte	0
 1417 0233 2E       		.uleb128 0x2e
 1418 0234 2E       		.uleb128 0x2e
 1419 0235 01       		.byte	0x1
 1420 0236 3F       		.uleb128 0x3f
 1421 0237 19       		.uleb128 0x19
 1422 0238 03       		.uleb128 0x3
 1423 0239 0E       		.uleb128 0xe
 1424 023a 3A       		.uleb128 0x3a
ARM GAS  C:\Users\user\AppData\Local\Temp\ccTv7q1j.s 			page 33


 1425 023b 0B       		.uleb128 0xb
 1426 023c 3B       		.uleb128 0x3b
 1427 023d 0B       		.uleb128 0xb
 1428 023e 27       		.uleb128 0x27
 1429 023f 19       		.uleb128 0x19
 1430 0240 3C       		.uleb128 0x3c
 1431 0241 19       		.uleb128 0x19
 1432 0242 00       		.byte	0
 1433 0243 00       		.byte	0
 1434 0244 00       		.byte	0
 1435              		.section	.debug_loc,"",%progbits
 1436              	.Ldebug_loc0:
 1437              	.LLST0:
 1438 0000 0E000000 		.4byte	.LVL0
 1439 0004 18000000 		.4byte	.LVL1
 1440 0008 0200     		.2byte	0x2
 1441 000a 30       		.byte	0x30
 1442 000b 9F       		.byte	0x9f
 1443 000c 18000000 		.4byte	.LVL1
 1444 0010 22000000 		.4byte	.LVL2
 1445 0014 0200     		.2byte	0x2
 1446 0016 31       		.byte	0x31
 1447 0017 9F       		.byte	0x9f
 1448 0018 22000000 		.4byte	.LVL2
 1449 001c 74010000 		.4byte	.LFE8
 1450 0020 0200     		.2byte	0x2
 1451 0022 32       		.byte	0x32
 1452 0023 9F       		.byte	0x9f
 1453 0024 00000000 		.4byte	0
 1454 0028 00000000 		.4byte	0
 1455              	.LLST2:
 1456 002c 0E000000 		.4byte	.LVL0
 1457 0030 18000000 		.4byte	.LVL1
 1458 0034 0600     		.2byte	0x6
 1459 0036 0C       		.byte	0xc
 1460 0037 00300F40 		.4byte	0x400f3000
 1461 003b 9F       		.byte	0x9f
 1462 003c 18000000 		.4byte	.LVL1
 1463 0040 74010000 		.4byte	.LFE8
 1464 0044 0600     		.2byte	0x6
 1465 0046 0C       		.byte	0xc
 1466 0047 00400F40 		.4byte	0x400f4000
 1467 004b 9F       		.byte	0x9f
 1468 004c 00000000 		.4byte	0
 1469 0050 00000000 		.4byte	0
 1470              	.LLST3:
 1471 0054 22000000 		.4byte	.LVL2
 1472 0058 2E000000 		.4byte	.LVL4
 1473 005c 0200     		.2byte	0x2
 1474 005e 30       		.byte	0x30
 1475 005f 9F       		.byte	0x9f
 1476 0060 2E000000 		.4byte	.LVL4
 1477 0064 74010000 		.4byte	.LFE8
 1478 0068 0200     		.2byte	0x2
 1479 006a 31       		.byte	0x31
 1480 006b 9F       		.byte	0x9f
 1481 006c 00000000 		.4byte	0
ARM GAS  C:\Users\user\AppData\Local\Temp\ccTv7q1j.s 			page 34


 1482 0070 00000000 		.4byte	0
 1483              	.LLST4:
 1484 0074 22000000 		.4byte	.LVL2
 1485 0078 28000000 		.4byte	.LVL3
 1486 007c 0200     		.2byte	0x2
 1487 007e 30       		.byte	0x30
 1488 007f 9F       		.byte	0x9f
 1489 0080 28000000 		.4byte	.LVL3
 1490 0084 2E000000 		.4byte	.LVL4
 1491 0088 0200     		.2byte	0x2
 1492 008a 31       		.byte	0x31
 1493 008b 9F       		.byte	0x9f
 1494 008c 2E000000 		.4byte	.LVL4
 1495 0090 74010000 		.4byte	.LFE8
 1496 0094 0200     		.2byte	0x2
 1497 0096 32       		.byte	0x32
 1498 0097 9F       		.byte	0x9f
 1499 0098 00000000 		.4byte	0
 1500 009c 00000000 		.4byte	0
 1501              	.LLST5:
 1502 00a0 22000000 		.4byte	.LVL2
 1503 00a4 28000000 		.4byte	.LVL3
 1504 00a8 0200     		.2byte	0x2
 1505 00aa 32       		.byte	0x32
 1506 00ab 9F       		.byte	0x9f
 1507 00ac 28000000 		.4byte	.LVL3
 1508 00b0 2E000000 		.4byte	.LVL4
 1509 00b4 0200     		.2byte	0x2
 1510 00b6 31       		.byte	0x31
 1511 00b7 9F       		.byte	0x9f
 1512 00b8 2E000000 		.4byte	.LVL4
 1513 00bc 74010000 		.4byte	.LFE8
 1514 00c0 0200     		.2byte	0x2
 1515 00c2 30       		.byte	0x30
 1516 00c3 9F       		.byte	0x9f
 1517 00c4 00000000 		.4byte	0
 1518 00c8 00000000 		.4byte	0
 1519              		.section	.debug_aranges,"",%progbits
 1520 0000 1C000000 		.4byte	0x1c
 1521 0004 0200     		.2byte	0x2
 1522 0006 00000000 		.4byte	.Ldebug_info0
 1523 000a 04       		.byte	0x4
 1524 000b 00       		.byte	0
 1525 000c 0000     		.2byte	0
 1526 000e 0000     		.2byte	0
 1527 0010 00000000 		.4byte	.LFB8
 1528 0014 74010000 		.4byte	.LFE8-.LFB8
 1529 0018 00000000 		.4byte	0
 1530 001c 00000000 		.4byte	0
 1531              		.section	.debug_ranges,"",%progbits
 1532              	.Ldebug_ranges0:
 1533 0000 06000000 		.4byte	.LBB14
 1534 0004 08000000 		.4byte	.LBE14
 1535 0008 0A000000 		.4byte	.LBB30
 1536 000c 0C000000 		.4byte	.LBE30
 1537 0010 0E000000 		.4byte	.LBB31
 1538 0014 4E000000 		.4byte	.LBE31
ARM GAS  C:\Users\user\AppData\Local\Temp\ccTv7q1j.s 			page 35


 1539 0018 50000000 		.4byte	.LBB37
 1540 001c 52000000 		.4byte	.LBE37
 1541 0020 52000000 		.4byte	.LBB38
 1542 0024 6A000000 		.4byte	.LBE38
 1543 0028 00000000 		.4byte	0
 1544 002c 00000000 		.4byte	0
 1545 0030 06000000 		.4byte	.LBB15
 1546 0034 08000000 		.4byte	.LBE15
 1547 0038 0A000000 		.4byte	.LBB22
 1548 003c 0C000000 		.4byte	.LBE22
 1549 0040 0E000000 		.4byte	.LBB23
 1550 0044 22000000 		.4byte	.LBE23
 1551 0048 00000000 		.4byte	0
 1552 004c 00000000 		.4byte	0
 1553 0050 22000000 		.4byte	.LBB24
 1554 0054 2A000000 		.4byte	.LBE24
 1555 0058 2C000000 		.4byte	.LBB29
 1556 005c 2E000000 		.4byte	.LBE29
 1557 0060 00000000 		.4byte	0
 1558 0064 00000000 		.4byte	0
 1559 0068 4E000000 		.4byte	.LBB32
 1560 006c 50000000 		.4byte	.LBE32
 1561 0070 8C000000 		.4byte	.LBB39
 1562 0074 E6000000 		.4byte	.LBE39
 1563 0078 E8000000 		.4byte	.LBB44
 1564 007c EA000000 		.4byte	.LBE44
 1565 0080 EC000000 		.4byte	.LBB46
 1566 0084 EE000000 		.4byte	.LBE46
 1567 0088 00000000 		.4byte	0
 1568 008c 00000000 		.4byte	0
 1569 0090 E6000000 		.4byte	.LBB40
 1570 0094 E8000000 		.4byte	.LBE40
 1571 0098 EA000000 		.4byte	.LBB45
 1572 009c EC000000 		.4byte	.LBE45
 1573 00a0 EE000000 		.4byte	.LBB47
 1574 00a4 F8000000 		.4byte	.LBE47
 1575 00a8 00000000 		.4byte	0
 1576 00ac 00000000 		.4byte	0
 1577 00b0 00000000 		.4byte	.LFB8
 1578 00b4 74010000 		.4byte	.LFE8
 1579 00b8 00000000 		.4byte	0
 1580 00bc 00000000 		.4byte	0
 1581              		.section	.debug_line,"",%progbits
 1582              	.Ldebug_line0:
 1583 0000 68010000 		.section	.debug_str,"MS",%progbits,1
 1583      0200D800 
 1583      00000201 
 1583      FB0E0D00 
 1583      01010101 
 1584              	.LASF38:
 1585 0000 43794465 		.ascii	"CyDelayCycles\000"
 1585      6C617943 
 1585      79636C65 
 1585      7300
 1586              	.LASF19:
 1587 000e 72656733 		.ascii	"reg32\000"
 1587      3200
ARM GAS  C:\Users\user\AppData\Local\Temp\ccTv7q1j.s 			page 36


 1588              	.LASF11:
 1589 0014 73697A65 		.ascii	"size_t\000"
 1589      5F7400
 1590              	.LASF30:
 1591 001b 416E616C 		.ascii	"AnalogSetDefault\000"
 1591      6F675365 
 1591      74446566 
 1591      61756C74 
 1591      00
 1592              	.LASF21:
 1593 002c 76616C75 		.ascii	"value\000"
 1593      6500
 1594              	.LASF26:
 1595 0032 636F756E 		.ascii	"count\000"
 1595      7400
 1596              	.LASF29:
 1597 0038 436C6F63 		.ascii	"ClockSetup\000"
 1597      6B536574 
 1597      757000
 1598              	.LASF31:
 1599 0043 63795F63 		.ascii	"cy_cfg_addr_table\000"
 1599      66675F61 
 1599      6464725F 
 1599      7461626C 
 1599      6500
 1600              	.LASF32:
 1601 0055 63795F63 		.ascii	"cy_cfg_data_table\000"
 1601      66675F64 
 1601      6174615F 
 1601      7461626C 
 1601      6500
 1602              	.LASF44:
 1603 0067 433A5C55 		.ascii	"C:\\Users\\user\\Desktop\\ahmed project\\Connection"
 1603      73657273 
 1603      5C757365 
 1603      725C4465 
 1603      736B746F 
 1604 0095 5F506172 		.ascii	"_Parameters\\Connection_Parameters.cydsn\000"
 1604      616D6574 
 1604      6572735C 
 1604      436F6E6E 
 1604      65637469 
 1605              	.LASF42:
 1606 00bd 474E5520 		.ascii	"GNU C 4.8.4 20140526 (release) [ARM/embedded-4_8-br"
 1606      4320342E 
 1606      382E3420 
 1606      32303134 
 1606      30353236 
 1607 00f0 616E6368 		.ascii	"anch revision 211358] -mcpu=cortex-m0 -mthumb -g -O"
 1607      20726576 
 1607      6973696F 
 1607      6E203231 
 1607      31333538 
 1608 0123 73202D66 		.ascii	"s -ffunction-sections\000"
 1608      66756E63 
 1608      74696F6E 
 1608      2D736563 
ARM GAS  C:\Users\user\AppData\Local\Temp\ccTv7q1j.s 			page 37


 1608      74696F6E 
 1609              	.LASF15:
 1610 0139 666C6F61 		.ascii	"float\000"
 1610      7400
 1611              	.LASF36:
 1612 013f 6366675F 		.ascii	"cfg_memset_list\000"
 1612      6D656D73 
 1612      65745F6C 
 1612      69737400 
 1613              	.LASF34:
 1614 014f 73697A65 		.ascii	"size\000"
 1614      00
 1615              	.LASF40:
 1616 0154 43795379 		.ascii	"CySysClkWcoSetPowerMode\000"
 1616      73436C6B 
 1616      57636F53 
 1616      6574506F 
 1616      7765724D 
 1617              	.LASF18:
 1618 016c 72656738 		.ascii	"reg8\000"
 1618      00
 1619              	.LASF6:
 1620 0171 6C6F6E67 		.ascii	"long unsigned int\000"
 1620      20756E73 
 1620      69676E65 
 1620      6420696E 
 1620      7400
 1621              	.LASF12:
 1622 0183 75696E74 		.ascii	"uint8\000"
 1622      3800
 1623              	.LASF46:
 1624 0189 43795379 		.ascii	"CySysClkWcoStart\000"
 1624      73436C6B 
 1624      57636F53 
 1624      74617274 
 1624      00
 1625              	.LASF28:
 1626 019a 43594D45 		.ascii	"CYMEMZERO\000"
 1626      4D5A4552 
 1626      4F00
 1627              	.LASF2:
 1628 01a4 756E7369 		.ascii	"unsigned char\000"
 1628      676E6564 
 1628      20636861 
 1628      7200
 1629              	.LASF37:
 1630 01b2 6D656D73 		.ascii	"memset\000"
 1630      657400
 1631              	.LASF16:
 1632 01b9 646F7562 		.ascii	"double\000"
 1632      6C6500
 1633              	.LASF27:
 1634 01c0 6366675F 		.ascii	"cfg_write_bytes32\000"
 1634      77726974 
 1634      655F6279 
 1634      74657333 
 1634      3200
ARM GAS  C:\Users\user\AppData\Local\Temp\ccTv7q1j.s 			page 38


 1635              	.LASF45:
 1636 01d2 63796669 		.ascii	"cyfitter_cfg\000"
 1636      74746572 
 1636      5F636667 
 1636      00
 1637              	.LASF23:
 1638 01df 61646472 		.ascii	"addr_table\000"
 1638      5F746162 
 1638      6C6500
 1639              	.LASF13:
 1640 01ea 75696E74 		.ascii	"uint16\000"
 1640      313600
 1641              	.LASF24:
 1642 01f1 64617461 		.ascii	"data_table\000"
 1642      5F746162 
 1642      6C6500
 1643              	.LASF17:
 1644 01fc 63797374 		.ascii	"cystatus\000"
 1644      61747573 
 1644      00
 1645              	.LASF14:
 1646 0205 75696E74 		.ascii	"uint32\000"
 1646      333200
 1647              	.LASF0:
 1648 020c 756E7369 		.ascii	"unsigned int\000"
 1648      676E6564 
 1648      20696E74 
 1648      00
 1649              	.LASF33:
 1650 0219 61646472 		.ascii	"address\000"
 1650      65737300 
 1651              	.LASF8:
 1652 0221 6C6F6E67 		.ascii	"long long unsigned int\000"
 1652      206C6F6E 
 1652      6720756E 
 1652      7369676E 
 1652      65642069 
 1653              	.LASF35:
 1654 0238 6366675F 		.ascii	"cfg_memset_t\000"
 1654      6D656D73 
 1654      65745F74 
 1654      00
 1655              	.LASF25:
 1656 0245 62617365 		.ascii	"baseAddr\000"
 1656      41646472 
 1656      00
 1657              	.LASF9:
 1658 024e 73697A65 		.ascii	"sizetype\000"
 1658      74797065 
 1658      00
 1659              	.LASF43:
 1660 0257 2E5C4765 		.ascii	".\\Generated_Source\\PSoC4\\cyfitter_cfg.c\000"
 1660      6E657261 
 1660      7465645F 
 1660      536F7572 
 1660      63655C50 
 1661              	.LASF7:
ARM GAS  C:\Users\user\AppData\Local\Temp\ccTv7q1j.s 			page 39


 1662 027f 6C6F6E67 		.ascii	"long long int\000"
 1662      206C6F6E 
 1662      6720696E 
 1662      7400
 1663              	.LASF47:
 1664 028d 43794465 		.ascii	"CyDelayUs\000"
 1664      6C617955 
 1664      7300
 1665              	.LASF10:
 1666 0297 63686172 		.ascii	"char\000"
 1666      00
 1667              	.LASF41:
 1668 029c 43795379 		.ascii	"CySysClkEcoStart\000"
 1668      73436C6B 
 1668      45636F53 
 1668      74617274 
 1668      00
 1669              	.LASF22:
 1670 02ad 63795F63 		.ascii	"cy_cfg_addrvalue_t\000"
 1670      66675F61 
 1670      64647276 
 1670      616C7565 
 1670      5F7400
 1671              	.LASF20:
 1672 02c0 6F666673 		.ascii	"offset\000"
 1672      657400
 1673              	.LASF3:
 1674 02c7 73686F72 		.ascii	"short int\000"
 1674      7420696E 
 1674      7400
 1675              	.LASF39:
 1676 02d1 43795379 		.ascii	"CySysClkWriteImoFreq\000"
 1676      73436C6B 
 1676      57726974 
 1676      65496D6F 
 1676      46726571 
 1677              	.LASF5:
 1678 02e6 6C6F6E67 		.ascii	"long int\000"
 1678      20696E74 
 1678      00
 1679              	.LASF1:
 1680 02ef 7369676E 		.ascii	"signed char\000"
 1680      65642063 
 1680      68617200 
 1681              	.LASF4:
 1682 02fb 73686F72 		.ascii	"short unsigned int\000"
 1682      7420756E 
 1682      7369676E 
 1682      65642069 
 1682      6E7400
 1683              		.ident	"GCC: (GNU Tools for ARM Embedded Processors) 4.8.4 20140526 (release) [ARM/embedded-4_8-br
