ARM GAS  C:\Users\user\AppData\Local\Temp\ccueBMFa.s 			page 1


   1              		.cpu cortex-m0
   2              		.fpu softvfp
   3              		.eabi_attribute 20, 1
   4              		.eabi_attribute 21, 1
   5              		.eabi_attribute 23, 3
   6              		.eabi_attribute 24, 1
   7              		.eabi_attribute 25, 1
   8              		.eabi_attribute 26, 1
   9              		.eabi_attribute 30, 4
  10              		.eabi_attribute 34, 0
  11              		.eabi_attribute 18, 4
  12              		.code	16
  13              		.file	"cyPm.c"
  14              		.text
  15              	.Ltext0:
  16              		.cfi_sections	.debug_frame
  17              		.section	.text.CySysPmSleep,"ax",%progbits
  18              		.align	1
  19              		.global	CySysPmSleep
  20              		.code	16
  21              		.thumb_func
  22              		.type	CySysPmSleep, %function
  23              	CySysPmSleep:
  24              	.LFB2:
  25              		.file 1 ".\\Generated_Source\\PSoC4\\cyPm.c"
   1:.\Generated_Source\PSoC4/cyPm.c **** /*******************************************************************************
   2:.\Generated_Source\PSoC4/cyPm.c **** * File Name: cyPm.c
   3:.\Generated_Source\PSoC4/cyPm.c **** * Version 4.20
   4:.\Generated_Source\PSoC4/cyPm.c **** *
   5:.\Generated_Source\PSoC4/cyPm.c **** *  Description:
   6:.\Generated_Source\PSoC4/cyPm.c **** *   Provides an API for the power management.
   7:.\Generated_Source\PSoC4/cyPm.c **** *
   8:.\Generated_Source\PSoC4/cyPm.c **** *  Note:
   9:.\Generated_Source\PSoC4/cyPm.c **** *   Documentation of the API's in this file is located in the
  10:.\Generated_Source\PSoC4/cyPm.c **** *   System Reference Guide provided with PSoC Creator.
  11:.\Generated_Source\PSoC4/cyPm.c **** *
  12:.\Generated_Source\PSoC4/cyPm.c **** ********************************************************************************
  13:.\Generated_Source\PSoC4/cyPm.c **** * Copyright 2011-2014, Cypress Semiconductor Corporation.  All rights reserved.
  14:.\Generated_Source\PSoC4/cyPm.c **** * You may use this file only in accordance with the license, terms, conditions,
  15:.\Generated_Source\PSoC4/cyPm.c **** * disclaimers, and limitations in the end user license agreement accompanying
  16:.\Generated_Source\PSoC4/cyPm.c **** * the software package with which this file was provided.
  17:.\Generated_Source\PSoC4/cyPm.c **** *******************************************************************************/
  18:.\Generated_Source\PSoC4/cyPm.c **** 
  19:.\Generated_Source\PSoC4/cyPm.c **** #include "cyPm.h"
  20:.\Generated_Source\PSoC4/cyPm.c **** #include "CyLib.h"
  21:.\Generated_Source\PSoC4/cyPm.c **** 
  22:.\Generated_Source\PSoC4/cyPm.c **** 
  23:.\Generated_Source\PSoC4/cyPm.c **** /*******************************************************************************
  24:.\Generated_Source\PSoC4/cyPm.c **** * Function Name: CySysPmSleep
  25:.\Generated_Source\PSoC4/cyPm.c **** ********************************************************************************
  26:.\Generated_Source\PSoC4/cyPm.c **** *
  27:.\Generated_Source\PSoC4/cyPm.c **** * Summary:
  28:.\Generated_Source\PSoC4/cyPm.c **** *  Puts the part into the Sleep state. This is a CPU-centric power mode.
  29:.\Generated_Source\PSoC4/cyPm.c **** *  It means that the CPU has indicated that it is in the sleep mode and
  30:.\Generated_Source\PSoC4/cyPm.c **** *  its main clock can be removed. It is identical to Active from a peripheral
  31:.\Generated_Source\PSoC4/cyPm.c **** *  point of view. Any enabled interrupts can cause wakeup from the  Sleep mode.
  32:.\Generated_Source\PSoC4/cyPm.c **** *
ARM GAS  C:\Users\user\AppData\Local\Temp\ccueBMFa.s 			page 2


  33:.\Generated_Source\PSoC4/cyPm.c **** * Parameters:
  34:.\Generated_Source\PSoC4/cyPm.c **** *  None
  35:.\Generated_Source\PSoC4/cyPm.c **** *
  36:.\Generated_Source\PSoC4/cyPm.c **** * Return:
  37:.\Generated_Source\PSoC4/cyPm.c **** *  None
  38:.\Generated_Source\PSoC4/cyPm.c **** *
  39:.\Generated_Source\PSoC4/cyPm.c **** *******************************************************************************/
  40:.\Generated_Source\PSoC4/cyPm.c **** void CySysPmSleep(void)
  41:.\Generated_Source\PSoC4/cyPm.c **** {
  26              		.loc 1 41 0
  27              		.cfi_startproc
  28 0000 08B5     		push	{r3, lr}
  29              		.cfi_def_cfa_offset 8
  30              		.cfi_offset 3, -8
  31              		.cfi_offset 14, -4
  42:.\Generated_Source\PSoC4/cyPm.c ****     uint8 interruptState;
  43:.\Generated_Source\PSoC4/cyPm.c **** 
  44:.\Generated_Source\PSoC4/cyPm.c ****     interruptState = CyEnterCriticalSection();
  32              		.loc 1 44 0
  33 0002 FFF7FEFF 		bl	CyEnterCriticalSection
  34              	.LVL0:
  45:.\Generated_Source\PSoC4/cyPm.c **** 
  46:.\Generated_Source\PSoC4/cyPm.c ****     /* CM0 enters Sleep mode upon execution of WFI */
  47:.\Generated_Source\PSoC4/cyPm.c ****     CY_PM_CM0_SCR_REG &= (uint32) (~CY_PM_CM0_SCR_SLEEPDEEP);
  35              		.loc 1 47 0
  36 0006 044B     		ldr	r3, .L2
  37 0008 0421     		mov	r1, #4
  38 000a 1A68     		ldr	r2, [r3]
  39 000c 8A43     		bic	r2, r1
  40 000e 1A60     		str	r2, [r3]
  48:.\Generated_Source\PSoC4/cyPm.c **** 
  49:.\Generated_Source\PSoC4/cyPm.c ****     /* Sleep and wait for interrupt */
  50:.\Generated_Source\PSoC4/cyPm.c ****     CY_PM_WFI;
  41              		.loc 1 50 0
  42              	@ 50 ".\Generated_Source\PSoC4\cyPm.c" 1
  43 0010 30BF     		WFI 
  44              	
  45              	@ 0 "" 2
  51:.\Generated_Source\PSoC4/cyPm.c **** 
  52:.\Generated_Source\PSoC4/cyPm.c ****     CyExitCriticalSection(interruptState);
  46              		.loc 1 52 0
  47              		.code	16
  48 0012 FFF7FEFF 		bl	CyExitCriticalSection
  49              	.LVL1:
  53:.\Generated_Source\PSoC4/cyPm.c **** }
  50              		.loc 1 53 0
  51              		@ sp needed
  52 0016 08BD     		pop	{r3, pc}
  53              	.L3:
  54              		.align	2
  55              	.L2:
  56 0018 10ED00E0 		.word	-536810224
  57              		.cfi_endproc
  58              	.LFE2:
  59              		.size	CySysPmSleep, .-CySysPmSleep
  60              		.section	.text.CySysPmDeepSleep,"ax",%progbits
  61              		.align	1
ARM GAS  C:\Users\user\AppData\Local\Temp\ccueBMFa.s 			page 3


  62              		.global	CySysPmDeepSleep
  63              		.code	16
  64              		.thumb_func
  65              		.type	CySysPmDeepSleep, %function
  66              	CySysPmDeepSleep:
  67              	.LFB3:
  54:.\Generated_Source\PSoC4/cyPm.c **** 
  55:.\Generated_Source\PSoC4/cyPm.c **** 
  56:.\Generated_Source\PSoC4/cyPm.c **** /*******************************************************************************
  57:.\Generated_Source\PSoC4/cyPm.c **** * Function Name: CySysPmDeepSleep
  58:.\Generated_Source\PSoC4/cyPm.c **** ********************************************************************************
  59:.\Generated_Source\PSoC4/cyPm.c **** *
  60:.\Generated_Source\PSoC4/cyPm.c **** * Summary:
  61:.\Generated_Source\PSoC4/cyPm.c **** *  Puts the part into the Deep Sleep state. If the firmware attempts to enter
  62:.\Generated_Source\PSoC4/cyPm.c **** *  this mode before the system is ready (that is, when
  63:.\Generated_Source\PSoC4/cyPm.c **** *  PWR_CONTROL.LPM_READY = 0), then the device will go into the Sleep mode
  64:.\Generated_Source\PSoC4/cyPm.c **** *  instead and automatically enter the originally intended mode when the
  65:.\Generated_Source\PSoC4/cyPm.c **** *  holdoff expires.
  66:.\Generated_Source\PSoC4/cyPm.c **** *
  67:.\Generated_Source\PSoC4/cyPm.c **** *  The wakeup occurs when an interrupt is received from a DeepSleep or
  68:.\Generated_Source\PSoC4/cyPm.c **** *  Hibernate peripheral. For more details, see a corresponding
  69:.\Generated_Source\PSoC4/cyPm.c **** *  peripheral's datasheet.
  70:.\Generated_Source\PSoC4/cyPm.c **** *
  71:.\Generated_Source\PSoC4/cyPm.c **** * Parameters:
  72:.\Generated_Source\PSoC4/cyPm.c **** *  None
  73:.\Generated_Source\PSoC4/cyPm.c **** *
  74:.\Generated_Source\PSoC4/cyPm.c **** * Return:
  75:.\Generated_Source\PSoC4/cyPm.c **** *  None
  76:.\Generated_Source\PSoC4/cyPm.c **** *
  77:.\Generated_Source\PSoC4/cyPm.c **** *******************************************************************************/
  78:.\Generated_Source\PSoC4/cyPm.c **** void CySysPmDeepSleep(void)
  79:.\Generated_Source\PSoC4/cyPm.c **** {
  68              		.loc 1 79 0
  69              		.cfi_startproc
  70 0000 37B5     		push	{r0, r1, r2, r4, r5, lr}
  71              		.cfi_def_cfa_offset 24
  72              		.cfi_offset 0, -24
  73              		.cfi_offset 1, -20
  74              		.cfi_offset 2, -16
  75              		.cfi_offset 4, -12
  76              		.cfi_offset 5, -8
  77              		.cfi_offset 14, -4
  80:.\Generated_Source\PSoC4/cyPm.c ****     uint8 interruptState;
  81:.\Generated_Source\PSoC4/cyPm.c ****     #if(CY_IP_SRSSV2)
  82:.\Generated_Source\PSoC4/cyPm.c ****         volatile uint32 clkSelectReg;
  83:.\Generated_Source\PSoC4/cyPm.c ****     #endif /* (CY_IP_SRSSV2) */
  84:.\Generated_Source\PSoC4/cyPm.c **** 
  85:.\Generated_Source\PSoC4/cyPm.c ****     interruptState = CyEnterCriticalSection();
  78              		.loc 1 85 0
  79 0002 FFF7FEFF 		bl	CyEnterCriticalSection
  80              	.LVL2:
  86:.\Generated_Source\PSoC4/cyPm.c **** 
  87:.\Generated_Source\PSoC4/cyPm.c ****     #if(CY_IP_SRSSV2)
  88:.\Generated_Source\PSoC4/cyPm.c ****         /* Device enters DeepSleep mode when CPU asserts SLEEPDEEP signal */
  89:.\Generated_Source\PSoC4/cyPm.c ****         CY_PM_PWR_CONTROL_REG &= (uint32) (~CY_PM_PWR_CONTROL_HIBERNATE);
  81              		.loc 1 89 0
  82 0006 0E4B     		ldr	r3, .L5
ARM GAS  C:\Users\user\AppData\Local\Temp\ccueBMFa.s 			page 4


  90:.\Generated_Source\PSoC4/cyPm.c ****     #endif /* (CY_IP_SRSSV2) */
  91:.\Generated_Source\PSoC4/cyPm.c **** 
  92:.\Generated_Source\PSoC4/cyPm.c ****     #if (CY_PSOC4_4100 || CY_PSOC4_4200)
  93:.\Generated_Source\PSoC4/cyPm.c ****         CY_PM_CPUSS_CONFIG_REG |= CY_PM_CPUSS_CONFIG_FLSH_ACC_BYPASS;
  94:.\Generated_Source\PSoC4/cyPm.c ****     #endif /* (CY_PSOC4_4100 || CY_PSOC4_4200) */
  95:.\Generated_Source\PSoC4/cyPm.c **** 
  96:.\Generated_Source\PSoC4/cyPm.c ****     /* Adjust delay to wait for references to settle on wakeup from Deep Sleep */
  97:.\Generated_Source\PSoC4/cyPm.c ****     CY_PM_PWR_KEY_DELAY_REG = CY_SFLASH_DPSLP_KEY_DELAY_REG;
  98:.\Generated_Source\PSoC4/cyPm.c **** 
  99:.\Generated_Source\PSoC4/cyPm.c ****     /* CM0 enters DeepSleep/Hibernate mode upon execution of WFI */
 100:.\Generated_Source\PSoC4/cyPm.c ****     CY_PM_CM0_SCR_REG |= CY_PM_CM0_SCR_SLEEPDEEP;
  83              		.loc 1 100 0
  84 0008 0421     		mov	r1, #4
  89:.\Generated_Source\PSoC4/cyPm.c ****         CY_PM_PWR_CONTROL_REG &= (uint32) (~CY_PM_PWR_CONTROL_HIBERNATE);
  85              		.loc 1 89 0
  86 000a 1A68     		ldr	r2, [r3]
 101:.\Generated_Source\PSoC4/cyPm.c **** 
 102:.\Generated_Source\PSoC4/cyPm.c ****     #if(CY_IP_SRSSV2)
 103:.\Generated_Source\PSoC4/cyPm.c ****         /* Preserve system clock configuration and
 104:.\Generated_Source\PSoC4/cyPm.c ****         * reduce sysclk to <=12 MHz (Cypress ID #158710, #179888).
 105:.\Generated_Source\PSoC4/cyPm.c ****         */
 106:.\Generated_Source\PSoC4/cyPm.c ****         clkSelectReg = CY_SYS_CLK_SELECT_REG;
  87              		.loc 1 106 0
  88 000c 0D4C     		ldr	r4, .L5+4
  89:.\Generated_Source\PSoC4/cyPm.c ****         CY_PM_PWR_CONTROL_REG &= (uint32) (~CY_PM_PWR_CONTROL_HIBERNATE);
  89              		.loc 1 89 0
  90 000e 5200     		lsl	r2, r2, #1
  91 0010 5208     		lsr	r2, r2, #1
  92 0012 1A60     		str	r2, [r3]
  97:.\Generated_Source\PSoC4/cyPm.c ****     CY_PM_PWR_KEY_DELAY_REG = CY_SFLASH_DPSLP_KEY_DELAY_REG;
  93              		.loc 1 97 0
  94 0014 0C4B     		ldr	r3, .L5+8
  85:.\Generated_Source\PSoC4/cyPm.c ****     interruptState = CyEnterCriticalSection();
  95              		.loc 1 85 0
  96 0016 051C     		mov	r5, r0
  97              	.LVL3:
  97:.\Generated_Source\PSoC4/cyPm.c ****     CY_PM_PWR_KEY_DELAY_REG = CY_SFLASH_DPSLP_KEY_DELAY_REG;
  98              		.loc 1 97 0
  99 0018 1A88     		ldrh	r2, [r3]
 100 001a 0C4B     		ldr	r3, .L5+12
 101 001c 92B2     		uxth	r2, r2
 102 001e 1A60     		str	r2, [r3]
 100:.\Generated_Source\PSoC4/cyPm.c ****     CY_PM_CM0_SCR_REG |= CY_PM_CM0_SCR_SLEEPDEEP;
 103              		.loc 1 100 0
 104 0020 0B4B     		ldr	r3, .L5+16
 107:.\Generated_Source\PSoC4/cyPm.c ****         CySysClkWriteSysclkDiv(CY_SYS_CLK_SYSCLK_DIV4);
 105              		.loc 1 107 0
 106 0022 0220     		mov	r0, #2
 107              	.LVL4:
 100:.\Generated_Source\PSoC4/cyPm.c ****     CY_PM_CM0_SCR_REG |= CY_PM_CM0_SCR_SLEEPDEEP;
 108              		.loc 1 100 0
 109 0024 1A68     		ldr	r2, [r3]
 110 0026 0A43     		orr	r2, r1
 111 0028 1A60     		str	r2, [r3]
 106:.\Generated_Source\PSoC4/cyPm.c ****         clkSelectReg = CY_SYS_CLK_SELECT_REG;
 112              		.loc 1 106 0
 113 002a 2368     		ldr	r3, [r4]
ARM GAS  C:\Users\user\AppData\Local\Temp\ccueBMFa.s 			page 5


 114 002c 0193     		str	r3, [sp, #4]
 115              		.loc 1 107 0
 116 002e FFF7FEFF 		bl	CySysClkWriteSysclkDiv
 117              	.LVL5:
 108:.\Generated_Source\PSoC4/cyPm.c ****     #endif /* (CY_IP_SRSSV2) */
 109:.\Generated_Source\PSoC4/cyPm.c **** 
 110:.\Generated_Source\PSoC4/cyPm.c ****     /* Sleep and wait for interrupt */
 111:.\Generated_Source\PSoC4/cyPm.c ****     CY_PM_WFI;
 118              		.loc 1 111 0
 119              	@ 111 ".\Generated_Source\PSoC4\cyPm.c" 1
 120 0032 30BF     		WFI 
 121              	
 122              	@ 0 "" 2
 112:.\Generated_Source\PSoC4/cyPm.c **** 
 113:.\Generated_Source\PSoC4/cyPm.c ****     #if(CY_IP_SRSSV2)
 114:.\Generated_Source\PSoC4/cyPm.c ****         /* Restore system clock configuration */
 115:.\Generated_Source\PSoC4/cyPm.c ****         CY_SYS_CLK_SELECT_REG = clkSelectReg;
 123              		.loc 1 115 0
 124              		.code	16
 125 0034 019B     		ldr	r3, [sp, #4]
 116:.\Generated_Source\PSoC4/cyPm.c ****     #endif /* (CY_IP_SRSSV2) */
 117:.\Generated_Source\PSoC4/cyPm.c **** 
 118:.\Generated_Source\PSoC4/cyPm.c ****     #if (CY_PSOC4_4100 || CY_PSOC4_4200)
 119:.\Generated_Source\PSoC4/cyPm.c ****         CY_PM_CPUSS_CONFIG_REG &= (uint32) (~CY_PM_CPUSS_CONFIG_FLSH_ACC_BYPASS);
 120:.\Generated_Source\PSoC4/cyPm.c ****     #endif /* (CY_PSOC4_4100 || CY_PSOC4_4200) */
 121:.\Generated_Source\PSoC4/cyPm.c **** 
 122:.\Generated_Source\PSoC4/cyPm.c ****     CyExitCriticalSection(interruptState);
 126              		.loc 1 122 0
 127 0036 281C     		mov	r0, r5
 115:.\Generated_Source\PSoC4/cyPm.c ****         CY_SYS_CLK_SELECT_REG = clkSelectReg;
 128              		.loc 1 115 0
 129 0038 2360     		str	r3, [r4]
 130              		.loc 1 122 0
 131 003a FFF7FEFF 		bl	CyExitCriticalSection
 132              	.LVL6:
 123:.\Generated_Source\PSoC4/cyPm.c **** }
 133              		.loc 1 123 0
 134              		@ sp needed
 135              	.LVL7:
 136 003e 37BD     		pop	{r0, r1, r2, r4, r5, pc}
 137              	.L6:
 138              		.align	2
 139              	.L5:
 140 0040 00000B40 		.word	1074462720
 141 0044 00010B40 		.word	1074462976
 142 0048 52F1FF0F 		.word	268431698
 143 004c 0C000B40 		.word	1074462732
 144 0050 10ED00E0 		.word	-536810224
 145              		.cfi_endproc
 146              	.LFE3:
 147              		.size	CySysPmDeepSleep, .-CySysPmDeepSleep
 148              		.section	.text.CySysPmHibernate,"ax",%progbits
 149              		.align	1
 150              		.global	CySysPmHibernate
 151              		.code	16
 152              		.thumb_func
 153              		.type	CySysPmHibernate, %function
ARM GAS  C:\Users\user\AppData\Local\Temp\ccueBMFa.s 			page 6


 154              	CySysPmHibernate:
 155              	.LFB4:
 124:.\Generated_Source\PSoC4/cyPm.c **** 
 125:.\Generated_Source\PSoC4/cyPm.c **** 
 126:.\Generated_Source\PSoC4/cyPm.c **** #if(CY_IP_SRSSV2)
 127:.\Generated_Source\PSoC4/cyPm.c **** 
 128:.\Generated_Source\PSoC4/cyPm.c ****     /*******************************************************************************
 129:.\Generated_Source\PSoC4/cyPm.c ****     * Function Name: CySysPmHibernate
 130:.\Generated_Source\PSoC4/cyPm.c ****     ********************************************************************************
 131:.\Generated_Source\PSoC4/cyPm.c ****     *
 132:.\Generated_Source\PSoC4/cyPm.c ****     * Summary:
 133:.\Generated_Source\PSoC4/cyPm.c ****     *  Puts the part into the Hibernate state. Only SRAM and UDBs are retained;
 134:.\Generated_Source\PSoC4/cyPm.c ****     *  most internal supplies are off. Wakeup is possible from a pin or a hibernate
 135:.\Generated_Source\PSoC4/cyPm.c ****     *  comparator only.
 136:.\Generated_Source\PSoC4/cyPm.c ****     *
 137:.\Generated_Source\PSoC4/cyPm.c ****     *  It is expected that the firmware has already frozen the IO-Cells using
 138:.\Generated_Source\PSoC4/cyPm.c ****     *  CySysPmFreezeIo() function before the call to this function. If this is
 139:.\Generated_Source\PSoC4/cyPm.c ****     *  omitted, the IO-cells will be frozen in the same way as they are
 140:.\Generated_Source\PSoC4/cyPm.c ****     *  in the Active to Deep Sleep transition, but will lose their state on wake up
 141:.\Generated_Source\PSoC4/cyPm.c ****     *  (because of the reset occurring at that time).
 142:.\Generated_Source\PSoC4/cyPm.c ****     *
 143:.\Generated_Source\PSoC4/cyPm.c ****     *  Because all the CPU state is lost, the CPU will start up at the reset vector.
 144:.\Generated_Source\PSoC4/cyPm.c ****     *  To save the firmware state through the Hibernate low power mode, a
 145:.\Generated_Source\PSoC4/cyPm.c ****     *  corresponding variable should be defined with CY_NOINIT attribute. It
 146:.\Generated_Source\PSoC4/cyPm.c ****     *  prevents data from being initialized to zero on startup. The interrupt
 147:.\Generated_Source\PSoC4/cyPm.c ****     *  cause of the hibernate peripheral is retained, such that it can be either
 148:.\Generated_Source\PSoC4/cyPm.c ****     *  read by the firmware or cause an interrupt after the firmware has booted and
 149:.\Generated_Source\PSoC4/cyPm.c ****     *  enabled the corresponding interrupt. To distinguish the wakeup from
 150:.\Generated_Source\PSoC4/cyPm.c ****     *  the Hibernate mode and the general Reset event, the CySysPmGetResetReason()
 151:.\Generated_Source\PSoC4/cyPm.c ****     *  function could be used.
 152:.\Generated_Source\PSoC4/cyPm.c ****     *
 153:.\Generated_Source\PSoC4/cyPm.c ****     * Parameters:
 154:.\Generated_Source\PSoC4/cyPm.c ****     *  None
 155:.\Generated_Source\PSoC4/cyPm.c ****     *
 156:.\Generated_Source\PSoC4/cyPm.c ****     * Return:
 157:.\Generated_Source\PSoC4/cyPm.c ****     *  None
 158:.\Generated_Source\PSoC4/cyPm.c ****     *
 159:.\Generated_Source\PSoC4/cyPm.c ****     *******************************************************************************/
 160:.\Generated_Source\PSoC4/cyPm.c ****     void CySysPmHibernate(void)
 161:.\Generated_Source\PSoC4/cyPm.c ****     {
 156              		.loc 1 161 0
 157              		.cfi_startproc
 158 0000 08B5     		push	{r3, lr}
 159              		.cfi_def_cfa_offset 8
 160              		.cfi_offset 3, -8
 161              		.cfi_offset 14, -4
 162:.\Generated_Source\PSoC4/cyPm.c ****         uint8 interruptState;
 163:.\Generated_Source\PSoC4/cyPm.c **** 
 164:.\Generated_Source\PSoC4/cyPm.c ****         interruptState = CyEnterCriticalSection();
 162              		.loc 1 164 0
 163 0002 FFF7FEFF 		bl	CyEnterCriticalSection
 164              	.LVL8:
 165:.\Generated_Source\PSoC4/cyPm.c **** 
 166:.\Generated_Source\PSoC4/cyPm.c ****         /* Device enters Hibernate mode when CPU asserts SLEEPDEEP signal */
 167:.\Generated_Source\PSoC4/cyPm.c ****         CY_PM_PWR_CONTROL_REG |= CY_PM_PWR_CONTROL_HIBERNATE;
 165              		.loc 1 167 0
 166 0006 0D4B     		ldr	r3, .L8
ARM GAS  C:\Users\user\AppData\Local\Temp\ccueBMFa.s 			page 7


 167 0008 8022     		mov	r2, #128
 168 000a 1968     		ldr	r1, [r3]
 169 000c 1206     		lsl	r2, r2, #24
 170 000e 0A43     		orr	r2, r1
 171 0010 1A60     		str	r2, [r3]
 168:.\Generated_Source\PSoC4/cyPm.c **** 
 169:.\Generated_Source\PSoC4/cyPm.c ****         /* Adjust delay to wait for references to settle on wakeup from hibernate */
 170:.\Generated_Source\PSoC4/cyPm.c ****         CY_PM_PWR_KEY_DELAY_REG = CY_SFLASH_HIB_KEY_DELAY_REG;
 172              		.loc 1 170 0
 173 0012 0B4B     		ldr	r3, .L8+4
 171:.\Generated_Source\PSoC4/cyPm.c **** 
 172:.\Generated_Source\PSoC4/cyPm.c ****         /* CM0 enters DeepSleep/Hibernate mode upon execution of WFI */
 173:.\Generated_Source\PSoC4/cyPm.c ****         CY_PM_CM0_SCR_REG |= CY_PM_CM0_SCR_SLEEPDEEP;
 174              		.loc 1 173 0
 175 0014 0421     		mov	r1, #4
 170:.\Generated_Source\PSoC4/cyPm.c ****         CY_PM_PWR_KEY_DELAY_REG = CY_SFLASH_HIB_KEY_DELAY_REG;
 176              		.loc 1 170 0
 177 0016 1A88     		ldrh	r2, [r3]
 178 0018 0A4B     		ldr	r3, .L8+8
 179 001a 92B2     		uxth	r2, r2
 180 001c 1A60     		str	r2, [r3]
 181              		.loc 1 173 0
 182 001e 0A4B     		ldr	r3, .L8+12
 183 0020 1A68     		ldr	r2, [r3]
 184 0022 0A43     		orr	r2, r1
 185 0024 1A60     		str	r2, [r3]
 174:.\Generated_Source\PSoC4/cyPm.c **** 
 175:.\Generated_Source\PSoC4/cyPm.c ****         /* Save token that will retain through a STOP/WAKEUP sequence
 176:.\Generated_Source\PSoC4/cyPm.c ****          * thus could be used by CySysPmGetResetReason() to differentiate
 177:.\Generated_Source\PSoC4/cyPm.c ****          * WAKEUP from a general RESET event.
 178:.\Generated_Source\PSoC4/cyPm.c ****          */
 179:.\Generated_Source\PSoC4/cyPm.c ****         CY_PM_PWR_STOP_REG = (CY_PM_PWR_STOP_REG & (uint32)(~CY_PM_PWR_STOP_TOKEN_MASK)) | CY_PM_PW
 186              		.loc 1 179 0
 187 0026 094B     		ldr	r3, .L8+16
 188 0028 FF21     		mov	r1, #255
 189 002a 1A68     		ldr	r2, [r3]
 190 002c 8A43     		bic	r2, r1
 191 002e F121     		mov	r1, #241
 192 0030 0A43     		orr	r2, r1
 193 0032 1A60     		str	r2, [r3]
 180:.\Generated_Source\PSoC4/cyPm.c **** 
 181:.\Generated_Source\PSoC4/cyPm.c ****         /* Sleep and wait for interrupt. Wakeup from Hibernate is performed
 182:.\Generated_Source\PSoC4/cyPm.c ****          * through RESET state, causing a normal Boot procedure to occur.
 183:.\Generated_Source\PSoC4/cyPm.c ****          * The WFI instruction doesn't put the core to sleep if its wake condition
 184:.\Generated_Source\PSoC4/cyPm.c ****          * is true when the instruction is executed.
 185:.\Generated_Source\PSoC4/cyPm.c ****          */
 186:.\Generated_Source\PSoC4/cyPm.c ****         CY_PM_WFI;
 194              		.loc 1 186 0
 195              	@ 186 ".\Generated_Source\PSoC4\cyPm.c" 1
 196 0034 30BF     		WFI 
 197              	
 198              	@ 0 "" 2
 187:.\Generated_Source\PSoC4/cyPm.c **** 
 188:.\Generated_Source\PSoC4/cyPm.c ****         CyExitCriticalSection(interruptState);
 199              		.loc 1 188 0
 200              		.code	16
 201 0036 FFF7FEFF 		bl	CyExitCriticalSection
ARM GAS  C:\Users\user\AppData\Local\Temp\ccueBMFa.s 			page 8


 202              	.LVL9:
 189:.\Generated_Source\PSoC4/cyPm.c ****     }
 203              		.loc 1 189 0
 204              		@ sp needed
 205 003a 08BD     		pop	{r3, pc}
 206              	.L9:
 207              		.align	2
 208              	.L8:
 209 003c 00000B40 		.word	1074462720
 210 0040 50F1FF0F 		.word	268431696
 211 0044 0C000B40 		.word	1074462732
 212 0048 10ED00E0 		.word	-536810224
 213 004c 2C000B40 		.word	1074462764
 214              		.cfi_endproc
 215              	.LFE4:
 216              		.size	CySysPmHibernate, .-CySysPmHibernate
 217              		.section	.text.CySysPmSetWakeupPolarity,"ax",%progbits
 218              		.align	1
 219              		.global	CySysPmSetWakeupPolarity
 220              		.code	16
 221              		.thumb_func
 222              		.type	CySysPmSetWakeupPolarity, %function
 223              	CySysPmSetWakeupPolarity:
 224              	.LFB6:
 190:.\Generated_Source\PSoC4/cyPm.c **** 
 191:.\Generated_Source\PSoC4/cyPm.c **** 
 192:.\Generated_Source\PSoC4/cyPm.c ****     /*******************************************************************************
 193:.\Generated_Source\PSoC4/cyPm.c ****     * Function Name: CySysPmStop
 194:.\Generated_Source\PSoC4/cyPm.c ****     ********************************************************************************
 195:.\Generated_Source\PSoC4/cyPm.c ****     *
 196:.\Generated_Source\PSoC4/cyPm.c ****     * Summary:
 197:.\Generated_Source\PSoC4/cyPm.c ****     *  Puts the part into the Stop state. All internal supplies are off;
 198:.\Generated_Source\PSoC4/cyPm.c ****     *  no state is retained.
 199:.\Generated_Source\PSoC4/cyPm.c ****     *
 200:.\Generated_Source\PSoC4/cyPm.c ****     *  Wakeup from Stop is performed by toggling the wakeup pin, causing
 201:.\Generated_Source\PSoC4/cyPm.c ****     *  a normal boot procedure to occur. To configure the wakeup pin,
 202:.\Generated_Source\PSoC4/cyPm.c ****     *  the Digital Input Pin component should be placed on the schematic,
 203:.\Generated_Source\PSoC4/cyPm.c ****     *  assigned to the wakeup pin, and resistively pulled up or down to the inverse
 204:.\Generated_Source\PSoC4/cyPm.c ****     *  state of the wakeup polarity. To distinguish the wakeup from the Stop mode
 205:.\Generated_Source\PSoC4/cyPm.c ****     *  and the general Reset event, CySysPmGetResetReason() function could be used.
 206:.\Generated_Source\PSoC4/cyPm.c ****     *  The wakeup pin is active low by default. The wakeup pin polarity
 207:.\Generated_Source\PSoC4/cyPm.c ****     *  could be changed with the CySysPmSetWakeupPolarity() function.
 208:.\Generated_Source\PSoC4/cyPm.c ****     *
 209:.\Generated_Source\PSoC4/cyPm.c ****     *  This function freezes IO cells implicitly. It is not possible to enter
 210:.\Generated_Source\PSoC4/cyPm.c ****     *  the STOP mode before freezing the IO cells. The IO cells remain frozen after
 211:.\Generated_Source\PSoC4/cyPm.c ****     *  awake from the Stop mode until the firmware unfreezes them after booting
 212:.\Generated_Source\PSoC4/cyPm.c ****     *  explicitly with CySysPmUnfreezeIo() function call.
 213:.\Generated_Source\PSoC4/cyPm.c ****     *
 214:.\Generated_Source\PSoC4/cyPm.c ****     * Parameters:
 215:.\Generated_Source\PSoC4/cyPm.c ****     *  None
 216:.\Generated_Source\PSoC4/cyPm.c ****     *
 217:.\Generated_Source\PSoC4/cyPm.c ****     * Return:
 218:.\Generated_Source\PSoC4/cyPm.c ****     *  None
 219:.\Generated_Source\PSoC4/cyPm.c ****     *
 220:.\Generated_Source\PSoC4/cyPm.c ****     *******************************************************************************/
 221:.\Generated_Source\PSoC4/cyPm.c ****     void CySysPmStop(void)
 222:.\Generated_Source\PSoC4/cyPm.c ****     {
ARM GAS  C:\Users\user\AppData\Local\Temp\ccueBMFa.s 			page 9


 223:.\Generated_Source\PSoC4/cyPm.c ****         (void) CyEnterCriticalSection();
 224:.\Generated_Source\PSoC4/cyPm.c **** 
 225:.\Generated_Source\PSoC4/cyPm.c ****         /* Update token to indicate Stop mode transition. Preserve only polarity. */
 226:.\Generated_Source\PSoC4/cyPm.c ****         CY_PM_PWR_STOP_REG = (CY_PM_PWR_STOP_REG & CY_PM_PWR_STOP_POLARITY) | CY_PM_PWR_STOP_TOKEN_
 227:.\Generated_Source\PSoC4/cyPm.c **** 
 228:.\Generated_Source\PSoC4/cyPm.c ****         /* Freeze IO-Cells to save IO-Cell state */
 229:.\Generated_Source\PSoC4/cyPm.c ****         CySysPmFreezeIo();
 230:.\Generated_Source\PSoC4/cyPm.c **** 
 231:.\Generated_Source\PSoC4/cyPm.c ****         /* Initiates transition to Stop state */
 232:.\Generated_Source\PSoC4/cyPm.c ****         CY_PM_PWR_STOP_REG = CY_PM_PWR_STOP_REG | CY_PM_PWR_STOP_STOP;
 233:.\Generated_Source\PSoC4/cyPm.c **** 
 234:.\Generated_Source\PSoC4/cyPm.c ****         /* Depending on the clock frequency and internal timing delays,
 235:.\Generated_Source\PSoC4/cyPm.c ****          * the final AHB transaction may or may not complete. To guard against
 236:.\Generated_Source\PSoC4/cyPm.c ****          * accidentally executing an unintended instruction, it is recommended
 237:.\Generated_Source\PSoC4/cyPm.c ****          * to add 2 NOP cycles after the final write to the STOP register.
 238:.\Generated_Source\PSoC4/cyPm.c ****          */
 239:.\Generated_Source\PSoC4/cyPm.c ****         CY_NOP;
 240:.\Generated_Source\PSoC4/cyPm.c ****         CY_NOP;
 241:.\Generated_Source\PSoC4/cyPm.c **** 
 242:.\Generated_Source\PSoC4/cyPm.c ****         /* Should never get to this WFI instruction */
 243:.\Generated_Source\PSoC4/cyPm.c ****         CY_PM_WFI;
 244:.\Generated_Source\PSoC4/cyPm.c **** 
 245:.\Generated_Source\PSoC4/cyPm.c ****         /* Wakeup from Stop is performed by toggling of Wakeup pin,
 246:.\Generated_Source\PSoC4/cyPm.c ****          * causing a normal Boot procedure to occur. No need to exit
 247:.\Generated_Source\PSoC4/cyPm.c ****          * from the critical section.
 248:.\Generated_Source\PSoC4/cyPm.c ****          */
 249:.\Generated_Source\PSoC4/cyPm.c ****     }
 250:.\Generated_Source\PSoC4/cyPm.c **** 
 251:.\Generated_Source\PSoC4/cyPm.c **** 
 252:.\Generated_Source\PSoC4/cyPm.c ****     /*******************************************************************************
 253:.\Generated_Source\PSoC4/cyPm.c ****     * Function Name: CySysPmSetWakeupPolarity
 254:.\Generated_Source\PSoC4/cyPm.c ****     ********************************************************************************
 255:.\Generated_Source\PSoC4/cyPm.c ****     *
 256:.\Generated_Source\PSoC4/cyPm.c ****     * Summary:
 257:.\Generated_Source\PSoC4/cyPm.c ****     *  Wake up from the stop mode is performed by toggling the wakeup pin,
 258:.\Generated_Source\PSoC4/cyPm.c ****     *  causing a normal boot procedure to occur. This function assigns
 259:.\Generated_Source\PSoC4/cyPm.c ****     *  the wakeup pin active level. Setting the wakeup pin to this level will cause
 260:.\Generated_Source\PSoC4/cyPm.c ****     *  the wakeup from stop mode. The wakeup pin is active low by default.
 261:.\Generated_Source\PSoC4/cyPm.c ****     *
 262:.\Generated_Source\PSoC4/cyPm.c ****     * Parameters:
 263:.\Generated_Source\PSoC4/cyPm.c ****     *  polarity: Wakeup pin active level:
 264:.\Generated_Source\PSoC4/cyPm.c ****     *   Value    Define                          Level
 265:.\Generated_Source\PSoC4/cyPm.c ****     *    0        CY_PM_STOP_WAKEUP_ACTIVE_LOW    Logical zero will wakeup the chip
 266:.\Generated_Source\PSoC4/cyPm.c ****     *    1        CY_PM_STOP_WAKEUP_ACTIVE_HIGH   Logical one will wakeup the chip
 267:.\Generated_Source\PSoC4/cyPm.c ****     *
 268:.\Generated_Source\PSoC4/cyPm.c ****     * Return:
 269:.\Generated_Source\PSoC4/cyPm.c ****     *  None
 270:.\Generated_Source\PSoC4/cyPm.c ****     *
 271:.\Generated_Source\PSoC4/cyPm.c ****     *******************************************************************************/
 272:.\Generated_Source\PSoC4/cyPm.c ****     void CySysPmSetWakeupPolarity(uint32 polarity)
 273:.\Generated_Source\PSoC4/cyPm.c ****     {
 225              		.loc 1 273 0
 226              		.cfi_startproc
 227              	.LVL10:
 228 0000 10B5     		push	{r4, lr}
 229              		.cfi_def_cfa_offset 8
 230              		.cfi_offset 4, -8
ARM GAS  C:\Users\user\AppData\Local\Temp\ccueBMFa.s 			page 10


 231              		.cfi_offset 14, -4
 232              		.loc 1 273 0
 233 0002 041C     		mov	r4, r0
 274:.\Generated_Source\PSoC4/cyPm.c ****         uint8 interruptState;
 275:.\Generated_Source\PSoC4/cyPm.c **** 
 276:.\Generated_Source\PSoC4/cyPm.c ****         interruptState = CyEnterCriticalSection();
 234              		.loc 1 276 0
 235 0004 FFF7FEFF 		bl	CyEnterCriticalSection
 236              	.LVL11:
 237 0008 064B     		ldr	r3, .L14
 277:.\Generated_Source\PSoC4/cyPm.c **** 
 278:.\Generated_Source\PSoC4/cyPm.c ****         CY_PM_PWR_STOP_REG = (CY_PM_STOP_WAKEUP_ACTIVE_LOW != polarity) ?
 279:.\Generated_Source\PSoC4/cyPm.c ****                             (CY_PM_PWR_STOP_REG | CY_PM_PWR_STOP_POLARITY) :
 238              		.loc 1 279 0
 239 000a 1968     		ldr	r1, [r3]
 240 000c 002C     		cmp	r4, #0
 241 000e 03D0     		beq	.L11
 242              		.loc 1 279 0 is_stmt 0 discriminator 1
 243 0010 8022     		mov	r2, #128
 244 0012 5202     		lsl	r2, r2, #9
 245 0014 0A43     		orr	r2, r1
 246 0016 01E0     		b	.L12
 247              	.L11:
 248              		.loc 1 279 0 discriminator 2
 249 0018 034A     		ldr	r2, .L14+4
 250 001a 0A40     		and	r2, r1
 251              	.L12:
 278:.\Generated_Source\PSoC4/cyPm.c ****         CY_PM_PWR_STOP_REG = (CY_PM_STOP_WAKEUP_ACTIVE_LOW != polarity) ?
 252              		.loc 1 278 0 is_stmt 1
 253 001c 1A60     		str	r2, [r3]
 280:.\Generated_Source\PSoC4/cyPm.c ****                             (CY_PM_PWR_STOP_REG & (uint32) (~CY_PM_PWR_STOP_POLARITY));
 281:.\Generated_Source\PSoC4/cyPm.c **** 
 282:.\Generated_Source\PSoC4/cyPm.c ****         CyExitCriticalSection(interruptState);
 254              		.loc 1 282 0
 255 001e FFF7FEFF 		bl	CyExitCriticalSection
 256              	.LVL12:
 283:.\Generated_Source\PSoC4/cyPm.c ****     }
 257              		.loc 1 283 0
 258              		@ sp needed
 259              	.LVL13:
 260 0022 10BD     		pop	{r4, pc}
 261              	.L15:
 262              		.align	2
 263              	.L14:
 264 0024 2C000B40 		.word	1074462764
 265 0028 FFFFFEFF 		.word	-65537
 266              		.cfi_endproc
 267              	.LFE6:
 268              		.size	CySysPmSetWakeupPolarity, .-CySysPmSetWakeupPolarity
 269              		.section	.text.CySysPmGetResetReason,"ax",%progbits
 270              		.align	1
 271              		.global	CySysPmGetResetReason
 272              		.code	16
 273              		.thumb_func
 274              		.type	CySysPmGetResetReason, %function
 275              	CySysPmGetResetReason:
 276              	.LFB7:
ARM GAS  C:\Users\user\AppData\Local\Temp\ccueBMFa.s 			page 11


 284:.\Generated_Source\PSoC4/cyPm.c **** 
 285:.\Generated_Source\PSoC4/cyPm.c **** 
 286:.\Generated_Source\PSoC4/cyPm.c ****     /*******************************************************************************
 287:.\Generated_Source\PSoC4/cyPm.c ****     * Function Name: CySysPmGetResetReason
 288:.\Generated_Source\PSoC4/cyPm.c ****     ********************************************************************************
 289:.\Generated_Source\PSoC4/cyPm.c ****     *
 290:.\Generated_Source\PSoC4/cyPm.c ****     * Summary:
 291:.\Generated_Source\PSoC4/cyPm.c ****     *  Retrieves the last reset reason - transition from OFF/XRES/STOP/HIBERNATE to
 292:.\Generated_Source\PSoC4/cyPm.c ****     *  the RESET state. Note that waking up from STOP using XRES will be perceived
 293:.\Generated_Source\PSoC4/cyPm.c ****     *  as a general RESET.
 294:.\Generated_Source\PSoC4/cyPm.c ****     *
 295:.\Generated_Source\PSoC4/cyPm.c ****     * Parameters:
 296:.\Generated_Source\PSoC4/cyPm.c ****     *  None
 297:.\Generated_Source\PSoC4/cyPm.c ****     *
 298:.\Generated_Source\PSoC4/cyPm.c ****     * Return:
 299:.\Generated_Source\PSoC4/cyPm.c ****     *  Reset reason.
 300:.\Generated_Source\PSoC4/cyPm.c ****     *  CY_PM_RESET_REASON_UNKN        - unknown
 301:.\Generated_Source\PSoC4/cyPm.c ****     *  CY_PM_RESET_REASON_XRES        - transition from OFF/XRES to RESET
 302:.\Generated_Source\PSoC4/cyPm.c ****     *  CY_PM_RESET_REASON_WAKEUP_HIB  - transition/wakeup from HIBERNATE to RESET
 303:.\Generated_Source\PSoC4/cyPm.c ****     *  CY_PM_RESET_REASON_WAKEUP_STOP - transition/wakeup from STOP to RESET
 304:.\Generated_Source\PSoC4/cyPm.c ****     *
 305:.\Generated_Source\PSoC4/cyPm.c ****     *******************************************************************************/
 306:.\Generated_Source\PSoC4/cyPm.c ****     uint32 CySysPmGetResetReason(void)
 307:.\Generated_Source\PSoC4/cyPm.c ****     {
 277              		.loc 1 307 0
 278              		.cfi_startproc
 279              	.LVL14:
 308:.\Generated_Source\PSoC4/cyPm.c ****         uint32 reason = CY_PM_RESET_REASON_UNKN;
 309:.\Generated_Source\PSoC4/cyPm.c **** 
 310:.\Generated_Source\PSoC4/cyPm.c ****         switch(CY_PM_PWR_STOP_REG & CY_PM_PWR_STOP_TOKEN_MASK)
 280              		.loc 1 310 0
 281 0000 064B     		ldr	r3, .L22
 282 0002 1868     		ldr	r0, [r3]
 283 0004 C0B2     		uxtb	r0, r0
 284 0006 F128     		cmp	r0, #241
 285 0008 04D0     		beq	.L18
 286 000a F228     		cmp	r0, #242
 287 000c 04D0     		beq	.L19
 308:.\Generated_Source\PSoC4/cyPm.c ****         uint32 reason = CY_PM_RESET_REASON_UNKN;
 288              		.loc 1 308 0
 289 000e 4342     		neg	r3, r0
 290 0010 5841     		adc	r0, r0, r3
 291 0012 02E0     		b	.L20
 292              	.L18:
 293              	.LVL15:
 311:.\Generated_Source\PSoC4/cyPm.c ****         {
 312:.\Generated_Source\PSoC4/cyPm.c ****         /* Power up, XRES */
 313:.\Generated_Source\PSoC4/cyPm.c ****         case CY_PM_PWR_STOP_TOKEN_XRES:
 314:.\Generated_Source\PSoC4/cyPm.c ****             reason = CY_PM_RESET_REASON_XRES;
 315:.\Generated_Source\PSoC4/cyPm.c ****             break;
 316:.\Generated_Source\PSoC4/cyPm.c **** 
 317:.\Generated_Source\PSoC4/cyPm.c ****         /* Wakeup from Hibernate */
 318:.\Generated_Source\PSoC4/cyPm.c ****         case CY_PM_PWR_STOP_TOKEN_HIB:
 319:.\Generated_Source\PSoC4/cyPm.c ****             reason = CY_PM_RESET_REASON_WAKEUP_HIB;
 294              		.loc 1 319 0
 295 0014 0220     		mov	r0, #2
 320:.\Generated_Source\PSoC4/cyPm.c ****             break;
ARM GAS  C:\Users\user\AppData\Local\Temp\ccueBMFa.s 			page 12


 296              		.loc 1 320 0
 297 0016 00E0     		b	.L20
 298              	.LVL16:
 299              	.L19:
 321:.\Generated_Source\PSoC4/cyPm.c **** 
 322:.\Generated_Source\PSoC4/cyPm.c ****         /* Wakeup from Stop (through WAKEUP pin assert) */
 323:.\Generated_Source\PSoC4/cyPm.c ****         case CY_PM_PWR_STOP_TOKEN_STOP:
 324:.\Generated_Source\PSoC4/cyPm.c ****             reason = CY_PM_RESET_REASON_WAKEUP_STOP;
 300              		.loc 1 324 0
 301 0018 0320     		mov	r0, #3
 302              	.LVL17:
 303              	.L20:
 325:.\Generated_Source\PSoC4/cyPm.c ****             break;
 326:.\Generated_Source\PSoC4/cyPm.c **** 
 327:.\Generated_Source\PSoC4/cyPm.c ****         /* Unknown reason */
 328:.\Generated_Source\PSoC4/cyPm.c ****         default:
 329:.\Generated_Source\PSoC4/cyPm.c ****             break;
 330:.\Generated_Source\PSoC4/cyPm.c ****         }
 331:.\Generated_Source\PSoC4/cyPm.c **** 
 332:.\Generated_Source\PSoC4/cyPm.c ****         return (reason);
 333:.\Generated_Source\PSoC4/cyPm.c ****     }
 304              		.loc 1 333 0
 305              		@ sp needed
 306 001a 7047     		bx	lr
 307              	.L23:
 308              		.align	2
 309              	.L22:
 310 001c 2C000B40 		.word	1074462764
 311              		.cfi_endproc
 312              	.LFE7:
 313              		.size	CySysPmGetResetReason, .-CySysPmGetResetReason
 314              		.section	.text.CySysPmFreezeIo,"ax",%progbits
 315              		.align	1
 316              		.global	CySysPmFreezeIo
 317              		.code	16
 318              		.thumb_func
 319              		.type	CySysPmFreezeIo, %function
 320              	CySysPmFreezeIo:
 321              	.LFB8:
 334:.\Generated_Source\PSoC4/cyPm.c **** 
 335:.\Generated_Source\PSoC4/cyPm.c **** 
 336:.\Generated_Source\PSoC4/cyPm.c ****     /*******************************************************************************
 337:.\Generated_Source\PSoC4/cyPm.c ****     * Function Name: CySysPmFreezeIo
 338:.\Generated_Source\PSoC4/cyPm.c ****     ********************************************************************************
 339:.\Generated_Source\PSoC4/cyPm.c ****     *
 340:.\Generated_Source\PSoC4/cyPm.c ****     * Summary:
 341:.\Generated_Source\PSoC4/cyPm.c ****     *  Freezes IO-Cells directly to save the IO-Cell state on wake up from the
 342:.\Generated_Source\PSoC4/cyPm.c ****     *  Hibernate or Stop state. It is not required to call this function before
 343:.\Generated_Source\PSoC4/cyPm.c ****     *  entering the Stop mode, since CySysPmStop() function freezes IO-Cells
 344:.\Generated_Source\PSoC4/cyPm.c ****     *  implicitly.
 345:.\Generated_Source\PSoC4/cyPm.c ****     *
 346:.\Generated_Source\PSoC4/cyPm.c ****     * Parameters:
 347:.\Generated_Source\PSoC4/cyPm.c ****     *  None
 348:.\Generated_Source\PSoC4/cyPm.c ****     *
 349:.\Generated_Source\PSoC4/cyPm.c ****     * Return:
 350:.\Generated_Source\PSoC4/cyPm.c ****     *  None
 351:.\Generated_Source\PSoC4/cyPm.c ****     *
ARM GAS  C:\Users\user\AppData\Local\Temp\ccueBMFa.s 			page 13


 352:.\Generated_Source\PSoC4/cyPm.c ****     *******************************************************************************/
 353:.\Generated_Source\PSoC4/cyPm.c ****     void CySysPmFreezeIo(void)
 354:.\Generated_Source\PSoC4/cyPm.c ****     {
 322              		.loc 1 354 0
 323              		.cfi_startproc
 324 0000 08B5     		push	{r3, lr}
 325              		.cfi_def_cfa_offset 8
 326              		.cfi_offset 3, -8
 327              		.cfi_offset 14, -4
 355:.\Generated_Source\PSoC4/cyPm.c ****         uint8 interruptState;
 356:.\Generated_Source\PSoC4/cyPm.c **** 
 357:.\Generated_Source\PSoC4/cyPm.c ****         interruptState = CyEnterCriticalSection();
 328              		.loc 1 357 0
 329 0002 FFF7FEFF 		bl	CyEnterCriticalSection
 330              	.LVL18:
 358:.\Generated_Source\PSoC4/cyPm.c **** 
 359:.\Generated_Source\PSoC4/cyPm.c ****         /* Check FREEZE state to avoid recurrent IO-Cells freeze attempt,
 360:.\Generated_Source\PSoC4/cyPm.c ****          * since the second call to this function will cause accidental switch
 361:.\Generated_Source\PSoC4/cyPm.c ****          * to the STOP mode (the system will enter STOP mode immediately after
 362:.\Generated_Source\PSoC4/cyPm.c ****          * writing to STOP bit since both UNLOCK and FREEZE have been set correctly
 363:.\Generated_Source\PSoC4/cyPm.c ****          * in a previous call to this function).
 364:.\Generated_Source\PSoC4/cyPm.c ****          */
 365:.\Generated_Source\PSoC4/cyPm.c ****         if (0u == (CY_PM_PWR_STOP_REG & CY_PM_PWR_STOP_FREEZE))
 331              		.loc 1 365 0
 332 0006 084B     		ldr	r3, .L26
 333 0008 1A68     		ldr	r2, [r3]
 334 000a 9103     		lsl	r1, r2, #14
 335 000c 09D4     		bmi	.L25
 366:.\Generated_Source\PSoC4/cyPm.c ****         {
 367:.\Generated_Source\PSoC4/cyPm.c ****             /* Preserve last reset reason and disable overrides the next freeze command by peripher
 368:.\Generated_Source\PSoC4/cyPm.c ****             CY_PM_PWR_STOP_REG = CY_PM_PWR_STOP_STOP | CY_PM_PWR_STOP_FREEZE | CY_PM_PWR_STOP_UNLOC
 369:.\Generated_Source\PSoC4/cyPm.c ****                                 (CY_PM_PWR_STOP_REG & (CY_PM_PWR_STOP_TOKEN_MASK | CY_PM_PWR_STOP_P
 336              		.loc 1 369 0
 337 000e 1968     		ldr	r1, [r3]
 338 0010 064A     		ldr	r2, .L26+4
 339 0012 0A40     		and	r2, r1
 368:.\Generated_Source\PSoC4/cyPm.c ****             CY_PM_PWR_STOP_REG = CY_PM_PWR_STOP_STOP | CY_PM_PWR_STOP_FREEZE | CY_PM_PWR_STOP_UNLOC
 340              		.loc 1 368 0
 341 0014 0649     		ldr	r1, .L26+8
 342 0016 0A43     		orr	r2, r1
 343 0018 1A60     		str	r2, [r3]
 370:.\Generated_Source\PSoC4/cyPm.c **** 
 371:.\Generated_Source\PSoC4/cyPm.c ****             /* If reading after writing, read this register three times to delay
 372:.\Generated_Source\PSoC4/cyPm.c ****             *  enough time for internal settling.
 373:.\Generated_Source\PSoC4/cyPm.c ****             */
 374:.\Generated_Source\PSoC4/cyPm.c ****             (void) CY_PM_PWR_STOP_REG;
 344              		.loc 1 374 0
 345 001a 1A68     		ldr	r2, [r3]
 375:.\Generated_Source\PSoC4/cyPm.c ****             (void) CY_PM_PWR_STOP_REG;
 346              		.loc 1 375 0
 347 001c 1A68     		ldr	r2, [r3]
 376:.\Generated_Source\PSoC4/cyPm.c **** 
 377:.\Generated_Source\PSoC4/cyPm.c ****             /* Second write causes the freeze of IO-Cells to save IO-Cell state */
 378:.\Generated_Source\PSoC4/cyPm.c ****             CY_PM_PWR_STOP_REG = CY_PM_PWR_STOP_REG;
 348              		.loc 1 378 0
 349 001e 1A68     		ldr	r2, [r3]
 350 0020 1A60     		str	r2, [r3]
ARM GAS  C:\Users\user\AppData\Local\Temp\ccueBMFa.s 			page 14


 351              	.L25:
 379:.\Generated_Source\PSoC4/cyPm.c ****         }
 380:.\Generated_Source\PSoC4/cyPm.c **** 
 381:.\Generated_Source\PSoC4/cyPm.c ****         CyExitCriticalSection(interruptState);
 352              		.loc 1 381 0
 353 0022 FFF7FEFF 		bl	CyExitCriticalSection
 354              	.LVL19:
 382:.\Generated_Source\PSoC4/cyPm.c ****     }
 355              		.loc 1 382 0
 356              		@ sp needed
 357 0026 08BD     		pop	{r3, pc}
 358              	.L27:
 359              		.align	2
 360              	.L26:
 361 0028 2C000B40 		.word	1074462764
 362 002c FF000100 		.word	65791
 363 0030 003A0280 		.word	-2147337728
 364              		.cfi_endproc
 365              	.LFE8:
 366              		.size	CySysPmFreezeIo, .-CySysPmFreezeIo
 367              		.section	.text.CySysPmStop,"ax",%progbits
 368              		.align	1
 369              		.global	CySysPmStop
 370              		.code	16
 371              		.thumb_func
 372              		.type	CySysPmStop, %function
 373              	CySysPmStop:
 374              	.LFB5:
 222:.\Generated_Source\PSoC4/cyPm.c ****     {
 375              		.loc 1 222 0
 376              		.cfi_startproc
 377 0000 10B5     		push	{r4, lr}
 378              		.cfi_def_cfa_offset 8
 379              		.cfi_offset 4, -8
 380              		.cfi_offset 14, -4
 226:.\Generated_Source\PSoC4/cyPm.c ****         CY_PM_PWR_STOP_REG = (CY_PM_PWR_STOP_REG & CY_PM_PWR_STOP_POLARITY) | CY_PM_PWR_STOP_TOKEN_
 381              		.loc 1 226 0
 382 0002 0A4C     		ldr	r4, .L29
 223:.\Generated_Source\PSoC4/cyPm.c ****         (void) CyEnterCriticalSection();
 383              		.loc 1 223 0
 384 0004 FFF7FEFF 		bl	CyEnterCriticalSection
 385              	.LVL20:
 226:.\Generated_Source\PSoC4/cyPm.c ****         CY_PM_PWR_STOP_REG = (CY_PM_PWR_STOP_REG & CY_PM_PWR_STOP_POLARITY) | CY_PM_PWR_STOP_TOKEN_
 386              		.loc 1 226 0
 387 0008 2268     		ldr	r2, [r4]
 388 000a 8023     		mov	r3, #128
 389 000c 5B02     		lsl	r3, r3, #9
 390 000e 1340     		and	r3, r2
 391 0010 F222     		mov	r2, #242
 392 0012 1343     		orr	r3, r2
 393 0014 2360     		str	r3, [r4]
 229:.\Generated_Source\PSoC4/cyPm.c ****         CySysPmFreezeIo();
 394              		.loc 1 229 0
 395 0016 FFF7FEFF 		bl	CySysPmFreezeIo
 396              	.LVL21:
 232:.\Generated_Source\PSoC4/cyPm.c ****         CY_PM_PWR_STOP_REG = CY_PM_PWR_STOP_REG | CY_PM_PWR_STOP_STOP;
 397              		.loc 1 232 0
ARM GAS  C:\Users\user\AppData\Local\Temp\ccueBMFa.s 			page 15


 398 001a 2268     		ldr	r2, [r4]
 399 001c 8023     		mov	r3, #128
 400 001e 1B06     		lsl	r3, r3, #24
 401 0020 1343     		orr	r3, r2
 402 0022 2360     		str	r3, [r4]
 239:.\Generated_Source\PSoC4/cyPm.c ****         CY_NOP;
 403              		.loc 1 239 0
 404              	@ 239 ".\Generated_Source\PSoC4\cyPm.c" 1
 405 0024 C046     		NOP
 406              	
 407              	@ 0 "" 2
 240:.\Generated_Source\PSoC4/cyPm.c ****         CY_NOP;
 408              		.loc 1 240 0
 409              	@ 240 ".\Generated_Source\PSoC4\cyPm.c" 1
 410 0026 C046     		NOP
 411              	
 412              	@ 0 "" 2
 243:.\Generated_Source\PSoC4/cyPm.c ****         CY_PM_WFI;
 413              		.loc 1 243 0
 414              	@ 243 ".\Generated_Source\PSoC4\cyPm.c" 1
 415 0028 30BF     		WFI 
 416              	
 417              	@ 0 "" 2
 249:.\Generated_Source\PSoC4/cyPm.c ****     }
 418              		.loc 1 249 0
 419              		.code	16
 420              		@ sp needed
 421 002a 10BD     		pop	{r4, pc}
 422              	.L30:
 423              		.align	2
 424              	.L29:
 425 002c 2C000B40 		.word	1074462764
 426              		.cfi_endproc
 427              	.LFE5:
 428              		.size	CySysPmStop, .-CySysPmStop
 429              		.section	.text.CySysPmUnfreezeIo,"ax",%progbits
 430              		.align	1
 431              		.global	CySysPmUnfreezeIo
 432              		.code	16
 433              		.thumb_func
 434              		.type	CySysPmUnfreezeIo, %function
 435              	CySysPmUnfreezeIo:
 436              	.LFB9:
 383:.\Generated_Source\PSoC4/cyPm.c **** 
 384:.\Generated_Source\PSoC4/cyPm.c **** 
 385:.\Generated_Source\PSoC4/cyPm.c ****     /*******************************************************************************
 386:.\Generated_Source\PSoC4/cyPm.c ****     * Function Name: CySysPmUnfreezeIo
 387:.\Generated_Source\PSoC4/cyPm.c ****     ********************************************************************************
 388:.\Generated_Source\PSoC4/cyPm.c ****     *
 389:.\Generated_Source\PSoC4/cyPm.c ****     * Summary:
 390:.\Generated_Source\PSoC4/cyPm.c ****     *  The IO-Cells remain frozen after awake from Hibernate or Stop mode until
 391:.\Generated_Source\PSoC4/cyPm.c ****     *  the firmware unfreezes them after booting. The call of this function
 392:.\Generated_Source\PSoC4/cyPm.c ****     *  unfreezes IO-Cells explicitly.
 393:.\Generated_Source\PSoC4/cyPm.c ****     *
 394:.\Generated_Source\PSoC4/cyPm.c ****     * Parameters:
 395:.\Generated_Source\PSoC4/cyPm.c ****     *  None
 396:.\Generated_Source\PSoC4/cyPm.c ****     *
ARM GAS  C:\Users\user\AppData\Local\Temp\ccueBMFa.s 			page 16


 397:.\Generated_Source\PSoC4/cyPm.c ****     * Return:
 398:.\Generated_Source\PSoC4/cyPm.c ****     *  None
 399:.\Generated_Source\PSoC4/cyPm.c ****     *
 400:.\Generated_Source\PSoC4/cyPm.c ****     *******************************************************************************/
 401:.\Generated_Source\PSoC4/cyPm.c ****     void CySysPmUnfreezeIo(void)
 402:.\Generated_Source\PSoC4/cyPm.c ****     {
 437              		.loc 1 402 0
 438              		.cfi_startproc
 439 0000 10B5     		push	{r4, lr}
 440              		.cfi_def_cfa_offset 8
 441              		.cfi_offset 4, -8
 442              		.cfi_offset 14, -4
 403:.\Generated_Source\PSoC4/cyPm.c ****         uint8 interruptState;
 404:.\Generated_Source\PSoC4/cyPm.c **** 
 405:.\Generated_Source\PSoC4/cyPm.c ****         interruptState = CyEnterCriticalSection();
 443              		.loc 1 405 0
 444 0002 FFF7FEFF 		bl	CyEnterCriticalSection
 445              	.LVL22:
 406:.\Generated_Source\PSoC4/cyPm.c **** 
 407:.\Generated_Source\PSoC4/cyPm.c ****         /* Preserve last reset reason and wakeup polarity. Then, unfreeze I/O:
 408:.\Generated_Source\PSoC4/cyPm.c ****          * write PWR_STOP.FREEZE=0, .UNLOCK=0x3A, .STOP=0, .TOKEN
 409:.\Generated_Source\PSoC4/cyPm.c ****          */
 410:.\Generated_Source\PSoC4/cyPm.c ****         CY_PM_PWR_STOP_REG = CY_PM_PWR_STOP_UNLOCK |
 411:.\Generated_Source\PSoC4/cyPm.c ****                             (CY_PM_PWR_STOP_REG & (CY_PM_PWR_STOP_TOKEN_MASK | CY_PM_PWR_STOP_POLAR
 446              		.loc 1 411 0
 447 0006 084B     		ldr	r3, .L32
 448 0008 084A     		ldr	r2, .L32+4
 449 000a 1968     		ldr	r1, [r3]
 410:.\Generated_Source\PSoC4/cyPm.c ****         CY_PM_PWR_STOP_REG = CY_PM_PWR_STOP_UNLOCK |
 450              		.loc 1 410 0
 451 000c E824     		mov	r4, #232
 452              		.loc 1 411 0
 453 000e 1140     		and	r1, r2
 410:.\Generated_Source\PSoC4/cyPm.c ****         CY_PM_PWR_STOP_REG = CY_PM_PWR_STOP_UNLOCK |
 454              		.loc 1 410 0
 455 0010 A401     		lsl	r4, r4, #6
 456 0012 2143     		orr	r1, r4
 457 0014 1960     		str	r1, [r3]
 412:.\Generated_Source\PSoC4/cyPm.c **** 
 413:.\Generated_Source\PSoC4/cyPm.c ****         /* If reading after writing, read this register three times to delay
 414:.\Generated_Source\PSoC4/cyPm.c ****         *  enough time for internal settling.
 415:.\Generated_Source\PSoC4/cyPm.c ****         */
 416:.\Generated_Source\PSoC4/cyPm.c ****         (void) CY_PM_PWR_STOP_REG;
 458              		.loc 1 416 0
 459 0016 1968     		ldr	r1, [r3]
 417:.\Generated_Source\PSoC4/cyPm.c ****         (void) CY_PM_PWR_STOP_REG;
 460              		.loc 1 417 0
 461 0018 1968     		ldr	r1, [r3]
 418:.\Generated_Source\PSoC4/cyPm.c **** 
 419:.\Generated_Source\PSoC4/cyPm.c ****         /* Lock STOP mode: write PWR_STOP.FREEZE=0, UNLOCK=0x00, STOP=0, .TOKEN */
 420:.\Generated_Source\PSoC4/cyPm.c ****         CY_PM_PWR_STOP_REG &= (CY_PM_PWR_STOP_TOKEN_MASK | CY_PM_PWR_STOP_POLARITY);
 462              		.loc 1 420 0
 463 001a 1968     		ldr	r1, [r3]
 421:.\Generated_Source\PSoC4/cyPm.c **** 
 422:.\Generated_Source\PSoC4/cyPm.c ****         CyExitCriticalSection(interruptState);
 423:.\Generated_Source\PSoC4/cyPm.c ****     }
 464              		.loc 1 423 0
ARM GAS  C:\Users\user\AppData\Local\Temp\ccueBMFa.s 			page 17


 465              		@ sp needed
 420:.\Generated_Source\PSoC4/cyPm.c ****         CY_PM_PWR_STOP_REG &= (CY_PM_PWR_STOP_TOKEN_MASK | CY_PM_PWR_STOP_POLARITY);
 466              		.loc 1 420 0
 467 001c 0A40     		and	r2, r1
 468 001e 1A60     		str	r2, [r3]
 422:.\Generated_Source\PSoC4/cyPm.c ****         CyExitCriticalSection(interruptState);
 469              		.loc 1 422 0
 470 0020 FFF7FEFF 		bl	CyExitCriticalSection
 471              	.LVL23:
 472              		.loc 1 423 0
 473 0024 10BD     		pop	{r4, pc}
 474              	.L33:
 475 0026 C046     		.align	2
 476              	.L32:
 477 0028 2C000B40 		.word	1074462764
 478 002c FF000100 		.word	65791
 479              		.cfi_endproc
 480              	.LFE9:
 481              		.size	CySysPmUnfreezeIo, .-CySysPmUnfreezeIo
 482              		.text
 483              	.Letext0:
 484              		.file 2 ".\\Generated_Source\\PSoC4\\cytypes.h"
 485              		.file 3 ".\\Generated_Source\\PSoC4\\CyLib.h"
 486              		.section	.debug_info,"",%progbits
 487              	.Ldebug_info0:
 488 0000 CB020000 		.4byte	0x2cb
 489 0004 0400     		.2byte	0x4
 490 0006 00000000 		.4byte	.Ldebug_abbrev0
 491 000a 04       		.byte	0x4
 492 000b 01       		.uleb128 0x1
 493 000c AC000000 		.4byte	.LASF28
 494 0010 01       		.byte	0x1
 495 0011 4D020000 		.4byte	.LASF29
 496 0015 56000000 		.4byte	.LASF30
 497 0019 00000000 		.4byte	.Ldebug_ranges0+0
 498 001d 00000000 		.4byte	0
 499 0021 00000000 		.4byte	.Ldebug_line0
 500 0025 02       		.uleb128 0x2
 501 0026 01       		.byte	0x1
 502 0027 06       		.byte	0x6
 503 0028 91020000 		.4byte	.LASF0
 504 002c 02       		.uleb128 0x2
 505 002d 01       		.byte	0x1
 506 002e 08       		.byte	0x8
 507 002f 45010000 		.4byte	.LASF1
 508 0033 02       		.uleb128 0x2
 509 0034 02       		.byte	0x2
 510 0035 05       		.byte	0x5
 511 0036 6D020000 		.4byte	.LASF2
 512 003a 02       		.uleb128 0x2
 513 003b 02       		.byte	0x2
 514 003c 07       		.byte	0x7
 515 003d 32000000 		.4byte	.LASF3
 516 0041 02       		.uleb128 0x2
 517 0042 04       		.byte	0x4
 518 0043 05       		.byte	0x5
 519 0044 88020000 		.4byte	.LASF4
ARM GAS  C:\Users\user\AppData\Local\Temp\ccueBMFa.s 			page 18


 520 0048 02       		.uleb128 0x2
 521 0049 04       		.byte	0x4
 522 004a 07       		.byte	0x7
 523 004b 62010000 		.4byte	.LASF5
 524 004f 02       		.uleb128 0x2
 525 0050 08       		.byte	0x8
 526 0051 05       		.byte	0x5
 527 0052 2D020000 		.4byte	.LASF6
 528 0056 02       		.uleb128 0x2
 529 0057 08       		.byte	0x8
 530 0058 07       		.byte	0x7
 531 0059 2E010000 		.4byte	.LASF7
 532 005d 03       		.uleb128 0x3
 533 005e 04       		.byte	0x4
 534 005f 05       		.byte	0x5
 535 0060 696E7400 		.ascii	"int\000"
 536 0064 02       		.uleb128 0x2
 537 0065 04       		.byte	0x4
 538 0066 07       		.byte	0x7
 539 0067 C4010000 		.4byte	.LASF8
 540 006b 04       		.uleb128 0x4
 541 006c 74010000 		.4byte	.LASF9
 542 0070 02       		.byte	0x2
 543 0071 A1       		.byte	0xa1
 544 0072 2C000000 		.4byte	0x2c
 545 0076 04       		.uleb128 0x4
 546 0077 9F010000 		.4byte	.LASF10
 547 007b 02       		.byte	0x2
 548 007c A2       		.byte	0xa2
 549 007d 3A000000 		.4byte	0x3a
 550 0081 04       		.uleb128 0x4
 551 0082 A6010000 		.4byte	.LASF11
 552 0086 02       		.byte	0x2
 553 0087 A3       		.byte	0xa3
 554 0088 48000000 		.4byte	0x48
 555 008c 02       		.uleb128 0x2
 556 008d 04       		.byte	0x4
 557 008e 04       		.byte	0x4
 558 008f 28010000 		.4byte	.LASF12
 559 0093 02       		.uleb128 0x2
 560 0094 08       		.byte	0x8
 561 0095 04       		.byte	0x4
 562 0096 86010000 		.4byte	.LASF13
 563 009a 02       		.uleb128 0x2
 564 009b 01       		.byte	0x1
 565 009c 08       		.byte	0x8
 566 009d 3B020000 		.4byte	.LASF14
 567 00a1 05       		.uleb128 0x5
 568 00a2 00000000 		.4byte	.LASF15
 569 00a6 02       		.byte	0x2
 570 00a7 4C01     		.2byte	0x14c
 571 00a9 AD000000 		.4byte	0xad
 572 00ad 06       		.uleb128 0x6
 573 00ae 76000000 		.4byte	0x76
 574 00b2 05       		.uleb128 0x5
 575 00b3 06000000 		.4byte	.LASF16
 576 00b7 02       		.byte	0x2
ARM GAS  C:\Users\user\AppData\Local\Temp\ccueBMFa.s 			page 19


 577 00b8 4D01     		.2byte	0x14d
 578 00ba BE000000 		.4byte	0xbe
 579 00be 06       		.uleb128 0x6
 580 00bf 81000000 		.4byte	0x81
 581 00c3 02       		.uleb128 0x2
 582 00c4 04       		.byte	0x4
 583 00c5 07       		.byte	0x7
 584 00c6 24020000 		.4byte	.LASF17
 585 00ca 07       		.uleb128 0x7
 586 00cb 25000000 		.4byte	.LASF18
 587 00cf 01       		.byte	0x1
 588 00d0 28       		.byte	0x28
 589 00d1 00000000 		.4byte	.LFB2
 590 00d5 1C000000 		.4byte	.LFE2-.LFB2
 591 00d9 01       		.uleb128 0x1
 592 00da 9C       		.byte	0x9c
 593 00db 01010000 		.4byte	0x101
 594 00df 08       		.uleb128 0x8
 595 00e0 53010000 		.4byte	.LASF20
 596 00e4 01       		.byte	0x1
 597 00e5 2A       		.byte	0x2a
 598 00e6 6B000000 		.4byte	0x6b
 599 00ea 00000000 		.4byte	.LLST0
 600 00ee 09       		.uleb128 0x9
 601 00ef 06000000 		.4byte	.LVL0
 602 00f3 A5020000 		.4byte	0x2a5
 603 00f7 09       		.uleb128 0x9
 604 00f8 16000000 		.4byte	.LVL1
 605 00fc B0020000 		.4byte	0x2b0
 606 0100 00       		.byte	0
 607 0101 07       		.uleb128 0x7
 608 0102 77020000 		.4byte	.LASF19
 609 0106 01       		.byte	0x1
 610 0107 4E       		.byte	0x4e
 611 0108 00000000 		.4byte	.LFB3
 612 010c 54000000 		.4byte	.LFE3-.LFB3
 613 0110 01       		.uleb128 0x1
 614 0111 9C       		.byte	0x9c
 615 0112 60010000 		.4byte	0x160
 616 0116 08       		.uleb128 0x8
 617 0117 53010000 		.4byte	.LASF20
 618 011b 01       		.byte	0x1
 619 011c 50       		.byte	0x50
 620 011d 6B000000 		.4byte	0x6b
 621 0121 13000000 		.4byte	.LLST1
 622 0125 0A       		.uleb128 0xa
 623 0126 40020000 		.4byte	.LASF21
 624 012a 01       		.byte	0x1
 625 012b 52       		.byte	0x52
 626 012c BE000000 		.4byte	0xbe
 627 0130 02       		.uleb128 0x2
 628 0131 91       		.byte	0x91
 629 0132 6C       		.sleb128 -20
 630 0133 09       		.uleb128 0x9
 631 0134 06000000 		.4byte	.LVL2
 632 0138 A5020000 		.4byte	0x2a5
 633 013c 0B       		.uleb128 0xb
ARM GAS  C:\Users\user\AppData\Local\Temp\ccueBMFa.s 			page 20


 634 013d 32000000 		.4byte	.LVL5
 635 0141 C1020000 		.4byte	0x2c1
 636 0145 4F010000 		.4byte	0x14f
 637 0149 0C       		.uleb128 0xc
 638 014a 01       		.uleb128 0x1
 639 014b 50       		.byte	0x50
 640 014c 01       		.uleb128 0x1
 641 014d 32       		.byte	0x32
 642 014e 00       		.byte	0
 643 014f 0D       		.uleb128 0xd
 644 0150 3E000000 		.4byte	.LVL6
 645 0154 B0020000 		.4byte	0x2b0
 646 0158 0C       		.uleb128 0xc
 647 0159 01       		.uleb128 0x1
 648 015a 50       		.byte	0x50
 649 015b 02       		.uleb128 0x2
 650 015c 75       		.byte	0x75
 651 015d 00       		.sleb128 0
 652 015e 00       		.byte	0
 653 015f 00       		.byte	0
 654 0160 07       		.uleb128 0x7
 655 0161 45000000 		.4byte	.LASF22
 656 0165 01       		.byte	0x1
 657 0166 A0       		.byte	0xa0
 658 0167 00000000 		.4byte	.LFB4
 659 016b 50000000 		.4byte	.LFE4-.LFB4
 660 016f 01       		.uleb128 0x1
 661 0170 9C       		.byte	0x9c
 662 0171 97010000 		.4byte	0x197
 663 0175 08       		.uleb128 0x8
 664 0176 53010000 		.4byte	.LASF20
 665 017a 01       		.byte	0x1
 666 017b A2       		.byte	0xa2
 667 017c 6B000000 		.4byte	0x6b
 668 0180 31000000 		.4byte	.LLST2
 669 0184 09       		.uleb128 0x9
 670 0185 06000000 		.4byte	.LVL8
 671 0189 A5020000 		.4byte	0x2a5
 672 018d 09       		.uleb128 0x9
 673 018e 3A000000 		.4byte	.LVL9
 674 0192 B0020000 		.4byte	0x2b0
 675 0196 00       		.byte	0
 676 0197 0E       		.uleb128 0xe
 677 0198 0C000000 		.4byte	.LASF23
 678 019c 01       		.byte	0x1
 679 019d 1001     		.2byte	0x110
 680 019f 00000000 		.4byte	.LFB6
 681 01a3 2C000000 		.4byte	.LFE6-.LFB6
 682 01a7 01       		.uleb128 0x1
 683 01a8 9C       		.byte	0x9c
 684 01a9 E0010000 		.4byte	0x1e0
 685 01ad 0F       		.uleb128 0xf
 686 01ae 05020000 		.4byte	.LASF31
 687 01b2 01       		.byte	0x1
 688 01b3 1001     		.2byte	0x110
 689 01b5 81000000 		.4byte	0x81
 690 01b9 44000000 		.4byte	.LLST3
ARM GAS  C:\Users\user\AppData\Local\Temp\ccueBMFa.s 			page 21


 691 01bd 10       		.uleb128 0x10
 692 01be 53010000 		.4byte	.LASF20
 693 01c2 01       		.byte	0x1
 694 01c3 1201     		.2byte	0x112
 695 01c5 6B000000 		.4byte	0x6b
 696 01c9 70000000 		.4byte	.LLST4
 697 01cd 09       		.uleb128 0x9
 698 01ce 08000000 		.4byte	.LVL11
 699 01d2 A5020000 		.4byte	0x2a5
 700 01d6 09       		.uleb128 0x9
 701 01d7 22000000 		.4byte	.LVL12
 702 01db B0020000 		.4byte	0x2b0
 703 01df 00       		.byte	0
 704 01e0 11       		.uleb128 0x11
 705 01e1 0E020000 		.4byte	.LASF32
 706 01e5 01       		.byte	0x1
 707 01e6 3201     		.2byte	0x132
 708 01e8 81000000 		.4byte	0x81
 709 01ec 00000000 		.4byte	.LFB7
 710 01f0 20000000 		.4byte	.LFE7-.LFB7
 711 01f4 01       		.uleb128 0x1
 712 01f5 9C       		.byte	0x9c
 713 01f6 0B020000 		.4byte	0x20b
 714 01fa 10       		.uleb128 0x10
 715 01fb FE010000 		.4byte	.LASF24
 716 01ff 01       		.byte	0x1
 717 0200 3401     		.2byte	0x134
 718 0202 81000000 		.4byte	0x81
 719 0206 83000000 		.4byte	.LLST5
 720 020a 00       		.byte	0
 721 020b 0E       		.uleb128 0xe
 722 020c 9D020000 		.4byte	.LASF25
 723 0210 01       		.byte	0x1
 724 0211 6101     		.2byte	0x161
 725 0213 00000000 		.4byte	.LFB8
 726 0217 34000000 		.4byte	.LFE8-.LFB8
 727 021b 01       		.uleb128 0x1
 728 021c 9C       		.byte	0x9c
 729 021d 44020000 		.4byte	0x244
 730 0221 10       		.uleb128 0x10
 731 0222 53010000 		.4byte	.LASF20
 732 0226 01       		.byte	0x1
 733 0227 6301     		.2byte	0x163
 734 0229 6B000000 		.4byte	0x6b
 735 022d BA000000 		.4byte	.LLST6
 736 0231 09       		.uleb128 0x9
 737 0232 06000000 		.4byte	.LVL18
 738 0236 A5020000 		.4byte	0x2a5
 739 023a 09       		.uleb128 0x9
 740 023b 26000000 		.4byte	.LVL19
 741 023f B0020000 		.4byte	0x2b0
 742 0243 00       		.byte	0
 743 0244 07       		.uleb128 0x7
 744 0245 7A010000 		.4byte	.LASF26
 745 0249 01       		.byte	0x1
 746 024a DD       		.byte	0xdd
 747 024b 00000000 		.4byte	.LFB5
ARM GAS  C:\Users\user\AppData\Local\Temp\ccueBMFa.s 			page 22


 748 024f 30000000 		.4byte	.LFE5-.LFB5
 749 0253 01       		.uleb128 0x1
 750 0254 9C       		.byte	0x9c
 751 0255 6C020000 		.4byte	0x26c
 752 0259 09       		.uleb128 0x9
 753 025a 08000000 		.4byte	.LVL20
 754 025e A5020000 		.4byte	0x2a5
 755 0262 09       		.uleb128 0x9
 756 0263 1A000000 		.4byte	.LVL21
 757 0267 0B020000 		.4byte	0x20b
 758 026b 00       		.byte	0
 759 026c 0E       		.uleb128 0xe
 760 026d 8D010000 		.4byte	.LASF27
 761 0271 01       		.byte	0x1
 762 0272 9101     		.2byte	0x191
 763 0274 00000000 		.4byte	.LFB9
 764 0278 30000000 		.4byte	.LFE9-.LFB9
 765 027c 01       		.uleb128 0x1
 766 027d 9C       		.byte	0x9c
 767 027e A5020000 		.4byte	0x2a5
 768 0282 10       		.uleb128 0x10
 769 0283 53010000 		.4byte	.LASF20
 770 0287 01       		.byte	0x1
 771 0288 9301     		.2byte	0x193
 772 028a 6B000000 		.4byte	0x6b
 773 028e CD000000 		.4byte	.LLST7
 774 0292 09       		.uleb128 0x9
 775 0293 06000000 		.4byte	.LVL22
 776 0297 A5020000 		.4byte	0x2a5
 777 029b 09       		.uleb128 0x9
 778 029c 24000000 		.4byte	.LVL23
 779 02a0 B0020000 		.4byte	0x2b0
 780 02a4 00       		.byte	0
 781 02a5 12       		.uleb128 0x12
 782 02a6 AD010000 		.4byte	.LASF33
 783 02aa 03       		.byte	0x3
 784 02ab 82       		.byte	0x82
 785 02ac 6B000000 		.4byte	0x6b
 786 02b0 13       		.uleb128 0x13
 787 02b1 D1010000 		.4byte	.LASF34
 788 02b5 03       		.byte	0x3
 789 02b6 83       		.byte	0x83
 790 02b7 C1020000 		.4byte	0x2c1
 791 02bb 14       		.uleb128 0x14
 792 02bc 6B000000 		.4byte	0x6b
 793 02c0 00       		.byte	0
 794 02c1 15       		.uleb128 0x15
 795 02c2 E7010000 		.4byte	.LASF35
 796 02c6 03       		.byte	0x3
 797 02c7 2C       		.byte	0x2c
 798 02c8 14       		.uleb128 0x14
 799 02c9 81000000 		.4byte	0x81
 800 02cd 00       		.byte	0
 801 02ce 00       		.byte	0
 802              		.section	.debug_abbrev,"",%progbits
 803              	.Ldebug_abbrev0:
 804 0000 01       		.uleb128 0x1
ARM GAS  C:\Users\user\AppData\Local\Temp\ccueBMFa.s 			page 23


 805 0001 11       		.uleb128 0x11
 806 0002 01       		.byte	0x1
 807 0003 25       		.uleb128 0x25
 808 0004 0E       		.uleb128 0xe
 809 0005 13       		.uleb128 0x13
 810 0006 0B       		.uleb128 0xb
 811 0007 03       		.uleb128 0x3
 812 0008 0E       		.uleb128 0xe
 813 0009 1B       		.uleb128 0x1b
 814 000a 0E       		.uleb128 0xe
 815 000b 55       		.uleb128 0x55
 816 000c 17       		.uleb128 0x17
 817 000d 11       		.uleb128 0x11
 818 000e 01       		.uleb128 0x1
 819 000f 10       		.uleb128 0x10
 820 0010 17       		.uleb128 0x17
 821 0011 00       		.byte	0
 822 0012 00       		.byte	0
 823 0013 02       		.uleb128 0x2
 824 0014 24       		.uleb128 0x24
 825 0015 00       		.byte	0
 826 0016 0B       		.uleb128 0xb
 827 0017 0B       		.uleb128 0xb
 828 0018 3E       		.uleb128 0x3e
 829 0019 0B       		.uleb128 0xb
 830 001a 03       		.uleb128 0x3
 831 001b 0E       		.uleb128 0xe
 832 001c 00       		.byte	0
 833 001d 00       		.byte	0
 834 001e 03       		.uleb128 0x3
 835 001f 24       		.uleb128 0x24
 836 0020 00       		.byte	0
 837 0021 0B       		.uleb128 0xb
 838 0022 0B       		.uleb128 0xb
 839 0023 3E       		.uleb128 0x3e
 840 0024 0B       		.uleb128 0xb
 841 0025 03       		.uleb128 0x3
 842 0026 08       		.uleb128 0x8
 843 0027 00       		.byte	0
 844 0028 00       		.byte	0
 845 0029 04       		.uleb128 0x4
 846 002a 16       		.uleb128 0x16
 847 002b 00       		.byte	0
 848 002c 03       		.uleb128 0x3
 849 002d 0E       		.uleb128 0xe
 850 002e 3A       		.uleb128 0x3a
 851 002f 0B       		.uleb128 0xb
 852 0030 3B       		.uleb128 0x3b
 853 0031 0B       		.uleb128 0xb
 854 0032 49       		.uleb128 0x49
 855 0033 13       		.uleb128 0x13
 856 0034 00       		.byte	0
 857 0035 00       		.byte	0
 858 0036 05       		.uleb128 0x5
 859 0037 16       		.uleb128 0x16
 860 0038 00       		.byte	0
 861 0039 03       		.uleb128 0x3
ARM GAS  C:\Users\user\AppData\Local\Temp\ccueBMFa.s 			page 24


 862 003a 0E       		.uleb128 0xe
 863 003b 3A       		.uleb128 0x3a
 864 003c 0B       		.uleb128 0xb
 865 003d 3B       		.uleb128 0x3b
 866 003e 05       		.uleb128 0x5
 867 003f 49       		.uleb128 0x49
 868 0040 13       		.uleb128 0x13
 869 0041 00       		.byte	0
 870 0042 00       		.byte	0
 871 0043 06       		.uleb128 0x6
 872 0044 35       		.uleb128 0x35
 873 0045 00       		.byte	0
 874 0046 49       		.uleb128 0x49
 875 0047 13       		.uleb128 0x13
 876 0048 00       		.byte	0
 877 0049 00       		.byte	0
 878 004a 07       		.uleb128 0x7
 879 004b 2E       		.uleb128 0x2e
 880 004c 01       		.byte	0x1
 881 004d 3F       		.uleb128 0x3f
 882 004e 19       		.uleb128 0x19
 883 004f 03       		.uleb128 0x3
 884 0050 0E       		.uleb128 0xe
 885 0051 3A       		.uleb128 0x3a
 886 0052 0B       		.uleb128 0xb
 887 0053 3B       		.uleb128 0x3b
 888 0054 0B       		.uleb128 0xb
 889 0055 27       		.uleb128 0x27
 890 0056 19       		.uleb128 0x19
 891 0057 11       		.uleb128 0x11
 892 0058 01       		.uleb128 0x1
 893 0059 12       		.uleb128 0x12
 894 005a 06       		.uleb128 0x6
 895 005b 40       		.uleb128 0x40
 896 005c 18       		.uleb128 0x18
 897 005d 9742     		.uleb128 0x2117
 898 005f 19       		.uleb128 0x19
 899 0060 01       		.uleb128 0x1
 900 0061 13       		.uleb128 0x13
 901 0062 00       		.byte	0
 902 0063 00       		.byte	0
 903 0064 08       		.uleb128 0x8
 904 0065 34       		.uleb128 0x34
 905 0066 00       		.byte	0
 906 0067 03       		.uleb128 0x3
 907 0068 0E       		.uleb128 0xe
 908 0069 3A       		.uleb128 0x3a
 909 006a 0B       		.uleb128 0xb
 910 006b 3B       		.uleb128 0x3b
 911 006c 0B       		.uleb128 0xb
 912 006d 49       		.uleb128 0x49
 913 006e 13       		.uleb128 0x13
 914 006f 02       		.uleb128 0x2
 915 0070 17       		.uleb128 0x17
 916 0071 00       		.byte	0
 917 0072 00       		.byte	0
 918 0073 09       		.uleb128 0x9
ARM GAS  C:\Users\user\AppData\Local\Temp\ccueBMFa.s 			page 25


 919 0074 898201   		.uleb128 0x4109
 920 0077 00       		.byte	0
 921 0078 11       		.uleb128 0x11
 922 0079 01       		.uleb128 0x1
 923 007a 31       		.uleb128 0x31
 924 007b 13       		.uleb128 0x13
 925 007c 00       		.byte	0
 926 007d 00       		.byte	0
 927 007e 0A       		.uleb128 0xa
 928 007f 34       		.uleb128 0x34
 929 0080 00       		.byte	0
 930 0081 03       		.uleb128 0x3
 931 0082 0E       		.uleb128 0xe
 932 0083 3A       		.uleb128 0x3a
 933 0084 0B       		.uleb128 0xb
 934 0085 3B       		.uleb128 0x3b
 935 0086 0B       		.uleb128 0xb
 936 0087 49       		.uleb128 0x49
 937 0088 13       		.uleb128 0x13
 938 0089 02       		.uleb128 0x2
 939 008a 18       		.uleb128 0x18
 940 008b 00       		.byte	0
 941 008c 00       		.byte	0
 942 008d 0B       		.uleb128 0xb
 943 008e 898201   		.uleb128 0x4109
 944 0091 01       		.byte	0x1
 945 0092 11       		.uleb128 0x11
 946 0093 01       		.uleb128 0x1
 947 0094 31       		.uleb128 0x31
 948 0095 13       		.uleb128 0x13
 949 0096 01       		.uleb128 0x1
 950 0097 13       		.uleb128 0x13
 951 0098 00       		.byte	0
 952 0099 00       		.byte	0
 953 009a 0C       		.uleb128 0xc
 954 009b 8A8201   		.uleb128 0x410a
 955 009e 00       		.byte	0
 956 009f 02       		.uleb128 0x2
 957 00a0 18       		.uleb128 0x18
 958 00a1 9142     		.uleb128 0x2111
 959 00a3 18       		.uleb128 0x18
 960 00a4 00       		.byte	0
 961 00a5 00       		.byte	0
 962 00a6 0D       		.uleb128 0xd
 963 00a7 898201   		.uleb128 0x4109
 964 00aa 01       		.byte	0x1
 965 00ab 11       		.uleb128 0x11
 966 00ac 01       		.uleb128 0x1
 967 00ad 31       		.uleb128 0x31
 968 00ae 13       		.uleb128 0x13
 969 00af 00       		.byte	0
 970 00b0 00       		.byte	0
 971 00b1 0E       		.uleb128 0xe
 972 00b2 2E       		.uleb128 0x2e
 973 00b3 01       		.byte	0x1
 974 00b4 3F       		.uleb128 0x3f
 975 00b5 19       		.uleb128 0x19
ARM GAS  C:\Users\user\AppData\Local\Temp\ccueBMFa.s 			page 26


 976 00b6 03       		.uleb128 0x3
 977 00b7 0E       		.uleb128 0xe
 978 00b8 3A       		.uleb128 0x3a
 979 00b9 0B       		.uleb128 0xb
 980 00ba 3B       		.uleb128 0x3b
 981 00bb 05       		.uleb128 0x5
 982 00bc 27       		.uleb128 0x27
 983 00bd 19       		.uleb128 0x19
 984 00be 11       		.uleb128 0x11
 985 00bf 01       		.uleb128 0x1
 986 00c0 12       		.uleb128 0x12
 987 00c1 06       		.uleb128 0x6
 988 00c2 40       		.uleb128 0x40
 989 00c3 18       		.uleb128 0x18
 990 00c4 9742     		.uleb128 0x2117
 991 00c6 19       		.uleb128 0x19
 992 00c7 01       		.uleb128 0x1
 993 00c8 13       		.uleb128 0x13
 994 00c9 00       		.byte	0
 995 00ca 00       		.byte	0
 996 00cb 0F       		.uleb128 0xf
 997 00cc 05       		.uleb128 0x5
 998 00cd 00       		.byte	0
 999 00ce 03       		.uleb128 0x3
 1000 00cf 0E       		.uleb128 0xe
 1001 00d0 3A       		.uleb128 0x3a
 1002 00d1 0B       		.uleb128 0xb
 1003 00d2 3B       		.uleb128 0x3b
 1004 00d3 05       		.uleb128 0x5
 1005 00d4 49       		.uleb128 0x49
 1006 00d5 13       		.uleb128 0x13
 1007 00d6 02       		.uleb128 0x2
 1008 00d7 17       		.uleb128 0x17
 1009 00d8 00       		.byte	0
 1010 00d9 00       		.byte	0
 1011 00da 10       		.uleb128 0x10
 1012 00db 34       		.uleb128 0x34
 1013 00dc 00       		.byte	0
 1014 00dd 03       		.uleb128 0x3
 1015 00de 0E       		.uleb128 0xe
 1016 00df 3A       		.uleb128 0x3a
 1017 00e0 0B       		.uleb128 0xb
 1018 00e1 3B       		.uleb128 0x3b
 1019 00e2 05       		.uleb128 0x5
 1020 00e3 49       		.uleb128 0x49
 1021 00e4 13       		.uleb128 0x13
 1022 00e5 02       		.uleb128 0x2
 1023 00e6 17       		.uleb128 0x17
 1024 00e7 00       		.byte	0
 1025 00e8 00       		.byte	0
 1026 00e9 11       		.uleb128 0x11
 1027 00ea 2E       		.uleb128 0x2e
 1028 00eb 01       		.byte	0x1
 1029 00ec 3F       		.uleb128 0x3f
 1030 00ed 19       		.uleb128 0x19
 1031 00ee 03       		.uleb128 0x3
 1032 00ef 0E       		.uleb128 0xe
ARM GAS  C:\Users\user\AppData\Local\Temp\ccueBMFa.s 			page 27


 1033 00f0 3A       		.uleb128 0x3a
 1034 00f1 0B       		.uleb128 0xb
 1035 00f2 3B       		.uleb128 0x3b
 1036 00f3 05       		.uleb128 0x5
 1037 00f4 27       		.uleb128 0x27
 1038 00f5 19       		.uleb128 0x19
 1039 00f6 49       		.uleb128 0x49
 1040 00f7 13       		.uleb128 0x13
 1041 00f8 11       		.uleb128 0x11
 1042 00f9 01       		.uleb128 0x1
 1043 00fa 12       		.uleb128 0x12
 1044 00fb 06       		.uleb128 0x6
 1045 00fc 40       		.uleb128 0x40
 1046 00fd 18       		.uleb128 0x18
 1047 00fe 9742     		.uleb128 0x2117
 1048 0100 19       		.uleb128 0x19
 1049 0101 01       		.uleb128 0x1
 1050 0102 13       		.uleb128 0x13
 1051 0103 00       		.byte	0
 1052 0104 00       		.byte	0
 1053 0105 12       		.uleb128 0x12
 1054 0106 2E       		.uleb128 0x2e
 1055 0107 00       		.byte	0
 1056 0108 3F       		.uleb128 0x3f
 1057 0109 19       		.uleb128 0x19
 1058 010a 03       		.uleb128 0x3
 1059 010b 0E       		.uleb128 0xe
 1060 010c 3A       		.uleb128 0x3a
 1061 010d 0B       		.uleb128 0xb
 1062 010e 3B       		.uleb128 0x3b
 1063 010f 0B       		.uleb128 0xb
 1064 0110 27       		.uleb128 0x27
 1065 0111 19       		.uleb128 0x19
 1066 0112 49       		.uleb128 0x49
 1067 0113 13       		.uleb128 0x13
 1068 0114 3C       		.uleb128 0x3c
 1069 0115 19       		.uleb128 0x19
 1070 0116 00       		.byte	0
 1071 0117 00       		.byte	0
 1072 0118 13       		.uleb128 0x13
 1073 0119 2E       		.uleb128 0x2e
 1074 011a 01       		.byte	0x1
 1075 011b 3F       		.uleb128 0x3f
 1076 011c 19       		.uleb128 0x19
 1077 011d 03       		.uleb128 0x3
 1078 011e 0E       		.uleb128 0xe
 1079 011f 3A       		.uleb128 0x3a
 1080 0120 0B       		.uleb128 0xb
 1081 0121 3B       		.uleb128 0x3b
 1082 0122 0B       		.uleb128 0xb
 1083 0123 27       		.uleb128 0x27
 1084 0124 19       		.uleb128 0x19
 1085 0125 3C       		.uleb128 0x3c
 1086 0126 19       		.uleb128 0x19
 1087 0127 01       		.uleb128 0x1
 1088 0128 13       		.uleb128 0x13
 1089 0129 00       		.byte	0
ARM GAS  C:\Users\user\AppData\Local\Temp\ccueBMFa.s 			page 28


 1090 012a 00       		.byte	0
 1091 012b 14       		.uleb128 0x14
 1092 012c 05       		.uleb128 0x5
 1093 012d 00       		.byte	0
 1094 012e 49       		.uleb128 0x49
 1095 012f 13       		.uleb128 0x13
 1096 0130 00       		.byte	0
 1097 0131 00       		.byte	0
 1098 0132 15       		.uleb128 0x15
 1099 0133 2E       		.uleb128 0x2e
 1100 0134 01       		.byte	0x1
 1101 0135 3F       		.uleb128 0x3f
 1102 0136 19       		.uleb128 0x19
 1103 0137 03       		.uleb128 0x3
 1104 0138 0E       		.uleb128 0xe
 1105 0139 3A       		.uleb128 0x3a
 1106 013a 0B       		.uleb128 0xb
 1107 013b 3B       		.uleb128 0x3b
 1108 013c 0B       		.uleb128 0xb
 1109 013d 27       		.uleb128 0x27
 1110 013e 19       		.uleb128 0x19
 1111 013f 3C       		.uleb128 0x3c
 1112 0140 19       		.uleb128 0x19
 1113 0141 00       		.byte	0
 1114 0142 00       		.byte	0
 1115 0143 00       		.byte	0
 1116              		.section	.debug_loc,"",%progbits
 1117              	.Ldebug_loc0:
 1118              	.LLST0:
 1119 0000 06000000 		.4byte	.LVL0
 1120 0004 15000000 		.4byte	.LVL1-1
 1121 0008 0100     		.2byte	0x1
 1122 000a 50       		.byte	0x50
 1123 000b 00000000 		.4byte	0
 1124 000f 00000000 		.4byte	0
 1125              	.LLST1:
 1126 0013 18000000 		.4byte	.LVL3
 1127 0017 24000000 		.4byte	.LVL4
 1128 001b 0100     		.2byte	0x1
 1129 001d 50       		.byte	0x50
 1130 001e 24000000 		.4byte	.LVL4
 1131 0022 3E000000 		.4byte	.LVL7
 1132 0026 0100     		.2byte	0x1
 1133 0028 55       		.byte	0x55
 1134 0029 00000000 		.4byte	0
 1135 002d 00000000 		.4byte	0
 1136              	.LLST2:
 1137 0031 06000000 		.4byte	.LVL8
 1138 0035 39000000 		.4byte	.LVL9-1
 1139 0039 0100     		.2byte	0x1
 1140 003b 50       		.byte	0x50
 1141 003c 00000000 		.4byte	0
 1142 0040 00000000 		.4byte	0
 1143              	.LLST3:
 1144 0044 00000000 		.4byte	.LVL10
 1145 0048 07000000 		.4byte	.LVL11-1
 1146 004c 0100     		.2byte	0x1
ARM GAS  C:\Users\user\AppData\Local\Temp\ccueBMFa.s 			page 29


 1147 004e 50       		.byte	0x50
 1148 004f 07000000 		.4byte	.LVL11-1
 1149 0053 22000000 		.4byte	.LVL13
 1150 0057 0100     		.2byte	0x1
 1151 0059 54       		.byte	0x54
 1152 005a 22000000 		.4byte	.LVL13
 1153 005e 2C000000 		.4byte	.LFE6
 1154 0062 0400     		.2byte	0x4
 1155 0064 F3       		.byte	0xf3
 1156 0065 01       		.uleb128 0x1
 1157 0066 50       		.byte	0x50
 1158 0067 9F       		.byte	0x9f
 1159 0068 00000000 		.4byte	0
 1160 006c 00000000 		.4byte	0
 1161              	.LLST4:
 1162 0070 08000000 		.4byte	.LVL11
 1163 0074 21000000 		.4byte	.LVL12-1
 1164 0078 0100     		.2byte	0x1
 1165 007a 50       		.byte	0x50
 1166 007b 00000000 		.4byte	0
 1167 007f 00000000 		.4byte	0
 1168              	.LLST5:
 1169 0083 00000000 		.4byte	.LVL14
 1170 0087 14000000 		.4byte	.LVL15
 1171 008b 0200     		.2byte	0x2
 1172 008d 30       		.byte	0x30
 1173 008e 9F       		.byte	0x9f
 1174 008f 14000000 		.4byte	.LVL15
 1175 0093 18000000 		.4byte	.LVL16
 1176 0097 0200     		.2byte	0x2
 1177 0099 32       		.byte	0x32
 1178 009a 9F       		.byte	0x9f
 1179 009b 18000000 		.4byte	.LVL16
 1180 009f 1A000000 		.4byte	.LVL17
 1181 00a3 0200     		.2byte	0x2
 1182 00a5 33       		.byte	0x33
 1183 00a6 9F       		.byte	0x9f
 1184 00a7 1A000000 		.4byte	.LVL17
 1185 00ab 20000000 		.4byte	.LFE7
 1186 00af 0100     		.2byte	0x1
 1187 00b1 50       		.byte	0x50
 1188 00b2 00000000 		.4byte	0
 1189 00b6 00000000 		.4byte	0
 1190              	.LLST6:
 1191 00ba 06000000 		.4byte	.LVL18
 1192 00be 25000000 		.4byte	.LVL19-1
 1193 00c2 0100     		.2byte	0x1
 1194 00c4 50       		.byte	0x50
 1195 00c5 00000000 		.4byte	0
 1196 00c9 00000000 		.4byte	0
 1197              	.LLST7:
 1198 00cd 06000000 		.4byte	.LVL22
 1199 00d1 23000000 		.4byte	.LVL23-1
 1200 00d5 0100     		.2byte	0x1
 1201 00d7 50       		.byte	0x50
 1202 00d8 00000000 		.4byte	0
 1203 00dc 00000000 		.4byte	0
ARM GAS  C:\Users\user\AppData\Local\Temp\ccueBMFa.s 			page 30


 1204              		.section	.debug_aranges,"",%progbits
 1205 0000 54000000 		.4byte	0x54
 1206 0004 0200     		.2byte	0x2
 1207 0006 00000000 		.4byte	.Ldebug_info0
 1208 000a 04       		.byte	0x4
 1209 000b 00       		.byte	0
 1210 000c 0000     		.2byte	0
 1211 000e 0000     		.2byte	0
 1212 0010 00000000 		.4byte	.LFB2
 1213 0014 1C000000 		.4byte	.LFE2-.LFB2
 1214 0018 00000000 		.4byte	.LFB3
 1215 001c 54000000 		.4byte	.LFE3-.LFB3
 1216 0020 00000000 		.4byte	.LFB4
 1217 0024 50000000 		.4byte	.LFE4-.LFB4
 1218 0028 00000000 		.4byte	.LFB6
 1219 002c 2C000000 		.4byte	.LFE6-.LFB6
 1220 0030 00000000 		.4byte	.LFB7
 1221 0034 20000000 		.4byte	.LFE7-.LFB7
 1222 0038 00000000 		.4byte	.LFB8
 1223 003c 34000000 		.4byte	.LFE8-.LFB8
 1224 0040 00000000 		.4byte	.LFB5
 1225 0044 30000000 		.4byte	.LFE5-.LFB5
 1226 0048 00000000 		.4byte	.LFB9
 1227 004c 30000000 		.4byte	.LFE9-.LFB9
 1228 0050 00000000 		.4byte	0
 1229 0054 00000000 		.4byte	0
 1230              		.section	.debug_ranges,"",%progbits
 1231              	.Ldebug_ranges0:
 1232 0000 00000000 		.4byte	.LFB2
 1233 0004 1C000000 		.4byte	.LFE2
 1234 0008 00000000 		.4byte	.LFB3
 1235 000c 54000000 		.4byte	.LFE3
 1236 0010 00000000 		.4byte	.LFB4
 1237 0014 50000000 		.4byte	.LFE4
 1238 0018 00000000 		.4byte	.LFB6
 1239 001c 2C000000 		.4byte	.LFE6
 1240 0020 00000000 		.4byte	.LFB7
 1241 0024 20000000 		.4byte	.LFE7
 1242 0028 00000000 		.4byte	.LFB8
 1243 002c 34000000 		.4byte	.LFE8
 1244 0030 00000000 		.4byte	.LFB5
 1245 0034 30000000 		.4byte	.LFE5
 1246 0038 00000000 		.4byte	.LFB9
 1247 003c 30000000 		.4byte	.LFE9
 1248 0040 00000000 		.4byte	0
 1249 0044 00000000 		.4byte	0
 1250              		.section	.debug_line,"",%progbits
 1251              	.Ldebug_line0:
 1252 0000 40010000 		.section	.debug_str,"MS",%progbits,1
 1252      02004E00 
 1252      00000201 
 1252      FB0E0D00 
 1252      01010101 
 1253              	.LASF15:
 1254 0000 72656731 		.ascii	"reg16\000"
 1254      3600
 1255              	.LASF16:
ARM GAS  C:\Users\user\AppData\Local\Temp\ccueBMFa.s 			page 31


 1256 0006 72656733 		.ascii	"reg32\000"
 1256      3200
 1257              	.LASF23:
 1258 000c 43795379 		.ascii	"CySysPmSetWakeupPolarity\000"
 1258      73506D53 
 1258      65745761 
 1258      6B657570 
 1258      506F6C61 
 1259              	.LASF18:
 1260 0025 43795379 		.ascii	"CySysPmSleep\000"
 1260      73506D53 
 1260      6C656570 
 1260      00
 1261              	.LASF3:
 1262 0032 73686F72 		.ascii	"short unsigned int\000"
 1262      7420756E 
 1262      7369676E 
 1262      65642069 
 1262      6E7400
 1263              	.LASF22:
 1264 0045 43795379 		.ascii	"CySysPmHibernate\000"
 1264      73506D48 
 1264      69626572 
 1264      6E617465 
 1264      00
 1265              	.LASF30:
 1266 0056 433A5C55 		.ascii	"C:\\Users\\user\\Desktop\\ahmed project\\Connection"
 1266      73657273 
 1266      5C757365 
 1266      725C4465 
 1266      736B746F 
 1267 0084 5F506172 		.ascii	"_Parameters\\Connection_Parameters.cydsn\000"
 1267      616D6574 
 1267      6572735C 
 1267      436F6E6E 
 1267      65637469 
 1268              	.LASF28:
 1269 00ac 474E5520 		.ascii	"GNU C 4.8.4 20140526 (release) [ARM/embedded-4_8-br"
 1269      4320342E 
 1269      382E3420 
 1269      32303134 
 1269      30353236 
 1270 00df 616E6368 		.ascii	"anch revision 211358] -mcpu=cortex-m0 -mthumb -g -O"
 1270      20726576 
 1270      6973696F 
 1270      6E203231 
 1270      31333538 
 1271 0112 73202D66 		.ascii	"s -ffunction-sections\000"
 1271      66756E63 
 1271      74696F6E 
 1271      2D736563 
 1271      74696F6E 
 1272              	.LASF12:
 1273 0128 666C6F61 		.ascii	"float\000"
 1273      7400
 1274              	.LASF7:
 1275 012e 6C6F6E67 		.ascii	"long long unsigned int\000"
ARM GAS  C:\Users\user\AppData\Local\Temp\ccueBMFa.s 			page 32


 1275      206C6F6E 
 1275      6720756E 
 1275      7369676E 
 1275      65642069 
 1276              	.LASF1:
 1277 0145 756E7369 		.ascii	"unsigned char\000"
 1277      676E6564 
 1277      20636861 
 1277      7200
 1278              	.LASF20:
 1279 0153 696E7465 		.ascii	"interruptState\000"
 1279      72727570 
 1279      74537461 
 1279      746500
 1280              	.LASF5:
 1281 0162 6C6F6E67 		.ascii	"long unsigned int\000"
 1281      20756E73 
 1281      69676E65 
 1281      6420696E 
 1281      7400
 1282              	.LASF9:
 1283 0174 75696E74 		.ascii	"uint8\000"
 1283      3800
 1284              	.LASF26:
 1285 017a 43795379 		.ascii	"CySysPmStop\000"
 1285      73506D53 
 1285      746F7000 
 1286              	.LASF13:
 1287 0186 646F7562 		.ascii	"double\000"
 1287      6C6500
 1288              	.LASF27:
 1289 018d 43795379 		.ascii	"CySysPmUnfreezeIo\000"
 1289      73506D55 
 1289      6E667265 
 1289      657A6549 
 1289      6F00
 1290              	.LASF10:
 1291 019f 75696E74 		.ascii	"uint16\000"
 1291      313600
 1292              	.LASF11:
 1293 01a6 75696E74 		.ascii	"uint32\000"
 1293      333200
 1294              	.LASF33:
 1295 01ad 4379456E 		.ascii	"CyEnterCriticalSection\000"
 1295      74657243 
 1295      72697469 
 1295      63616C53 
 1295      65637469 
 1296              	.LASF8:
 1297 01c4 756E7369 		.ascii	"unsigned int\000"
 1297      676E6564 
 1297      20696E74 
 1297      00
 1298              	.LASF34:
 1299 01d1 43794578 		.ascii	"CyExitCriticalSection\000"
 1299      69744372 
 1299      69746963 
ARM GAS  C:\Users\user\AppData\Local\Temp\ccueBMFa.s 			page 33


 1299      616C5365 
 1299      6374696F 
 1300              	.LASF35:
 1301 01e7 43795379 		.ascii	"CySysClkWriteSysclkDiv\000"
 1301      73436C6B 
 1301      57726974 
 1301      65537973 
 1301      636C6B44 
 1302              	.LASF24:
 1303 01fe 72656173 		.ascii	"reason\000"
 1303      6F6E00
 1304              	.LASF31:
 1305 0205 706F6C61 		.ascii	"polarity\000"
 1305      72697479 
 1305      00
 1306              	.LASF32:
 1307 020e 43795379 		.ascii	"CySysPmGetResetReason\000"
 1307      73506D47 
 1307      65745265 
 1307      73657452 
 1307      6561736F 
 1308              	.LASF17:
 1309 0224 73697A65 		.ascii	"sizetype\000"
 1309      74797065 
 1309      00
 1310              	.LASF6:
 1311 022d 6C6F6E67 		.ascii	"long long int\000"
 1311      206C6F6E 
 1311      6720696E 
 1311      7400
 1312              	.LASF14:
 1313 023b 63686172 		.ascii	"char\000"
 1313      00
 1314              	.LASF21:
 1315 0240 636C6B53 		.ascii	"clkSelectReg\000"
 1315      656C6563 
 1315      74526567 
 1315      00
 1316              	.LASF29:
 1317 024d 2E5C4765 		.ascii	".\\Generated_Source\\PSoC4\\cyPm.c\000"
 1317      6E657261 
 1317      7465645F 
 1317      536F7572 
 1317      63655C50 
 1318              	.LASF2:
 1319 026d 73686F72 		.ascii	"short int\000"
 1319      7420696E 
 1319      7400
 1320              	.LASF19:
 1321 0277 43795379 		.ascii	"CySysPmDeepSleep\000"
 1321      73506D44 
 1321      65657053 
 1321      6C656570 
 1321      00
 1322              	.LASF4:
 1323 0288 6C6F6E67 		.ascii	"long int\000"
 1323      20696E74 
ARM GAS  C:\Users\user\AppData\Local\Temp\ccueBMFa.s 			page 34


 1323      00
 1324              	.LASF0:
 1325 0291 7369676E 		.ascii	"signed char\000"
 1325      65642063 
 1325      68617200 
 1326              	.LASF25:
 1327 029d 43795379 		.ascii	"CySysPmFreezeIo\000"
 1327      73506D46 
 1327      7265657A 
 1327      65496F00 
 1328              		.ident	"GCC: (GNU Tools for ARM Embedded Processors) 4.8.4 20140526 (release) [ARM/embedded-4_8-br
